2024-12-17-00-02 [ConnectionMonitorThread-7-thread-1] [INFO] [CommonDefault]  - serviceOnConnections(localhost:11200) size[1], CONNECTION_THRESHOLD[3].
 2024-12-17-00-05 [ConnectionMonitorThread-7-thread-1] [INFO] [CommonDefault]  - serviceOnConnections(localhost:11200) size[1], CONNECTION_THRESHOLD[3].
 2024-12-17-00-08 [ConnectionMonitorThread-7-thread-1] [INFO] [CommonDefault]  - serviceOnConnections(localhost:11200) size[1], CONNECTION_THRESHOLD[3].
 2024-12-17-00-11 [ConnectionMonitorThread-7-thread-1] [INFO] [CommonDefault]  - serviceOnConnections(localhost:11200) size[1], CONNECTION_THRESHOLD[3].
 2024-12-17-00-14 [ConnectionMonitorThread-7-thread-1] [INFO] [CommonDefault]  - serviceOnConnections(localhost:11200) size[1], CONNECTION_THRESHOLD[3].
 2024-12-17-00-17 [ConnectionMonitorThread-7-thread-1] [INFO] [CommonDefault]  - serviceOnConnections(localhost:11200) size[1], CONNECTION_THRESHOLD[3].
 2024-12-17-00-20 [ConnectionMonitorThread-7-thread-1] [INFO] [CommonDefault]  - serviceOnConnections(localhost:11200) size[1], CONNECTION_THRESHOLD[3].
 2024-12-17-00-23 [ConnectionMonitorThread-7-thread-1] [INFO] [CommonDefault]  - serviceOnConnections(localhost:11200) size[1], CONNECTION_THRESHOLD[3].
 2024-12-17-00-26 [ConnectionMonitorThread-7-thread-1] [INFO] [CommonDefault]  - serviceOnConnections(localhost:11200) size[1], CONNECTION_THRESHOLD[3].
 2024-12-17-00-29 [ConnectionMonitorThread-7-thread-1] [INFO] [CommonDefault]  - serviceOnConnections(localhost:11200) size[1], CONNECTION_THRESHOLD[3].
 2024-12-17-00-32 [auto-certificate-service-daemon-1] [INFO] [com.wechat.pay.java.core.certificate.AutoCertificateService]  - Begin update Certificates. total updates: 74
 2024-12-17-00-32 [auto-certificate-service-daemon-1] [INFO] [com.wechat.pay.java.core.certificate.AutoCertificateService]  - update wechatpay certificate 1645631772-RSA done
 2024-12-17-00-32 [ConnectionMonitorThread-7-thread-1] [INFO] [CommonDefault]  - serviceOnConnections(localhost:11200) size[1], CONNECTION_THRESHOLD[3].
 2024-12-17-00-35 [ConnectionMonitorThread-7-thread-1] [INFO] [CommonDefault]  - serviceOnConnections(localhost:11200) size[1], CONNECTION_THRESHOLD[3].
 2024-12-17-00-38 [ConnectionMonitorThread-7-thread-1] [INFO] [CommonDefault]  - serviceOnConnections(localhost:11200) size[1], CONNECTION_THRESHOLD[3].
 2024-12-17-00-41 [ConnectionMonitorThread-7-thread-1] [INFO] [CommonDefault]  - serviceOnConnections(localhost:11200) size[1], CONNECTION_THRESHOLD[3].
 2024-12-17-00-44 [ConnectionMonitorThread-7-thread-1] [INFO] [CommonDefault]  - serviceOnConnections(localhost:11200) size[1], CONNECTION_THRESHOLD[3].
 2024-12-17-00-47 [ConnectionMonitorThread-7-thread-1] [INFO] [CommonDefault]  - serviceOnConnections(localhost:11200) size[1], CONNECTION_THRESHOLD[3].
 2024-12-17-00-50 [ConnectionMonitorThread-7-thread-1] [INFO] [CommonDefault]  - serviceOnConnections(localhost:11200) size[1], CONNECTION_THRESHOLD[3].
 2024-12-17-00-53 [ConnectionMonitorThread-7-thread-1] [INFO] [CommonDefault]  - serviceOnConnections(localhost:11200) size[1], CONNECTION_THRESHOLD[3].
 2024-12-17-00-56 [ConnectionMonitorThread-7-thread-1] [INFO] [CommonDefault]  - serviceOnConnections(localhost:11200) size[1], CONNECTION_THRESHOLD[3].
 2024-12-17-00-59 [ConnectionMonitorThread-7-thread-1] [INFO] [CommonDefault]  - serviceOnConnections(localhost:11200) size[1], CONNECTION_THRESHOLD[3].
 2024-12-17-01-02 [ConnectionMonitorThread-7-thread-1] [INFO] [CommonDefault]  - serviceOnConnections(localhost:11200) size[1], CONNECTION_THRESHOLD[3].
 2024-12-17-01-05 [ConnectionMonitorThread-7-thread-1] [INFO] [CommonDefault]  - serviceOnConnections(localhost:11200) size[1], CONNECTION_THRESHOLD[3].
 2024-12-17-01-08 [ConnectionMonitorThread-7-thread-1] [INFO] [CommonDefault]  - serviceOnConnections(localhost:11200) size[1], CONNECTION_THRESHOLD[3].
 2024-12-17-01-11 [ConnectionMonitorThread-7-thread-1] [INFO] [CommonDefault]  - serviceOnConnections(localhost:11200) size[1], CONNECTION_THRESHOLD[3].
 2024-12-17-01-14 [ConnectionMonitorThread-7-thread-1] [INFO] [CommonDefault]  - serviceOnConnections(localhost:11200) size[1], CONNECTION_THRESHOLD[3].
 2024-12-17-01-17 [ConnectionMonitorThread-7-thread-1] [INFO] [CommonDefault]  - serviceOnConnections(localhost:11200) size[1], CONNECTION_THRESHOLD[3].
 2024-12-17-01-20 [ConnectionMonitorThread-7-thread-1] [INFO] [CommonDefault]  - serviceOnConnections(localhost:11200) size[1], CONNECTION_THRESHOLD[3].
 2024-12-17-01-23 [ConnectionMonitorThread-7-thread-1] [INFO] [CommonDefault]  - serviceOnConnections(localhost:11200) size[1], CONNECTION_THRESHOLD[3].
 2024-12-17-01-26 [ConnectionMonitorThread-7-thread-1] [INFO] [CommonDefault]  - serviceOnConnections(localhost:11200) size[1], CONNECTION_THRESHOLD[3].
 2024-12-17-01-29 [ConnectionMonitorThread-7-thread-1] [INFO] [CommonDefault]  - serviceOnConnections(localhost:11200) size[1], CONNECTION_THRESHOLD[3].
 2024-12-17-01-32 [auto-certificate-service-daemon-1] [INFO] [com.wechat.pay.java.core.certificate.AutoCertificateService]  - Begin update Certificates. total updates: 75
 2024-12-17-01-32 [auto-certificate-service-daemon-1] [INFO] [com.wechat.pay.java.core.certificate.AutoCertificateService]  - update wechatpay certificate 1645631772-RSA done
 2024-12-17-01-32 [ConnectionMonitorThread-7-thread-1] [INFO] [CommonDefault]  - serviceOnConnections(localhost:11200) size[1], CONNECTION_THRESHOLD[3].
 2024-12-17-01-35 [ConnectionMonitorThread-7-thread-1] [INFO] [CommonDefault]  - serviceOnConnections(localhost:11200) size[1], CONNECTION_THRESHOLD[3].
 2024-12-17-01-38 [ConnectionMonitorThread-7-thread-1] [INFO] [CommonDefault]  - serviceOnConnections(localhost:11200) size[1], CONNECTION_THRESHOLD[3].
 2024-12-17-01-41 [ConnectionMonitorThread-7-thread-1] [INFO] [CommonDefault]  - serviceOnConnections(localhost:11200) size[1], CONNECTION_THRESHOLD[3].
 2024-12-17-01-44 [ConnectionMonitorThread-7-thread-1] [INFO] [CommonDefault]  - serviceOnConnections(localhost:11200) size[1], CONNECTION_THRESHOLD[3].
 2024-12-17-01-47 [ConnectionMonitorThread-7-thread-1] [INFO] [CommonDefault]  - serviceOnConnections(localhost:11200) size[1], CONNECTION_THRESHOLD[3].
 2024-12-17-01-50 [ConnectionMonitorThread-7-thread-1] [INFO] [CommonDefault]  - serviceOnConnections(localhost:11200) size[1], CONNECTION_THRESHOLD[3].
 2024-12-17-01-53 [ConnectionMonitorThread-7-thread-1] [INFO] [CommonDefault]  - serviceOnConnections(localhost:11200) size[1], CONNECTION_THRESHOLD[3].
 2024-12-17-01-56 [ConnectionMonitorThread-7-thread-1] [INFO] [CommonDefault]  - serviceOnConnections(localhost:11200) size[1], CONNECTION_THRESHOLD[3].
 2024-12-17-01-59 [ConnectionMonitorThread-7-thread-1] [INFO] [CommonDefault]  - serviceOnConnections(localhost:11200) size[1], CONNECTION_THRESHOLD[3].
 2024-12-17-02-02 [ConnectionMonitorThread-7-thread-1] [INFO] [CommonDefault]  - serviceOnConnections(localhost:11200) size[1], CONNECTION_THRESHOLD[3].
 2024-12-17-02-05 [ConnectionMonitorThread-7-thread-1] [INFO] [CommonDefault]  - serviceOnConnections(localhost:11200) size[1], CONNECTION_THRESHOLD[3].
 2024-12-17-02-08 [ConnectionMonitorThread-7-thread-1] [INFO] [CommonDefault]  - serviceOnConnections(localhost:11200) size[1], CONNECTION_THRESHOLD[3].
 2024-12-17-02-11 [ConnectionMonitorThread-7-thread-1] [INFO] [CommonDefault]  - serviceOnConnections(localhost:11200) size[1], CONNECTION_THRESHOLD[3].
 2024-12-17-02-14 [ConnectionMonitorThread-7-thread-1] [INFO] [CommonDefault]  - serviceOnConnections(localhost:11200) size[1], CONNECTION_THRESHOLD[3].
 2024-12-17-02-17 [ConnectionMonitorThread-7-thread-1] [INFO] [CommonDefault]  - serviceOnConnections(localhost:11200) size[1], CONNECTION_THRESHOLD[3].
 2024-12-17-02-20 [ConnectionMonitorThread-7-thread-1] [INFO] [CommonDefault]  - serviceOnConnections(localhost:11200) size[1], CONNECTION_THRESHOLD[3].
 2024-12-17-02-23 [ConnectionMonitorThread-7-thread-1] [INFO] [CommonDefault]  - serviceOnConnections(localhost:11200) size[1], CONNECTION_THRESHOLD[3].
 2024-12-17-02-26 [ConnectionMonitorThread-7-thread-1] [INFO] [CommonDefault]  - serviceOnConnections(localhost:11200) size[1], CONNECTION_THRESHOLD[3].
 2024-12-17-02-29 [ConnectionMonitorThread-7-thread-1] [INFO] [CommonDefault]  - serviceOnConnections(localhost:11200) size[1], CONNECTION_THRESHOLD[3].
 2024-12-17-02-32 [auto-certificate-service-daemon-1] [INFO] [com.wechat.pay.java.core.certificate.AutoCertificateService]  - Begin update Certificates. total updates: 76
 2024-12-17-02-32 [auto-certificate-service-daemon-1] [INFO] [com.wechat.pay.java.core.certificate.AutoCertificateService]  - update wechatpay certificate 1645631772-RSA done
 2024-12-17-02-32 [ConnectionMonitorThread-7-thread-1] [INFO] [CommonDefault]  - serviceOnConnections(localhost:11200) size[1], CONNECTION_THRESHOLD[3].
 2024-12-17-02-35 [ConnectionMonitorThread-7-thread-1] [INFO] [CommonDefault]  - serviceOnConnections(localhost:11200) size[1], CONNECTION_THRESHOLD[3].
 2024-12-17-02-38 [ConnectionMonitorThread-7-thread-1] [INFO] [CommonDefault]  - serviceOnConnections(localhost:11200) size[1], CONNECTION_THRESHOLD[3].
 2024-12-17-02-41 [ConnectionMonitorThread-7-thread-1] [INFO] [CommonDefault]  - serviceOnConnections(localhost:11200) size[1], CONNECTION_THRESHOLD[3].
 2024-12-17-02-44 [ConnectionMonitorThread-7-thread-1] [INFO] [CommonDefault]  - serviceOnConnections(localhost:11200) size[1], CONNECTION_THRESHOLD[3].
 2024-12-17-02-47 [ConnectionMonitorThread-7-thread-1] [INFO] [CommonDefault]  - serviceOnConnections(localhost:11200) size[1], CONNECTION_THRESHOLD[3].
 2024-12-17-02-50 [ConnectionMonitorThread-7-thread-1] [INFO] [CommonDefault]  - serviceOnConnections(localhost:11200) size[1], CONNECTION_THRESHOLD[3].
 2024-12-17-02-53 [ConnectionMonitorThread-7-thread-1] [INFO] [CommonDefault]  - serviceOnConnections(localhost:11200) size[1], CONNECTION_THRESHOLD[3].
 2024-12-17-02-56 [ConnectionMonitorThread-7-thread-1] [INFO] [CommonDefault]  - serviceOnConnections(localhost:11200) size[1], CONNECTION_THRESHOLD[3].
 2024-12-17-02-59 [ConnectionMonitorThread-7-thread-1] [INFO] [CommonDefault]  - serviceOnConnections(localhost:11200) size[1], CONNECTION_THRESHOLD[3].
 2024-12-17-03-02 [ConnectionMonitorThread-7-thread-1] [INFO] [CommonDefault]  - serviceOnConnections(localhost:11200) size[1], CONNECTION_THRESHOLD[3].
 2024-12-17-03-05 [ConnectionMonitorThread-7-thread-1] [INFO] [CommonDefault]  - serviceOnConnections(localhost:11200) size[1], CONNECTION_THRESHOLD[3].
 2024-12-17-03-08 [ConnectionMonitorThread-7-thread-1] [INFO] [CommonDefault]  - serviceOnConnections(localhost:11200) size[1], CONNECTION_THRESHOLD[3].
 2024-12-17-03-11 [ConnectionMonitorThread-7-thread-1] [INFO] [CommonDefault]  - serviceOnConnections(localhost:11200) size[1], CONNECTION_THRESHOLD[3].
 2024-12-17-03-14 [ConnectionMonitorThread-7-thread-1] [INFO] [CommonDefault]  - serviceOnConnections(localhost:11200) size[1], CONNECTION_THRESHOLD[3].
 2024-12-17-03-17 [ConnectionMonitorThread-7-thread-1] [INFO] [CommonDefault]  - serviceOnConnections(localhost:11200) size[1], CONNECTION_THRESHOLD[3].
 2024-12-17-03-20 [ConnectionMonitorThread-7-thread-1] [INFO] [CommonDefault]  - serviceOnConnections(localhost:11200) size[1], CONNECTION_THRESHOLD[3].
 2024-12-17-03-23 [ConnectionMonitorThread-7-thread-1] [INFO] [CommonDefault]  - serviceOnConnections(localhost:11200) size[1], CONNECTION_THRESHOLD[3].
 2024-12-17-03-26 [ConnectionMonitorThread-7-thread-1] [INFO] [CommonDefault]  - serviceOnConnections(localhost:11200) size[1], CONNECTION_THRESHOLD[3].
 2024-12-17-03-29 [ConnectionMonitorThread-7-thread-1] [INFO] [CommonDefault]  - serviceOnConnections(localhost:11200) size[1], CONNECTION_THRESHOLD[3].
 2024-12-17-03-32 [auto-certificate-service-daemon-1] [INFO] [com.wechat.pay.java.core.certificate.AutoCertificateService]  - Begin update Certificates. total updates: 77
 2024-12-17-03-32 [auto-certificate-service-daemon-1] [INFO] [com.wechat.pay.java.core.certificate.AutoCertificateService]  - update wechatpay certificate 1645631772-RSA done
 2024-12-17-03-32 [ConnectionMonitorThread-7-thread-1] [INFO] [CommonDefault]  - serviceOnConnections(localhost:11200) size[1], CONNECTION_THRESHOLD[3].
 2024-12-17-03-35 [ConnectionMonitorThread-7-thread-1] [INFO] [CommonDefault]  - serviceOnConnections(localhost:11200) size[1], CONNECTION_THRESHOLD[3].
 2024-12-17-03-38 [ConnectionMonitorThread-7-thread-1] [INFO] [CommonDefault]  - serviceOnConnections(localhost:11200) size[1], CONNECTION_THRESHOLD[3].
 2024-12-17-03-41 [ConnectionMonitorThread-7-thread-1] [INFO] [CommonDefault]  - serviceOnConnections(localhost:11200) size[1], CONNECTION_THRESHOLD[3].
 2024-12-17-03-44 [ConnectionMonitorThread-7-thread-1] [INFO] [CommonDefault]  - serviceOnConnections(localhost:11200) size[1], CONNECTION_THRESHOLD[3].
 2024-12-17-03-47 [ConnectionMonitorThread-7-thread-1] [INFO] [CommonDefault]  - serviceOnConnections(localhost:11200) size[1], CONNECTION_THRESHOLD[3].
 2024-12-17-03-50 [ConnectionMonitorThread-7-thread-1] [INFO] [CommonDefault]  - serviceOnConnections(localhost:11200) size[1], CONNECTION_THRESHOLD[3].
 2024-12-17-03-53 [ConnectionMonitorThread-7-thread-1] [INFO] [CommonDefault]  - serviceOnConnections(localhost:11200) size[1], CONNECTION_THRESHOLD[3].
 2024-12-17-03-56 [ConnectionMonitorThread-7-thread-1] [INFO] [CommonDefault]  - serviceOnConnections(localhost:11200) size[1], CONNECTION_THRESHOLD[3].
 2024-12-17-03-59 [ConnectionMonitorThread-7-thread-1] [INFO] [CommonDefault]  - serviceOnConnections(localhost:11200) size[1], CONNECTION_THRESHOLD[3].
 2024-12-17-04-02 [ConnectionMonitorThread-7-thread-1] [INFO] [CommonDefault]  - serviceOnConnections(localhost:11200) size[1], CONNECTION_THRESHOLD[3].
 2024-12-17-04-05 [ConnectionMonitorThread-7-thread-1] [INFO] [CommonDefault]  - serviceOnConnections(localhost:11200) size[1], CONNECTION_THRESHOLD[3].
 2024-12-17-04-08 [ConnectionMonitorThread-7-thread-1] [INFO] [CommonDefault]  - serviceOnConnections(localhost:11200) size[1], CONNECTION_THRESHOLD[3].
 2024-12-17-04-11 [ConnectionMonitorThread-7-thread-1] [INFO] [CommonDefault]  - serviceOnConnections(localhost:11200) size[1], CONNECTION_THRESHOLD[3].
 2024-12-17-04-14 [ConnectionMonitorThread-7-thread-1] [INFO] [CommonDefault]  - serviceOnConnections(localhost:11200) size[1], CONNECTION_THRESHOLD[3].
 2024-12-17-04-17 [ConnectionMonitorThread-7-thread-1] [INFO] [CommonDefault]  - serviceOnConnections(localhost:11200) size[1], CONNECTION_THRESHOLD[3].
 2024-12-17-04-20 [ConnectionMonitorThread-7-thread-1] [INFO] [CommonDefault]  - serviceOnConnections(localhost:11200) size[1], CONNECTION_THRESHOLD[3].
 2024-12-17-04-23 [ConnectionMonitorThread-7-thread-1] [INFO] [CommonDefault]  - serviceOnConnections(localhost:11200) size[1], CONNECTION_THRESHOLD[3].
 2024-12-17-04-26 [ConnectionMonitorThread-7-thread-1] [INFO] [CommonDefault]  - serviceOnConnections(localhost:11200) size[1], CONNECTION_THRESHOLD[3].
 2024-12-17-04-29 [ConnectionMonitorThread-7-thread-1] [INFO] [CommonDefault]  - serviceOnConnections(localhost:11200) size[1], CONNECTION_THRESHOLD[3].
 2024-12-17-04-32 [auto-certificate-service-daemon-1] [INFO] [com.wechat.pay.java.core.certificate.AutoCertificateService]  - Begin update Certificates. total updates: 78
 2024-12-17-04-32 [auto-certificate-service-daemon-1] [INFO] [com.wechat.pay.java.core.certificate.AutoCertificateService]  - update wechatpay certificate 1645631772-RSA done
 2024-12-17-04-32 [ConnectionMonitorThread-7-thread-1] [INFO] [CommonDefault]  - serviceOnConnections(localhost:11200) size[1], CONNECTION_THRESHOLD[3].
 2024-12-17-04-35 [ConnectionMonitorThread-7-thread-1] [INFO] [CommonDefault]  - serviceOnConnections(localhost:11200) size[1], CONNECTION_THRESHOLD[3].
 2024-12-17-04-38 [ConnectionMonitorThread-7-thread-1] [INFO] [CommonDefault]  - serviceOnConnections(localhost:11200) size[1], CONNECTION_THRESHOLD[3].
 2024-12-17-04-41 [ConnectionMonitorThread-7-thread-1] [INFO] [CommonDefault]  - serviceOnConnections(localhost:11200) size[1], CONNECTION_THRESHOLD[3].
 2024-12-17-04-44 [ConnectionMonitorThread-7-thread-1] [INFO] [CommonDefault]  - serviceOnConnections(localhost:11200) size[1], CONNECTION_THRESHOLD[3].
 2024-12-17-04-47 [ConnectionMonitorThread-7-thread-1] [INFO] [CommonDefault]  - serviceOnConnections(localhost:11200) size[1], CONNECTION_THRESHOLD[3].
 2024-12-17-04-50 [ConnectionMonitorThread-7-thread-1] [INFO] [CommonDefault]  - serviceOnConnections(localhost:11200) size[1], CONNECTION_THRESHOLD[3].
 2024-12-17-04-53 [ConnectionMonitorThread-7-thread-1] [INFO] [CommonDefault]  - serviceOnConnections(localhost:11200) size[1], CONNECTION_THRESHOLD[3].
 2024-12-17-04-56 [ConnectionMonitorThread-7-thread-1] [INFO] [CommonDefault]  - serviceOnConnections(localhost:11200) size[1], CONNECTION_THRESHOLD[3].
 2024-12-17-04-59 [ConnectionMonitorThread-7-thread-1] [INFO] [CommonDefault]  - serviceOnConnections(localhost:11200) size[1], CONNECTION_THRESHOLD[3].
 2024-12-17-05-02 [ConnectionMonitorThread-7-thread-1] [INFO] [CommonDefault]  - serviceOnConnections(localhost:11200) size[1], CONNECTION_THRESHOLD[3].
 2024-12-17-05-05 [ConnectionMonitorThread-7-thread-1] [INFO] [CommonDefault]  - serviceOnConnections(localhost:11200) size[1], CONNECTION_THRESHOLD[3].
 2024-12-17-05-08 [ConnectionMonitorThread-7-thread-1] [INFO] [CommonDefault]  - serviceOnConnections(localhost:11200) size[1], CONNECTION_THRESHOLD[3].
 2024-12-17-05-11 [ConnectionMonitorThread-7-thread-1] [INFO] [CommonDefault]  - serviceOnConnections(localhost:11200) size[1], CONNECTION_THRESHOLD[3].
 2024-12-17-05-14 [ConnectionMonitorThread-7-thread-1] [INFO] [CommonDefault]  - serviceOnConnections(localhost:11200) size[1], CONNECTION_THRESHOLD[3].
 2024-12-17-05-17 [ConnectionMonitorThread-7-thread-1] [INFO] [CommonDefault]  - serviceOnConnections(localhost:11200) size[1], CONNECTION_THRESHOLD[3].
 2024-12-17-05-20 [ConnectionMonitorThread-7-thread-1] [INFO] [CommonDefault]  - serviceOnConnections(localhost:11200) size[1], CONNECTION_THRESHOLD[3].
 2024-12-17-05-23 [ConnectionMonitorThread-7-thread-1] [INFO] [CommonDefault]  - serviceOnConnections(localhost:11200) size[1], CONNECTION_THRESHOLD[3].
 2024-12-17-05-26 [ConnectionMonitorThread-7-thread-1] [INFO] [CommonDefault]  - serviceOnConnections(localhost:11200) size[1], CONNECTION_THRESHOLD[3].
 2024-12-17-05-29 [ConnectionMonitorThread-7-thread-1] [INFO] [CommonDefault]  - serviceOnConnections(localhost:11200) size[1], CONNECTION_THRESHOLD[3].
 2024-12-17-05-32 [auto-certificate-service-daemon-1] [INFO] [com.wechat.pay.java.core.certificate.AutoCertificateService]  - Begin update Certificates. total updates: 79
 2024-12-17-05-32 [auto-certificate-service-daemon-1] [INFO] [com.wechat.pay.java.core.certificate.AutoCertificateService]  - update wechatpay certificate 1645631772-RSA done
 2024-12-17-05-32 [ConnectionMonitorThread-7-thread-1] [INFO] [CommonDefault]  - serviceOnConnections(localhost:11200) size[1], CONNECTION_THRESHOLD[3].
 2024-12-17-05-35 [ConnectionMonitorThread-7-thread-1] [INFO] [CommonDefault]  - serviceOnConnections(localhost:11200) size[1], CONNECTION_THRESHOLD[3].
 2024-12-17-05-38 [ConnectionMonitorThread-7-thread-1] [INFO] [CommonDefault]  - serviceOnConnections(localhost:11200) size[1], CONNECTION_THRESHOLD[3].
 2024-12-17-05-41 [ConnectionMonitorThread-7-thread-1] [INFO] [CommonDefault]  - serviceOnConnections(localhost:11200) size[1], CONNECTION_THRESHOLD[3].
 2024-12-17-05-44 [ConnectionMonitorThread-7-thread-1] [INFO] [CommonDefault]  - serviceOnConnections(localhost:11200) size[1], CONNECTION_THRESHOLD[3].
 2024-12-17-05-47 [ConnectionMonitorThread-7-thread-1] [INFO] [CommonDefault]  - serviceOnConnections(localhost:11200) size[1], CONNECTION_THRESHOLD[3].
 2024-12-17-05-50 [ConnectionMonitorThread-7-thread-1] [INFO] [CommonDefault]  - serviceOnConnections(localhost:11200) size[1], CONNECTION_THRESHOLD[3].
 2024-12-17-05-53 [ConnectionMonitorThread-7-thread-1] [INFO] [CommonDefault]  - serviceOnConnections(localhost:11200) size[1], CONNECTION_THRESHOLD[3].
 2024-12-17-05-56 [ConnectionMonitorThread-7-thread-1] [INFO] [CommonDefault]  - serviceOnConnections(localhost:11200) size[1], CONNECTION_THRESHOLD[3].
 2024-12-17-05-59 [ConnectionMonitorThread-7-thread-1] [INFO] [CommonDefault]  - serviceOnConnections(localhost:11200) size[1], CONNECTION_THRESHOLD[3].
 2024-12-17-06-02 [ConnectionMonitorThread-7-thread-1] [INFO] [CommonDefault]  - serviceOnConnections(localhost:11200) size[1], CONNECTION_THRESHOLD[3].
 2024-12-17-06-05 [ConnectionMonitorThread-7-thread-1] [INFO] [CommonDefault]  - serviceOnConnections(localhost:11200) size[1], CONNECTION_THRESHOLD[3].
 2024-12-17-06-08 [ConnectionMonitorThread-7-thread-1] [INFO] [CommonDefault]  - serviceOnConnections(localhost:11200) size[1], CONNECTION_THRESHOLD[3].
 2024-12-17-06-11 [ConnectionMonitorThread-7-thread-1] [INFO] [CommonDefault]  - serviceOnConnections(localhost:11200) size[1], CONNECTION_THRESHOLD[3].
 2024-12-17-06-14 [ConnectionMonitorThread-7-thread-1] [INFO] [CommonDefault]  - serviceOnConnections(localhost:11200) size[1], CONNECTION_THRESHOLD[3].
 2024-12-17-06-17 [ConnectionMonitorThread-7-thread-1] [INFO] [CommonDefault]  - serviceOnConnections(localhost:11200) size[1], CONNECTION_THRESHOLD[3].
 2024-12-17-06-20 [ConnectionMonitorThread-7-thread-1] [INFO] [CommonDefault]  - serviceOnConnections(localhost:11200) size[1], CONNECTION_THRESHOLD[3].
 2024-12-17-06-23 [ConnectionMonitorThread-7-thread-1] [INFO] [CommonDefault]  - serviceOnConnections(localhost:11200) size[1], CONNECTION_THRESHOLD[3].
 2024-12-17-06-26 [ConnectionMonitorThread-7-thread-1] [INFO] [CommonDefault]  - serviceOnConnections(localhost:11200) size[1], CONNECTION_THRESHOLD[3].
 2024-12-17-06-29 [ConnectionMonitorThread-7-thread-1] [INFO] [CommonDefault]  - serviceOnConnections(localhost:11200) size[1], CONNECTION_THRESHOLD[3].
 2024-12-17-06-32 [auto-certificate-service-daemon-1] [INFO] [com.wechat.pay.java.core.certificate.AutoCertificateService]  - Begin update Certificates. total updates: 80
 2024-12-17-06-32 [auto-certificate-service-daemon-1] [INFO] [com.wechat.pay.java.core.certificate.AutoCertificateService]  - update wechatpay certificate 1645631772-RSA done
 2024-12-17-06-32 [ConnectionMonitorThread-7-thread-1] [INFO] [CommonDefault]  - serviceOnConnections(localhost:11200) size[1], CONNECTION_THRESHOLD[3].
 2024-12-17-06-35 [ConnectionMonitorThread-7-thread-1] [INFO] [CommonDefault]  - serviceOnConnections(localhost:11200) size[1], CONNECTION_THRESHOLD[3].
 2024-12-17-06-38 [ConnectionMonitorThread-7-thread-1] [INFO] [CommonDefault]  - serviceOnConnections(localhost:11200) size[1], CONNECTION_THRESHOLD[3].
 2024-12-17-06-41 [ConnectionMonitorThread-7-thread-1] [INFO] [CommonDefault]  - serviceOnConnections(localhost:11200) size[1], CONNECTION_THRESHOLD[3].
 2024-12-17-06-44 [ConnectionMonitorThread-7-thread-1] [INFO] [CommonDefault]  - serviceOnConnections(localhost:11200) size[1], CONNECTION_THRESHOLD[3].
 2024-12-17-06-47 [ConnectionMonitorThread-7-thread-1] [INFO] [CommonDefault]  - serviceOnConnections(localhost:11200) size[1], CONNECTION_THRESHOLD[3].
 2024-12-17-06-50 [ConnectionMonitorThread-7-thread-1] [INFO] [CommonDefault]  - serviceOnConnections(localhost:11200) size[1], CONNECTION_THRESHOLD[3].
 2024-12-17-06-53 [ConnectionMonitorThread-7-thread-1] [INFO] [CommonDefault]  - serviceOnConnections(localhost:11200) size[1], CONNECTION_THRESHOLD[3].
 2024-12-17-06-56 [ConnectionMonitorThread-7-thread-1] [INFO] [CommonDefault]  - serviceOnConnections(localhost:11200) size[1], CONNECTION_THRESHOLD[3].
 2024-12-17-06-59 [ConnectionMonitorThread-7-thread-1] [INFO] [CommonDefault]  - serviceOnConnections(localhost:11200) size[1], CONNECTION_THRESHOLD[3].
 2024-12-17-07-02 [ConnectionMonitorThread-7-thread-1] [INFO] [CommonDefault]  - serviceOnConnections(localhost:11200) size[1], CONNECTION_THRESHOLD[3].
 2024-12-17-07-05 [ConnectionMonitorThread-7-thread-1] [INFO] [CommonDefault]  - serviceOnConnections(localhost:11200) size[1], CONNECTION_THRESHOLD[3].
 2024-12-17-07-08 [ConnectionMonitorThread-7-thread-1] [INFO] [CommonDefault]  - serviceOnConnections(localhost:11200) size[1], CONNECTION_THRESHOLD[3].
 2024-12-17-07-11 [ConnectionMonitorThread-7-thread-1] [INFO] [CommonDefault]  - serviceOnConnections(localhost:11200) size[1], CONNECTION_THRESHOLD[3].
 2024-12-17-07-14 [ConnectionMonitorThread-7-thread-1] [INFO] [CommonDefault]  - serviceOnConnections(localhost:11200) size[1], CONNECTION_THRESHOLD[3].
 2024-12-17-07-17 [ConnectionMonitorThread-7-thread-1] [INFO] [CommonDefault]  - serviceOnConnections(localhost:11200) size[1], CONNECTION_THRESHOLD[3].
 2024-12-17-07-20 [ConnectionMonitorThread-7-thread-1] [INFO] [CommonDefault]  - serviceOnConnections(localhost:11200) size[1], CONNECTION_THRESHOLD[3].
 2024-12-17-07-23 [ConnectionMonitorThread-7-thread-1] [INFO] [CommonDefault]  - serviceOnConnections(localhost:11200) size[1], CONNECTION_THRESHOLD[3].
 2024-12-17-07-26 [ConnectionMonitorThread-7-thread-1] [INFO] [CommonDefault]  - serviceOnConnections(localhost:11200) size[1], CONNECTION_THRESHOLD[3].
 2024-12-17-07-29 [ConnectionMonitorThread-7-thread-1] [INFO] [CommonDefault]  - serviceOnConnections(localhost:11200) size[1], CONNECTION_THRESHOLD[3].
 2024-12-17-07-32 [auto-certificate-service-daemon-1] [INFO] [com.wechat.pay.java.core.certificate.AutoCertificateService]  - Begin update Certificates. total updates: 81
 2024-12-17-07-32 [auto-certificate-service-daemon-1] [INFO] [com.wechat.pay.java.core.certificate.AutoCertificateService]  - update wechatpay certificate 1645631772-RSA done
 2024-12-17-07-32 [ConnectionMonitorThread-7-thread-1] [INFO] [CommonDefault]  - serviceOnConnections(localhost:11200) size[1], CONNECTION_THRESHOLD[3].
 2024-12-17-07-35 [ConnectionMonitorThread-7-thread-1] [INFO] [CommonDefault]  - serviceOnConnections(localhost:11200) size[1], CONNECTION_THRESHOLD[3].
 2024-12-17-07-38 [ConnectionMonitorThread-7-thread-1] [INFO] [CommonDefault]  - serviceOnConnections(localhost:11200) size[1], CONNECTION_THRESHOLD[3].
 2024-12-17-07-41 [ConnectionMonitorThread-7-thread-1] [INFO] [CommonDefault]  - serviceOnConnections(localhost:11200) size[1], CONNECTION_THRESHOLD[3].
 2024-12-17-07-44 [ConnectionMonitorThread-7-thread-1] [INFO] [CommonDefault]  - serviceOnConnections(localhost:11200) size[1], CONNECTION_THRESHOLD[3].
 2024-12-17-07-47 [ConnectionMonitorThread-7-thread-1] [INFO] [CommonDefault]  - serviceOnConnections(localhost:11200) size[1], CONNECTION_THRESHOLD[3].
 2024-12-17-07-50 [ConnectionMonitorThread-7-thread-1] [INFO] [CommonDefault]  - serviceOnConnections(localhost:11200) size[1], CONNECTION_THRESHOLD[3].
 2024-12-17-07-53 [ConnectionMonitorThread-7-thread-1] [INFO] [CommonDefault]  - serviceOnConnections(localhost:11200) size[1], CONNECTION_THRESHOLD[3].
 2024-12-17-07-56 [ConnectionMonitorThread-7-thread-1] [INFO] [CommonDefault]  - serviceOnConnections(localhost:11200) size[1], CONNECTION_THRESHOLD[3].
 2024-12-17-07-59 [ConnectionMonitorThread-7-thread-1] [INFO] [CommonDefault]  - serviceOnConnections(localhost:11200) size[1], CONNECTION_THRESHOLD[3].
 2024-12-17-08-02 [ConnectionMonitorThread-7-thread-1] [INFO] [CommonDefault]  - serviceOnConnections(localhost:11200) size[1], CONNECTION_THRESHOLD[3].
 2024-12-17-08-05 [ConnectionMonitorThread-7-thread-1] [INFO] [CommonDefault]  - serviceOnConnections(localhost:11200) size[1], CONNECTION_THRESHOLD[3].
 2024-12-17-08-08 [ConnectionMonitorThread-7-thread-1] [INFO] [CommonDefault]  - serviceOnConnections(localhost:11200) size[1], CONNECTION_THRESHOLD[3].
 2024-12-17-08-11 [ConnectionMonitorThread-7-thread-1] [INFO] [CommonDefault]  - serviceOnConnections(localhost:11200) size[1], CONNECTION_THRESHOLD[3].
 2024-12-17-08-14 [ConnectionMonitorThread-7-thread-1] [INFO] [CommonDefault]  - serviceOnConnections(localhost:11200) size[1], CONNECTION_THRESHOLD[3].
 2024-12-17-08-17 [ConnectionMonitorThread-7-thread-1] [INFO] [CommonDefault]  - serviceOnConnections(localhost:11200) size[1], CONNECTION_THRESHOLD[3].
 2024-12-17-08-20 [ConnectionMonitorThread-7-thread-1] [INFO] [CommonDefault]  - serviceOnConnections(localhost:11200) size[1], CONNECTION_THRESHOLD[3].
 2024-12-17-08-23 [ConnectionMonitorThread-7-thread-1] [INFO] [CommonDefault]  - serviceOnConnections(localhost:11200) size[1], CONNECTION_THRESHOLD[3].
 2024-12-17-08-26 [ConnectionMonitorThread-7-thread-1] [INFO] [CommonDefault]  - serviceOnConnections(localhost:11200) size[1], CONNECTION_THRESHOLD[3].
 2024-12-17-08-29 [ConnectionMonitorThread-7-thread-1] [INFO] [CommonDefault]  - serviceOnConnections(localhost:11200) size[1], CONNECTION_THRESHOLD[3].
 2024-12-17-08-32 [auto-certificate-service-daemon-1] [INFO] [com.wechat.pay.java.core.certificate.AutoCertificateService]  - Begin update Certificates. total updates: 82
 2024-12-17-08-32 [auto-certificate-service-daemon-1] [INFO] [com.wechat.pay.java.core.certificate.AutoCertificateService]  - update wechatpay certificate 1645631772-RSA done
 2024-12-17-08-32 [ConnectionMonitorThread-7-thread-1] [INFO] [CommonDefault]  - serviceOnConnections(localhost:11200) size[1], CONNECTION_THRESHOLD[3].
 2024-12-17-08-35 [ConnectionMonitorThread-7-thread-1] [INFO] [CommonDefault]  - serviceOnConnections(localhost:11200) size[1], CONNECTION_THRESHOLD[3].
 2024-12-17-08-38 [ConnectionMonitorThread-7-thread-1] [INFO] [CommonDefault]  - serviceOnConnections(localhost:11200) size[1], CONNECTION_THRESHOLD[3].
 2024-12-17-08-41 [ConnectionMonitorThread-7-thread-1] [INFO] [CommonDefault]  - serviceOnConnections(localhost:11200) size[1], CONNECTION_THRESHOLD[3].
 2024-12-17-08-44 [ConnectionMonitorThread-7-thread-1] [INFO] [CommonDefault]  - serviceOnConnections(localhost:11200) size[1], CONNECTION_THRESHOLD[3].
 2024-12-17-08-47 [ConnectionMonitorThread-7-thread-1] [INFO] [CommonDefault]  - serviceOnConnections(localhost:11200) size[1], CONNECTION_THRESHOLD[3].
 2024-12-17-08-50 [ConnectionMonitorThread-7-thread-1] [INFO] [CommonDefault]  - serviceOnConnections(localhost:11200) size[1], CONNECTION_THRESHOLD[3].
 2024-12-17-08-53 [ConnectionMonitorThread-7-thread-1] [INFO] [CommonDefault]  - serviceOnConnections(localhost:11200) size[1], CONNECTION_THRESHOLD[3].
 2024-12-17-08-56 [ConnectionMonitorThread-7-thread-1] [INFO] [CommonDefault]  - serviceOnConnections(localhost:11200) size[1], CONNECTION_THRESHOLD[3].
 2024-12-17-08-59 [ConnectionMonitorThread-7-thread-1] [INFO] [CommonDefault]  - serviceOnConnections(localhost:11200) size[1], CONNECTION_THRESHOLD[3].
 2024-12-17-09-02 [ConnectionMonitorThread-7-thread-1] [INFO] [CommonDefault]  - serviceOnConnections(localhost:11200) size[1], CONNECTION_THRESHOLD[3].
 2024-12-17-09-05 [ConnectionMonitorThread-7-thread-1] [INFO] [CommonDefault]  - serviceOnConnections(localhost:11200) size[1], CONNECTION_THRESHOLD[3].
 2024-12-17-09-08 [ConnectionMonitorThread-7-thread-1] [INFO] [CommonDefault]  - serviceOnConnections(localhost:11200) size[1], CONNECTION_THRESHOLD[3].
 2024-12-17-09-11 [ConnectionMonitorThread-7-thread-1] [INFO] [CommonDefault]  - serviceOnConnections(localhost:11200) size[1], CONNECTION_THRESHOLD[3].
 2024-12-17-09-14 [ConnectionMonitorThread-7-thread-1] [INFO] [CommonDefault]  - serviceOnConnections(localhost:11200) size[1], CONNECTION_THRESHOLD[3].
 2024-12-17-09-17 [ConnectionMonitorThread-7-thread-1] [INFO] [CommonDefault]  - serviceOnConnections(localhost:11200) size[1], CONNECTION_THRESHOLD[3].
 2024-12-17-09-20 [ConnectionMonitorThread-7-thread-1] [INFO] [CommonDefault]  - serviceOnConnections(localhost:11200) size[1], CONNECTION_THRESHOLD[3].
 2024-12-17-09-23 [ConnectionMonitorThread-7-thread-1] [INFO] [CommonDefault]  - serviceOnConnections(localhost:11200) size[1], CONNECTION_THRESHOLD[3].
 2024-12-17-09-26 [ConnectionMonitorThread-7-thread-1] [INFO] [CommonDefault]  - serviceOnConnections(localhost:11200) size[1], CONNECTION_THRESHOLD[3].
 2024-12-17-09-29 [ConnectionMonitorThread-7-thread-1] [INFO] [CommonDefault]  - serviceOnConnections(localhost:11200) size[1], CONNECTION_THRESHOLD[3].
 2024-12-17-09-32 [auto-certificate-service-daemon-1] [INFO] [com.wechat.pay.java.core.certificate.AutoCertificateService]  - Begin update Certificates. total updates: 83
 2024-12-17-09-32 [auto-certificate-service-daemon-1] [INFO] [com.wechat.pay.java.core.certificate.AutoCertificateService]  - update wechatpay certificate 1645631772-RSA done
 2024-12-17-09-32 [ConnectionMonitorThread-7-thread-1] [INFO] [CommonDefault]  - serviceOnConnections(localhost:11200) size[1], CONNECTION_THRESHOLD[3].
 2024-12-17-09-35 [ConnectionMonitorThread-7-thread-1] [INFO] [CommonDefault]  - serviceOnConnections(localhost:11200) size[1], CONNECTION_THRESHOLD[3].
 2024-12-17-09-38 [ConnectionMonitorThread-7-thread-1] [INFO] [CommonDefault]  - serviceOnConnections(localhost:11200) size[1], CONNECTION_THRESHOLD[3].
 2024-12-17-09-41 [ConnectionMonitorThread-7-thread-1] [INFO] [CommonDefault]  - serviceOnConnections(localhost:11200) size[1], CONNECTION_THRESHOLD[3].
 2024-12-17-09-44 [ConnectionMonitorThread-7-thread-1] [INFO] [CommonDefault]  - serviceOnConnections(localhost:11200) size[1], CONNECTION_THRESHOLD[3].
 2024-12-17-09-47 [ConnectionMonitorThread-7-thread-1] [INFO] [CommonDefault]  - serviceOnConnections(localhost:11200) size[1], CONNECTION_THRESHOLD[3].
 2024-12-17-09-50 [ConnectionMonitorThread-7-thread-1] [INFO] [CommonDefault]  - serviceOnConnections(localhost:11200) size[1], CONNECTION_THRESHOLD[3].
 2024-12-17-09-53 [ConnectionMonitorThread-7-thread-1] [INFO] [CommonDefault]  - serviceOnConnections(localhost:11200) size[1], CONNECTION_THRESHOLD[3].
 2024-12-17-09-56 [ConnectionMonitorThread-7-thread-1] [INFO] [CommonDefault]  - serviceOnConnections(localhost:11200) size[1], CONNECTION_THRESHOLD[3].
 2024-12-17-09-59 [ConnectionMonitorThread-7-thread-1] [INFO] [CommonDefault]  - serviceOnConnections(localhost:11200) size[1], CONNECTION_THRESHOLD[3].
 2024-12-17-10-02 [ConnectionMonitorThread-7-thread-1] [INFO] [CommonDefault]  - serviceOnConnections(localhost:11200) size[1], CONNECTION_THRESHOLD[3].
 2024-12-17-10-05 [ConnectionMonitorThread-7-thread-1] [INFO] [CommonDefault]  - serviceOnConnections(localhost:11200) size[1], CONNECTION_THRESHOLD[3].
 2024-12-17-10-08 [ConnectionMonitorThread-7-thread-1] [INFO] [CommonDefault]  - serviceOnConnections(localhost:11200) size[1], CONNECTION_THRESHOLD[3].
 2024-12-17-10-11 [ConnectionMonitorThread-7-thread-1] [INFO] [CommonDefault]  - serviceOnConnections(localhost:11200) size[1], CONNECTION_THRESHOLD[3].
 2024-12-17-10-14 [ConnectionMonitorThread-7-thread-1] [INFO] [CommonDefault]  - serviceOnConnections(localhost:11200) size[1], CONNECTION_THRESHOLD[3].
 2024-12-17-10-17 [ConnectionMonitorThread-7-thread-1] [INFO] [CommonDefault]  - serviceOnConnections(localhost:11200) size[1], CONNECTION_THRESHOLD[3].
 2024-12-17-10-20 [ConnectionMonitorThread-7-thread-1] [INFO] [CommonDefault]  - serviceOnConnections(localhost:11200) size[1], CONNECTION_THRESHOLD[3].
 2024-12-17-10-23 [ConnectionMonitorThread-7-thread-1] [INFO] [CommonDefault]  - serviceOnConnections(localhost:11200) size[1], CONNECTION_THRESHOLD[3].
 2024-12-17-10-26 [ConnectionMonitorThread-7-thread-1] [INFO] [CommonDefault]  - serviceOnConnections(localhost:11200) size[1], CONNECTION_THRESHOLD[3].
 2024-12-17-10-29 [ConnectionMonitorThread-7-thread-1] [INFO] [CommonDefault]  - serviceOnConnections(localhost:11200) size[1], CONNECTION_THRESHOLD[3].
 2024-12-17-10-32 [auto-certificate-service-daemon-1] [INFO] [com.wechat.pay.java.core.certificate.AutoCertificateService]  - Begin update Certificates. total updates: 84
 2024-12-17-10-32 [auto-certificate-service-daemon-1] [INFO] [com.wechat.pay.java.core.certificate.AutoCertificateService]  - update wechatpay certificate 1645631772-RSA done
 2024-12-17-10-32 [ConnectionMonitorThread-7-thread-1] [INFO] [CommonDefault]  - serviceOnConnections(localhost:11200) size[1], CONNECTION_THRESHOLD[3].
 2024-12-17-10-35 [ConnectionMonitorThread-7-thread-1] [INFO] [CommonDefault]  - serviceOnConnections(localhost:11200) size[1], CONNECTION_THRESHOLD[3].
 2024-12-17-10-38 [ConnectionMonitorThread-7-thread-1] [INFO] [CommonDefault]  - serviceOnConnections(localhost:11200) size[1], CONNECTION_THRESHOLD[3].
 2024-12-17-10-41 [ConnectionMonitorThread-7-thread-1] [INFO] [CommonDefault]  - serviceOnConnections(localhost:11200) size[1], CONNECTION_THRESHOLD[3].
 2024-12-17-10-44 [ConnectionMonitorThread-7-thread-1] [INFO] [CommonDefault]  - serviceOnConnections(localhost:11200) size[1], CONNECTION_THRESHOLD[3].
 2024-12-17-10-47 [ConnectionMonitorThread-7-thread-1] [INFO] [CommonDefault]  - serviceOnConnections(localhost:11200) size[1], CONNECTION_THRESHOLD[3].
 2024-12-17-10-50 [ConnectionMonitorThread-7-thread-1] [INFO] [CommonDefault]  - serviceOnConnections(localhost:11200) size[1], CONNECTION_THRESHOLD[3].
 2024-12-17-10-53 [ConnectionMonitorThread-7-thread-1] [INFO] [CommonDefault]  - serviceOnConnections(localhost:11200) size[1], CONNECTION_THRESHOLD[3].
 2024-12-17-10-56 [ConnectionMonitorThread-7-thread-1] [INFO] [CommonDefault]  - serviceOnConnections(localhost:11200) size[1], CONNECTION_THRESHOLD[3].
 2024-12-17-10-59 [ConnectionMonitorThread-7-thread-1] [INFO] [CommonDefault]  - serviceOnConnections(localhost:11200) size[1], CONNECTION_THRESHOLD[3].
 2024-12-17-11-02 [ConnectionMonitorThread-7-thread-1] [INFO] [CommonDefault]  - serviceOnConnections(localhost:11200) size[1], CONNECTION_THRESHOLD[3].
 2024-12-17-11-05 [ConnectionMonitorThread-7-thread-1] [INFO] [CommonDefault]  - serviceOnConnections(localhost:11200) size[1], CONNECTION_THRESHOLD[3].
 2024-12-17-11-08 [ConnectionMonitorThread-7-thread-1] [INFO] [CommonDefault]  - serviceOnConnections(localhost:11200) size[1], CONNECTION_THRESHOLD[3].
 2024-12-17-11-11 [ConnectionMonitorThread-7-thread-1] [INFO] [CommonDefault]  - serviceOnConnections(localhost:11200) size[1], CONNECTION_THRESHOLD[3].
 2024-12-17-11-14 [ConnectionMonitorThread-7-thread-1] [INFO] [CommonDefault]  - serviceOnConnections(localhost:11200) size[1], CONNECTION_THRESHOLD[3].
 2024-12-17-11-17 [ConnectionMonitorThread-7-thread-1] [INFO] [CommonDefault]  - serviceOnConnections(localhost:11200) size[1], CONNECTION_THRESHOLD[3].
 2024-12-17-11-20 [ConnectionMonitorThread-7-thread-1] [INFO] [CommonDefault]  - serviceOnConnections(localhost:11200) size[1], CONNECTION_THRESHOLD[3].
 2024-12-17-11-23 [ConnectionMonitorThread-7-thread-1] [INFO] [CommonDefault]  - serviceOnConnections(localhost:11200) size[1], CONNECTION_THRESHOLD[3].
 2024-12-17-11-26 [ConnectionMonitorThread-7-thread-1] [INFO] [CommonDefault]  - serviceOnConnections(localhost:11200) size[1], CONNECTION_THRESHOLD[3].
 2024-12-17-11-29 [ConnectionMonitorThread-7-thread-1] [INFO] [CommonDefault]  - serviceOnConnections(localhost:11200) size[1], CONNECTION_THRESHOLD[3].
 2024-12-17-11-32 [auto-certificate-service-daemon-1] [INFO] [com.wechat.pay.java.core.certificate.AutoCertificateService]  - Begin update Certificates. total updates: 85
 2024-12-17-11-32 [auto-certificate-service-daemon-1] [INFO] [com.wechat.pay.java.core.certificate.AutoCertificateService]  - update wechatpay certificate 1645631772-RSA done
 2024-12-17-11-32 [ConnectionMonitorThread-7-thread-1] [INFO] [CommonDefault]  - serviceOnConnections(localhost:11200) size[1], CONNECTION_THRESHOLD[3].
 2024-12-17-11-35 [ConnectionMonitorThread-7-thread-1] [INFO] [CommonDefault]  - serviceOnConnections(localhost:11200) size[1], CONNECTION_THRESHOLD[3].
 2024-12-17-11-38 [ConnectionMonitorThread-7-thread-1] [INFO] [CommonDefault]  - serviceOnConnections(localhost:11200) size[1], CONNECTION_THRESHOLD[3].
 2024-12-17-11-41 [ConnectionMonitorThread-7-thread-1] [INFO] [CommonDefault]  - serviceOnConnections(localhost:11200) size[1], CONNECTION_THRESHOLD[3].
 2024-12-17-11-44 [ConnectionMonitorThread-7-thread-1] [INFO] [CommonDefault]  - serviceOnConnections(localhost:11200) size[1], CONNECTION_THRESHOLD[3].
 2024-12-17-11-47 [ConnectionMonitorThread-7-thread-1] [INFO] [CommonDefault]  - serviceOnConnections(localhost:11200) size[1], CONNECTION_THRESHOLD[3].
 2024-12-17-11-50 [ConnectionMonitorThread-7-thread-1] [INFO] [CommonDefault]  - serviceOnConnections(localhost:11200) size[1], CONNECTION_THRESHOLD[3].
 2024-12-17-11-53 [ConnectionMonitorThread-7-thread-1] [INFO] [CommonDefault]  - serviceOnConnections(localhost:11200) size[1], CONNECTION_THRESHOLD[3].
 2024-12-17-11-56 [ConnectionMonitorThread-7-thread-1] [INFO] [CommonDefault]  - serviceOnConnections(localhost:11200) size[1], CONNECTION_THRESHOLD[3].
 2024-12-17-11-59 [ConnectionMonitorThread-7-thread-1] [INFO] [CommonDefault]  - serviceOnConnections(localhost:11200) size[1], CONNECTION_THRESHOLD[3].
 2024-12-17-12-02 [ConnectionMonitorThread-7-thread-1] [INFO] [CommonDefault]  - serviceOnConnections(localhost:11200) size[1], CONNECTION_THRESHOLD[3].
 2024-12-17-12-05 [ConnectionMonitorThread-7-thread-1] [INFO] [CommonDefault]  - serviceOnConnections(localhost:11200) size[1], CONNECTION_THRESHOLD[3].
 2024-12-17-12-08 [ConnectionMonitorThread-7-thread-1] [INFO] [CommonDefault]  - serviceOnConnections(localhost:11200) size[1], CONNECTION_THRESHOLD[3].
 2024-12-17-12-11 [ConnectionMonitorThread-7-thread-1] [INFO] [CommonDefault]  - serviceOnConnections(localhost:11200) size[1], CONNECTION_THRESHOLD[3].
 2024-12-17-12-14 [ConnectionMonitorThread-7-thread-1] [INFO] [CommonDefault]  - serviceOnConnections(localhost:11200) size[1], CONNECTION_THRESHOLD[3].
 2024-12-17-12-17 [ConnectionMonitorThread-7-thread-1] [INFO] [CommonDefault]  - serviceOnConnections(localhost:11200) size[1], CONNECTION_THRESHOLD[3].
 2024-12-17-12-20 [ConnectionMonitorThread-7-thread-1] [INFO] [CommonDefault]  - serviceOnConnections(localhost:11200) size[1], CONNECTION_THRESHOLD[3].
 2024-12-17-12-23 [ConnectionMonitorThread-7-thread-1] [INFO] [CommonDefault]  - serviceOnConnections(localhost:11200) size[1], CONNECTION_THRESHOLD[3].
 2024-12-17-12-26 [ConnectionMonitorThread-7-thread-1] [INFO] [CommonDefault]  - serviceOnConnections(localhost:11200) size[1], CONNECTION_THRESHOLD[3].
 2024-12-17-12-29 [ConnectionMonitorThread-7-thread-1] [INFO] [CommonDefault]  - serviceOnConnections(localhost:11200) size[1], CONNECTION_THRESHOLD[3].
 2024-12-17-12-32 [auto-certificate-service-daemon-1] [INFO] [com.wechat.pay.java.core.certificate.AutoCertificateService]  - Begin update Certificates. total updates: 86
 2024-12-17-12-32 [auto-certificate-service-daemon-1] [INFO] [com.wechat.pay.java.core.certificate.AutoCertificateService]  - update wechatpay certificate 1645631772-RSA done
 2024-12-17-12-32 [ConnectionMonitorThread-7-thread-1] [INFO] [CommonDefault]  - serviceOnConnections(localhost:11200) size[1], CONNECTION_THRESHOLD[3].
 2024-12-17-12-35 [ConnectionMonitorThread-7-thread-1] [INFO] [CommonDefault]  - serviceOnConnections(localhost:11200) size[1], CONNECTION_THRESHOLD[3].
 2024-12-17-12-38 [ConnectionMonitorThread-7-thread-1] [INFO] [CommonDefault]  - serviceOnConnections(localhost:11200) size[1], CONNECTION_THRESHOLD[3].
 2024-12-17-12-41 [ConnectionMonitorThread-7-thread-1] [INFO] [CommonDefault]  - serviceOnConnections(localhost:11200) size[1], CONNECTION_THRESHOLD[3].
 2024-12-17-12-44 [ConnectionMonitorThread-7-thread-1] [INFO] [CommonDefault]  - serviceOnConnections(localhost:11200) size[1], CONNECTION_THRESHOLD[3].
 2024-12-17-12-47 [ConnectionMonitorThread-7-thread-1] [INFO] [CommonDefault]  - serviceOnConnections(localhost:11200) size[1], CONNECTION_THRESHOLD[3].
 2024-12-17-12-50 [ConnectionMonitorThread-7-thread-1] [INFO] [CommonDefault]  - serviceOnConnections(localhost:11200) size[1], CONNECTION_THRESHOLD[3].
 2024-12-17-12-53 [ConnectionMonitorThread-7-thread-1] [INFO] [CommonDefault]  - serviceOnConnections(localhost:11200) size[1], CONNECTION_THRESHOLD[3].
 2024-12-17-12-56 [ConnectionMonitorThread-7-thread-1] [INFO] [CommonDefault]  - serviceOnConnections(localhost:11200) size[1], CONNECTION_THRESHOLD[3].
 2024-12-17-12-59 [ConnectionMonitorThread-7-thread-1] [INFO] [CommonDefault]  - serviceOnConnections(localhost:11200) size[1], CONNECTION_THRESHOLD[3].
 2024-12-17-13-02 [ConnectionMonitorThread-7-thread-1] [INFO] [CommonDefault]  - serviceOnConnections(localhost:11200) size[1], CONNECTION_THRESHOLD[3].
 2024-12-17-13-05 [ConnectionMonitorThread-7-thread-1] [INFO] [CommonDefault]  - serviceOnConnections(localhost:11200) size[1], CONNECTION_THRESHOLD[3].
 2024-12-17-13-08 [ConnectionMonitorThread-7-thread-1] [INFO] [CommonDefault]  - serviceOnConnections(localhost:11200) size[1], CONNECTION_THRESHOLD[3].
 2024-12-17-13-11 [ConnectionMonitorThread-7-thread-1] [INFO] [CommonDefault]  - serviceOnConnections(localhost:11200) size[1], CONNECTION_THRESHOLD[3].
 2024-12-17-13-14 [ConnectionMonitorThread-7-thread-1] [INFO] [CommonDefault]  - serviceOnConnections(localhost:11200) size[1], CONNECTION_THRESHOLD[3].
 2024-12-17-13-17 [ConnectionMonitorThread-7-thread-1] [INFO] [CommonDefault]  - serviceOnConnections(localhost:11200) size[1], CONNECTION_THRESHOLD[3].
 2024-12-17-13-20 [ConnectionMonitorThread-7-thread-1] [INFO] [CommonDefault]  - serviceOnConnections(localhost:11200) size[1], CONNECTION_THRESHOLD[3].
 2024-12-17-13-23 [ConnectionMonitorThread-7-thread-1] [INFO] [CommonDefault]  - serviceOnConnections(localhost:11200) size[1], CONNECTION_THRESHOLD[3].
 2024-12-17-13-26 [ConnectionMonitorThread-7-thread-1] [INFO] [CommonDefault]  - serviceOnConnections(localhost:11200) size[1], CONNECTION_THRESHOLD[3].
 2024-12-17-13-29 [ConnectionMonitorThread-7-thread-1] [INFO] [CommonDefault]  - serviceOnConnections(localhost:11200) size[1], CONNECTION_THRESHOLD[3].
 2024-12-17-13-32 [auto-certificate-service-daemon-1] [INFO] [com.wechat.pay.java.core.certificate.AutoCertificateService]  - Begin update Certificates. total updates: 87
 2024-12-17-13-32 [auto-certificate-service-daemon-1] [INFO] [com.wechat.pay.java.core.certificate.AutoCertificateService]  - update wechatpay certificate 1645631772-RSA done
 2024-12-17-13-32 [ConnectionMonitorThread-7-thread-1] [INFO] [CommonDefault]  - serviceOnConnections(localhost:11200) size[1], CONNECTION_THRESHOLD[3].
 2024-12-17-13-35 [ConnectionMonitorThread-7-thread-1] [INFO] [CommonDefault]  - serviceOnConnections(localhost:11200) size[1], CONNECTION_THRESHOLD[3].
 2024-12-17-13-38 [ConnectionMonitorThread-7-thread-1] [INFO] [CommonDefault]  - serviceOnConnections(localhost:11200) size[1], CONNECTION_THRESHOLD[3].
 2024-12-17-13-41 [ConnectionMonitorThread-7-thread-1] [INFO] [CommonDefault]  - serviceOnConnections(localhost:11200) size[1], CONNECTION_THRESHOLD[3].
 2024-12-17-13-44 [ConnectionMonitorThread-7-thread-1] [INFO] [CommonDefault]  - serviceOnConnections(localhost:11200) size[1], CONNECTION_THRESHOLD[3].
 2024-12-17-13-47 [ConnectionMonitorThread-7-thread-1] [INFO] [CommonDefault]  - serviceOnConnections(localhost:11200) size[1], CONNECTION_THRESHOLD[3].
 2024-12-17-13-50 [ConnectionMonitorThread-7-thread-1] [INFO] [CommonDefault]  - serviceOnConnections(localhost:11200) size[1], CONNECTION_THRESHOLD[3].
 2024-12-17-13-53 [ConnectionMonitorThread-7-thread-1] [INFO] [CommonDefault]  - serviceOnConnections(localhost:11200) size[1], CONNECTION_THRESHOLD[3].
 2024-12-17-13-56 [ConnectionMonitorThread-7-thread-1] [INFO] [CommonDefault]  - serviceOnConnections(localhost:11200) size[1], CONNECTION_THRESHOLD[3].
 2024-12-17-13-59 [ConnectionMonitorThread-7-thread-1] [INFO] [CommonDefault]  - serviceOnConnections(localhost:11200) size[1], CONNECTION_THRESHOLD[3].
 2024-12-17-14-02 [ConnectionMonitorThread-7-thread-1] [INFO] [CommonDefault]  - serviceOnConnections(localhost:11200) size[1], CONNECTION_THRESHOLD[3].
 2024-12-17-14-05 [ConnectionMonitorThread-7-thread-1] [INFO] [CommonDefault]  - serviceOnConnections(localhost:11200) size[1], CONNECTION_THRESHOLD[3].
 2024-12-17-14-08 [ConnectionMonitorThread-7-thread-1] [INFO] [CommonDefault]  - serviceOnConnections(localhost:11200) size[1], CONNECTION_THRESHOLD[3].
 2024-12-17-14-11 [ConnectionMonitorThread-7-thread-1] [INFO] [CommonDefault]  - serviceOnConnections(localhost:11200) size[1], CONNECTION_THRESHOLD[3].
 2024-12-17-14-14 [ConnectionMonitorThread-7-thread-1] [INFO] [CommonDefault]  - serviceOnConnections(localhost:11200) size[1], CONNECTION_THRESHOLD[3].
 2024-12-17-14-17 [ConnectionMonitorThread-7-thread-1] [INFO] [CommonDefault]  - serviceOnConnections(localhost:11200) size[1], CONNECTION_THRESHOLD[3].
 2024-12-17-14-20 [ConnectionMonitorThread-7-thread-1] [INFO] [CommonDefault]  - serviceOnConnections(localhost:11200) size[1], CONNECTION_THRESHOLD[3].
 2024-12-17-14-23 [ConnectionMonitorThread-7-thread-1] [INFO] [CommonDefault]  - serviceOnConnections(localhost:11200) size[1], CONNECTION_THRESHOLD[3].
 2024-12-17-14-26 [ConnectionMonitorThread-7-thread-1] [INFO] [CommonDefault]  - serviceOnConnections(localhost:11200) size[1], CONNECTION_THRESHOLD[3].
 2024-12-17-14-29 [ConnectionMonitorThread-7-thread-1] [INFO] [CommonDefault]  - serviceOnConnections(localhost:11200) size[1], CONNECTION_THRESHOLD[3].
 2024-12-17-14-32 [auto-certificate-service-daemon-1] [INFO] [com.wechat.pay.java.core.certificate.AutoCertificateService]  - Begin update Certificates. total updates: 88
 2024-12-17-14-32 [auto-certificate-service-daemon-1] [INFO] [com.wechat.pay.java.core.certificate.AutoCertificateService]  - update wechatpay certificate 1645631772-RSA done
 2024-12-17-14-32 [ConnectionMonitorThread-7-thread-1] [INFO] [CommonDefault]  - serviceOnConnections(localhost:11200) size[1], CONNECTION_THRESHOLD[3].
 2024-12-17-14-35 [ConnectionMonitorThread-7-thread-1] [INFO] [CommonDefault]  - serviceOnConnections(localhost:11200) size[1], CONNECTION_THRESHOLD[3].
 2024-12-17-14-38 [ConnectionMonitorThread-7-thread-1] [INFO] [CommonDefault]  - serviceOnConnections(localhost:11200) size[1], CONNECTION_THRESHOLD[3].
 2024-12-17-14-41 [ConnectionMonitorThread-7-thread-1] [INFO] [CommonDefault]  - serviceOnConnections(localhost:11200) size[1], CONNECTION_THRESHOLD[3].
 2024-12-17-14-44 [ConnectionMonitorThread-7-thread-1] [INFO] [CommonDefault]  - serviceOnConnections(localhost:11200) size[1], CONNECTION_THRESHOLD[3].
 2024-12-17-14-47 [ConnectionMonitorThread-7-thread-1] [INFO] [CommonDefault]  - serviceOnConnections(localhost:11200) size[1], CONNECTION_THRESHOLD[3].
 2024-12-17-14-50 [ConnectionMonitorThread-7-thread-1] [INFO] [CommonDefault]  - serviceOnConnections(localhost:11200) size[1], CONNECTION_THRESHOLD[3].
 2024-12-17-14-53 [ConnectionMonitorThread-7-thread-1] [INFO] [CommonDefault]  - serviceOnConnections(localhost:11200) size[1], CONNECTION_THRESHOLD[3].
 2024-12-17-14-56 [ConnectionMonitorThread-7-thread-1] [INFO] [CommonDefault]  - serviceOnConnections(localhost:11200) size[1], CONNECTION_THRESHOLD[3].
 2024-12-17-14-59 [ConnectionMonitorThread-7-thread-1] [INFO] [CommonDefault]  - serviceOnConnections(localhost:11200) size[1], CONNECTION_THRESHOLD[3].
 2024-12-17-15-02 [ConnectionMonitorThread-7-thread-1] [INFO] [CommonDefault]  - serviceOnConnections(localhost:11200) size[1], CONNECTION_THRESHOLD[3].
 2024-12-17-15-05 [ConnectionMonitorThread-7-thread-1] [INFO] [CommonDefault]  - serviceOnConnections(localhost:11200) size[1], CONNECTION_THRESHOLD[3].
 2024-12-17-15-08 [ConnectionMonitorThread-7-thread-1] [INFO] [CommonDefault]  - serviceOnConnections(localhost:11200) size[1], CONNECTION_THRESHOLD[3].
 2024-12-17-15-11 [ConnectionMonitorThread-7-thread-1] [INFO] [CommonDefault]  - serviceOnConnections(localhost:11200) size[1], CONNECTION_THRESHOLD[3].
 2024-12-17-15-14 [ConnectionMonitorThread-7-thread-1] [INFO] [CommonDefault]  - serviceOnConnections(localhost:11200) size[1], CONNECTION_THRESHOLD[3].
 2024-12-17-15-17 [ConnectionMonitorThread-7-thread-1] [INFO] [CommonDefault]  - serviceOnConnections(localhost:11200) size[1], CONNECTION_THRESHOLD[3].
 2024-12-17-15-20 [ConnectionMonitorThread-7-thread-1] [INFO] [CommonDefault]  - serviceOnConnections(localhost:11200) size[1], CONNECTION_THRESHOLD[3].
 2024-12-17-15-23 [ConnectionMonitorThread-7-thread-1] [INFO] [CommonDefault]  - serviceOnConnections(localhost:11200) size[1], CONNECTION_THRESHOLD[3].
 2024-12-17-15-26 [ConnectionMonitorThread-7-thread-1] [INFO] [CommonDefault]  - serviceOnConnections(localhost:11200) size[1], CONNECTION_THRESHOLD[3].
 2024-12-17-15-29 [ConnectionMonitorThread-7-thread-1] [INFO] [CommonDefault]  - serviceOnConnections(localhost:11200) size[1], CONNECTION_THRESHOLD[3].
 2024-12-17-15-32 [auto-certificate-service-daemon-1] [INFO] [com.wechat.pay.java.core.certificate.AutoCertificateService]  - Begin update Certificates. total updates: 89
 2024-12-17-15-32 [auto-certificate-service-daemon-1] [INFO] [com.wechat.pay.java.core.certificate.AutoCertificateService]  - update wechatpay certificate 1645631772-RSA done
 2024-12-17-15-32 [ConnectionMonitorThread-7-thread-1] [INFO] [CommonDefault]  - serviceOnConnections(localhost:11200) size[1], CONNECTION_THRESHOLD[3].
 2024-12-17-15-35 [ConnectionMonitorThread-7-thread-1] [INFO] [CommonDefault]  - serviceOnConnections(localhost:11200) size[1], CONNECTION_THRESHOLD[3].
 2024-12-17-15-38 [ConnectionMonitorThread-7-thread-1] [INFO] [CommonDefault]  - serviceOnConnections(localhost:11200) size[1], CONNECTION_THRESHOLD[3].
 2024-12-17-15-41 [ConnectionMonitorThread-7-thread-1] [INFO] [CommonDefault]  - serviceOnConnections(localhost:11200) size[1], CONNECTION_THRESHOLD[3].
 2024-12-17-15-44 [ConnectionMonitorThread-7-thread-1] [INFO] [CommonDefault]  - serviceOnConnections(localhost:11200) size[1], CONNECTION_THRESHOLD[3].
 2024-12-17-15-47 [ConnectionMonitorThread-7-thread-1] [INFO] [CommonDefault]  - serviceOnConnections(localhost:11200) size[1], CONNECTION_THRESHOLD[3].
 2024-12-17-15-50 [ConnectionMonitorThread-7-thread-1] [INFO] [CommonDefault]  - serviceOnConnections(localhost:11200) size[1], CONNECTION_THRESHOLD[3].
 2024-12-17-15-53 [ConnectionMonitorThread-7-thread-1] [INFO] [CommonDefault]  - serviceOnConnections(localhost:11200) size[1], CONNECTION_THRESHOLD[3].
 2024-12-17-15-56 [ConnectionMonitorThread-7-thread-1] [INFO] [CommonDefault]  - serviceOnConnections(localhost:11200) size[1], CONNECTION_THRESHOLD[3].
 2024-12-17-15-59 [ConnectionMonitorThread-7-thread-1] [INFO] [CommonDefault]  - serviceOnConnections(localhost:11200) size[1], CONNECTION_THRESHOLD[3].
 2024-12-17-16-02 [ConnectionMonitorThread-7-thread-1] [INFO] [CommonDefault]  - serviceOnConnections(localhost:11200) size[1], CONNECTION_THRESHOLD[3].
 2024-12-17-16-05 [ConnectionMonitorThread-7-thread-1] [INFO] [CommonDefault]  - serviceOnConnections(localhost:11200) size[1], CONNECTION_THRESHOLD[3].
 2024-12-17-16-08 [ConnectionMonitorThread-7-thread-1] [INFO] [CommonDefault]  - serviceOnConnections(localhost:11200) size[1], CONNECTION_THRESHOLD[3].
 2024-12-17-16-11 [ConnectionMonitorThread-7-thread-1] [INFO] [CommonDefault]  - serviceOnConnections(localhost:11200) size[1], CONNECTION_THRESHOLD[3].
 2024-12-17-16-14 [ConnectionMonitorThread-7-thread-1] [INFO] [CommonDefault]  - serviceOnConnections(localhost:11200) size[1], CONNECTION_THRESHOLD[3].
 2024-12-17-16-17 [ConnectionMonitorThread-7-thread-1] [INFO] [CommonDefault]  - serviceOnConnections(localhost:11200) size[1], CONNECTION_THRESHOLD[3].
 2024-12-17-16-20 [ConnectionMonitorThread-7-thread-1] [INFO] [CommonDefault]  - serviceOnConnections(localhost:11200) size[1], CONNECTION_THRESHOLD[3].
 2024-12-17-16-23 [ConnectionMonitorThread-7-thread-1] [INFO] [CommonDefault]  - serviceOnConnections(localhost:11200) size[1], CONNECTION_THRESHOLD[3].
 2024-12-17-16-26 [ConnectionMonitorThread-7-thread-1] [INFO] [CommonDefault]  - serviceOnConnections(localhost:11200) size[1], CONNECTION_THRESHOLD[3].
 2024-12-17-16-29 [ConnectionMonitorThread-7-thread-1] [INFO] [CommonDefault]  - serviceOnConnections(localhost:11200) size[1], CONNECTION_THRESHOLD[3].
 2024-12-17-16-32 [auto-certificate-service-daemon-1] [INFO] [com.wechat.pay.java.core.certificate.AutoCertificateService]  - Begin update Certificates. total updates: 90
 2024-12-17-16-32 [auto-certificate-service-daemon-1] [INFO] [com.wechat.pay.java.core.certificate.AutoCertificateService]  - update wechatpay certificate 1645631772-RSA done
 2024-12-17-16-32 [ConnectionMonitorThread-7-thread-1] [INFO] [CommonDefault]  - serviceOnConnections(localhost:11200) size[1], CONNECTION_THRESHOLD[3].
 2024-12-17-16-35 [ConnectionMonitorThread-7-thread-1] [INFO] [CommonDefault]  - serviceOnConnections(localhost:11200) size[1], CONNECTION_THRESHOLD[3].
 2024-12-17-16-38 [ConnectionMonitorThread-7-thread-1] [INFO] [CommonDefault]  - serviceOnConnections(localhost:11200) size[1], CONNECTION_THRESHOLD[3].
 2024-12-17-16-41 [ConnectionMonitorThread-7-thread-1] [INFO] [CommonDefault]  - serviceOnConnections(localhost:11200) size[1], CONNECTION_THRESHOLD[3].
 2024-12-17-16-44 [ConnectionMonitorThread-7-thread-1] [INFO] [CommonDefault]  - serviceOnConnections(localhost:11200) size[1], CONNECTION_THRESHOLD[3].
 2024-12-17-16-47 [ConnectionMonitorThread-7-thread-1] [INFO] [CommonDefault]  - serviceOnConnections(localhost:11200) size[1], CONNECTION_THRESHOLD[3].
 2024-12-17-16-50 [ConnectionMonitorThread-7-thread-1] [INFO] [CommonDefault]  - serviceOnConnections(localhost:11200) size[1], CONNECTION_THRESHOLD[3].
 2024-12-17-16-53 [ConnectionMonitorThread-7-thread-1] [INFO] [CommonDefault]  - serviceOnConnections(localhost:11200) size[1], CONNECTION_THRESHOLD[3].
 2024-12-17-16-56 [ConnectionMonitorThread-7-thread-1] [INFO] [CommonDefault]  - serviceOnConnections(localhost:11200) size[1], CONNECTION_THRESHOLD[3].
 2024-12-17-16-59 [ConnectionMonitorThread-7-thread-1] [INFO] [CommonDefault]  - serviceOnConnections(localhost:11200) size[1], CONNECTION_THRESHOLD[3].
 2024-12-17-17-02 [ConnectionMonitorThread-7-thread-1] [INFO] [CommonDefault]  - serviceOnConnections(localhost:11200) size[1], CONNECTION_THRESHOLD[3].
 2024-12-17-17-05 [ConnectionMonitorThread-7-thread-1] [INFO] [CommonDefault]  - serviceOnConnections(localhost:11200) size[1], CONNECTION_THRESHOLD[3].
 2024-12-17-17-08 [ConnectionMonitorThread-7-thread-1] [INFO] [CommonDefault]  - serviceOnConnections(localhost:11200) size[1], CONNECTION_THRESHOLD[3].
 2024-12-17-17-11 [ConnectionMonitorThread-7-thread-1] [INFO] [CommonDefault]  - serviceOnConnections(localhost:11200) size[1], CONNECTION_THRESHOLD[3].
 2024-12-17-17-14 [ConnectionMonitorThread-7-thread-1] [INFO] [CommonDefault]  - serviceOnConnections(localhost:11200) size[1], CONNECTION_THRESHOLD[3].
 2024-12-17-17-17 [ConnectionMonitorThread-7-thread-1] [INFO] [CommonDefault]  - serviceOnConnections(localhost:11200) size[1], CONNECTION_THRESHOLD[3].
 2024-12-17-17-20 [ConnectionMonitorThread-7-thread-1] [INFO] [CommonDefault]  - serviceOnConnections(localhost:11200) size[1], CONNECTION_THRESHOLD[3].
 2024-12-17-17-23 [ConnectionMonitorThread-7-thread-1] [INFO] [CommonDefault]  - serviceOnConnections(localhost:11200) size[1], CONNECTION_THRESHOLD[3].
 2024-12-17-17-26 [ConnectionMonitorThread-7-thread-1] [INFO] [CommonDefault]  - serviceOnConnections(localhost:11200) size[1], CONNECTION_THRESHOLD[3].
 2024-12-17-17-29 [ConnectionMonitorThread-7-thread-1] [INFO] [CommonDefault]  - serviceOnConnections(localhost:11200) size[1], CONNECTION_THRESHOLD[3].
 2024-12-17-17-32 [auto-certificate-service-daemon-1] [INFO] [com.wechat.pay.java.core.certificate.AutoCertificateService]  - Begin update Certificates. total updates: 91
 2024-12-17-17-32 [auto-certificate-service-daemon-1] [INFO] [com.wechat.pay.java.core.certificate.AutoCertificateService]  - update wechatpay certificate 1645631772-RSA done
 2024-12-17-17-32 [ConnectionMonitorThread-7-thread-1] [INFO] [CommonDefault]  - serviceOnConnections(localhost:11200) size[1], CONNECTION_THRESHOLD[3].
 2024-12-17-17-35 [ConnectionMonitorThread-7-thread-1] [INFO] [CommonDefault]  - serviceOnConnections(localhost:11200) size[1], CONNECTION_THRESHOLD[3].
 2024-12-17-17-38 [ConnectionMonitorThread-7-thread-1] [INFO] [CommonDefault]  - serviceOnConnections(localhost:11200) size[1], CONNECTION_THRESHOLD[3].
 2024-12-17-17-41 [ConnectionMonitorThread-7-thread-1] [INFO] [CommonDefault]  - serviceOnConnections(localhost:11200) size[1], CONNECTION_THRESHOLD[3].
 2024-12-17-17-44 [ConnectionMonitorThread-7-thread-1] [INFO] [CommonDefault]  - serviceOnConnections(localhost:11200) size[1], CONNECTION_THRESHOLD[3].
 2024-12-17-17-47 [ConnectionMonitorThread-7-thread-1] [INFO] [CommonDefault]  - serviceOnConnections(localhost:11200) size[1], CONNECTION_THRESHOLD[3].
 2024-12-17-17-50 [ConnectionMonitorThread-7-thread-1] [INFO] [CommonDefault]  - serviceOnConnections(localhost:11200) size[1], CONNECTION_THRESHOLD[3].
 2024-12-17-17-53 [ConnectionMonitorThread-7-thread-1] [INFO] [CommonDefault]  - serviceOnConnections(localhost:11200) size[1], CONNECTION_THRESHOLD[3].
 2024-12-17-17-56 [ConnectionMonitorThread-7-thread-1] [INFO] [CommonDefault]  - serviceOnConnections(localhost:11200) size[1], CONNECTION_THRESHOLD[3].
 2024-12-17-17-59 [ConnectionMonitorThread-7-thread-1] [INFO] [CommonDefault]  - serviceOnConnections(localhost:11200) size[1], CONNECTION_THRESHOLD[3].
 2024-12-17-18-02 [ConnectionMonitorThread-7-thread-1] [INFO] [CommonDefault]  - serviceOnConnections(localhost:11200) size[1], CONNECTION_THRESHOLD[3].
 2024-12-17-18-05 [ConnectionMonitorThread-7-thread-1] [INFO] [CommonDefault]  - serviceOnConnections(localhost:11200) size[1], CONNECTION_THRESHOLD[3].
 2024-12-17-18-08 [ConnectionMonitorThread-7-thread-1] [INFO] [CommonDefault]  - serviceOnConnections(localhost:11200) size[1], CONNECTION_THRESHOLD[3].
 2024-12-17-18-11 [ConnectionMonitorThread-7-thread-1] [INFO] [CommonDefault]  - serviceOnConnections(localhost:11200) size[1], CONNECTION_THRESHOLD[3].
 2024-12-17-18-14 [ConnectionMonitorThread-7-thread-1] [INFO] [CommonDefault]  - serviceOnConnections(localhost:11200) size[1], CONNECTION_THRESHOLD[3].
 2024-12-17-18-17 [ConnectionMonitorThread-7-thread-1] [INFO] [CommonDefault]  - serviceOnConnections(localhost:11200) size[1], CONNECTION_THRESHOLD[3].
 2024-12-17-18-20 [ConnectionMonitorThread-7-thread-1] [INFO] [CommonDefault]  - serviceOnConnections(localhost:11200) size[1], CONNECTION_THRESHOLD[3].
 2024-12-17-18-23 [ConnectionMonitorThread-7-thread-1] [INFO] [CommonDefault]  - serviceOnConnections(localhost:11200) size[1], CONNECTION_THRESHOLD[3].
 2024-12-17-18-26 [ConnectionMonitorThread-7-thread-1] [INFO] [CommonDefault]  - serviceOnConnections(localhost:11200) size[1], CONNECTION_THRESHOLD[3].
 2024-12-17-18-29 [ConnectionMonitorThread-7-thread-1] [INFO] [CommonDefault]  - serviceOnConnections(localhost:11200) size[1], CONNECTION_THRESHOLD[3].
 2024-12-17-18-32 [auto-certificate-service-daemon-1] [INFO] [com.wechat.pay.java.core.certificate.AutoCertificateService]  - Begin update Certificates. total updates: 92
 2024-12-17-18-32 [auto-certificate-service-daemon-1] [INFO] [com.wechat.pay.java.core.certificate.AutoCertificateService]  - update wechatpay certificate 1645631772-RSA done
 2024-12-17-18-32 [ConnectionMonitorThread-7-thread-1] [INFO] [CommonDefault]  - serviceOnConnections(localhost:11200) size[1], CONNECTION_THRESHOLD[3].
 2024-12-17-18-35 [ConnectionMonitorThread-7-thread-1] [INFO] [CommonDefault]  - serviceOnConnections(localhost:11200) size[1], CONNECTION_THRESHOLD[3].
 2024-12-17-18-38 [ConnectionMonitorThread-7-thread-1] [INFO] [CommonDefault]  - serviceOnConnections(localhost:11200) size[1], CONNECTION_THRESHOLD[3].
 2024-12-17-18-41 [ConnectionMonitorThread-7-thread-1] [INFO] [CommonDefault]  - serviceOnConnections(localhost:11200) size[1], CONNECTION_THRESHOLD[3].
 2024-12-17-18-44 [ConnectionMonitorThread-7-thread-1] [INFO] [CommonDefault]  - serviceOnConnections(localhost:11200) size[1], CONNECTION_THRESHOLD[3].
 2024-12-17-18-47 [ConnectionMonitorThread-7-thread-1] [INFO] [CommonDefault]  - serviceOnConnections(localhost:11200) size[1], CONNECTION_THRESHOLD[3].
 2024-12-17-18-50 [ConnectionMonitorThread-7-thread-1] [INFO] [CommonDefault]  - serviceOnConnections(localhost:11200) size[1], CONNECTION_THRESHOLD[3].
 2024-12-17-18-53 [ConnectionMonitorThread-7-thread-1] [INFO] [CommonDefault]  - serviceOnConnections(localhost:11200) size[1], CONNECTION_THRESHOLD[3].
 2024-12-17-18-56 [ConnectionMonitorThread-7-thread-1] [INFO] [CommonDefault]  - serviceOnConnections(localhost:11200) size[1], CONNECTION_THRESHOLD[3].
 2024-12-17-18-59 [ConnectionMonitorThread-7-thread-1] [INFO] [CommonDefault]  - serviceOnConnections(localhost:11200) size[1], CONNECTION_THRESHOLD[3].
 2024-12-17-19-02 [ConnectionMonitorThread-7-thread-1] [INFO] [CommonDefault]  - serviceOnConnections(localhost:11200) size[1], CONNECTION_THRESHOLD[3].
 2024-12-17-19-05 [ConnectionMonitorThread-7-thread-1] [INFO] [CommonDefault]  - serviceOnConnections(localhost:11200) size[1], CONNECTION_THRESHOLD[3].
 2024-12-17-19-08 [ConnectionMonitorThread-7-thread-1] [INFO] [CommonDefault]  - serviceOnConnections(localhost:11200) size[1], CONNECTION_THRESHOLD[3].
 2024-12-17-19-11 [ConnectionMonitorThread-7-thread-1] [INFO] [CommonDefault]  - serviceOnConnections(localhost:11200) size[1], CONNECTION_THRESHOLD[3].
 2024-12-17-19-14 [ConnectionMonitorThread-7-thread-1] [INFO] [CommonDefault]  - serviceOnConnections(localhost:11200) size[1], CONNECTION_THRESHOLD[3].
 2024-12-17-19-17 [ConnectionMonitorThread-7-thread-1] [INFO] [CommonDefault]  - serviceOnConnections(localhost:11200) size[1], CONNECTION_THRESHOLD[3].
 2024-12-17-19-20 [ConnectionMonitorThread-7-thread-1] [INFO] [CommonDefault]  - serviceOnConnections(localhost:11200) size[1], CONNECTION_THRESHOLD[3].
 2024-12-17-19-23 [ConnectionMonitorThread-7-thread-1] [INFO] [CommonDefault]  - serviceOnConnections(localhost:11200) size[1], CONNECTION_THRESHOLD[3].
 2024-12-17-19-26 [ConnectionMonitorThread-7-thread-1] [INFO] [CommonDefault]  - serviceOnConnections(localhost:11200) size[1], CONNECTION_THRESHOLD[3].
 2024-12-17-19-29 [ConnectionMonitorThread-7-thread-1] [INFO] [CommonDefault]  - serviceOnConnections(localhost:11200) size[1], CONNECTION_THRESHOLD[3].
 2024-12-17-19-32 [auto-certificate-service-daemon-1] [INFO] [com.wechat.pay.java.core.certificate.AutoCertificateService]  - Begin update Certificates. total updates: 93
 2024-12-17-19-32 [auto-certificate-service-daemon-1] [INFO] [com.wechat.pay.java.core.certificate.AutoCertificateService]  - update wechatpay certificate 1645631772-RSA done
 2024-12-17-19-32 [ConnectionMonitorThread-7-thread-1] [INFO] [CommonDefault]  - serviceOnConnections(localhost:11200) size[1], CONNECTION_THRESHOLD[3].
 2024-12-17-19-35 [ConnectionMonitorThread-7-thread-1] [INFO] [CommonDefault]  - serviceOnConnections(localhost:11200) size[1], CONNECTION_THRESHOLD[3].
 2024-12-17-19-38 [ConnectionMonitorThread-7-thread-1] [INFO] [CommonDefault]  - serviceOnConnections(localhost:11200) size[1], CONNECTION_THRESHOLD[3].
 2024-12-17-19-41 [ConnectionMonitorThread-7-thread-1] [INFO] [CommonDefault]  - serviceOnConnections(localhost:11200) size[1], CONNECTION_THRESHOLD[3].
 2024-12-17-19-44 [ConnectionMonitorThread-7-thread-1] [INFO] [CommonDefault]  - serviceOnConnections(localhost:11200) size[1], CONNECTION_THRESHOLD[3].
 2024-12-17-19-47 [ConnectionMonitorThread-7-thread-1] [INFO] [CommonDefault]  - serviceOnConnections(localhost:11200) size[1], CONNECTION_THRESHOLD[3].
 2024-12-17-19-50 [ConnectionMonitorThread-7-thread-1] [INFO] [CommonDefault]  - serviceOnConnections(localhost:11200) size[1], CONNECTION_THRESHOLD[3].
 2024-12-17-19-53 [ConnectionMonitorThread-7-thread-1] [INFO] [CommonDefault]  - serviceOnConnections(localhost:11200) size[1], CONNECTION_THRESHOLD[3].
 2024-12-17-19-56 [ConnectionMonitorThread-7-thread-1] [INFO] [CommonDefault]  - serviceOnConnections(localhost:11200) size[1], CONNECTION_THRESHOLD[3].
 2024-12-17-19-59 [ConnectionMonitorThread-7-thread-1] [INFO] [CommonDefault]  - serviceOnConnections(localhost:11200) size[1], CONNECTION_THRESHOLD[3].
 2024-12-17-20-02 [ConnectionMonitorThread-7-thread-1] [INFO] [CommonDefault]  - serviceOnConnections(localhost:11200) size[1], CONNECTION_THRESHOLD[3].
 2024-12-17-20-05 [ConnectionMonitorThread-7-thread-1] [INFO] [CommonDefault]  - serviceOnConnections(localhost:11200) size[1], CONNECTION_THRESHOLD[3].
 2024-12-17-20-08 [ConnectionMonitorThread-7-thread-1] [INFO] [CommonDefault]  - serviceOnConnections(localhost:11200) size[1], CONNECTION_THRESHOLD[3].
 2024-12-17-20-11 [ConnectionMonitorThread-7-thread-1] [INFO] [CommonDefault]  - serviceOnConnections(localhost:11200) size[1], CONNECTION_THRESHOLD[3].
 2024-12-17-20-14 [ConnectionMonitorThread-7-thread-1] [INFO] [CommonDefault]  - serviceOnConnections(localhost:11200) size[1], CONNECTION_THRESHOLD[3].
 2024-12-17-20-17 [ConnectionMonitorThread-7-thread-1] [INFO] [CommonDefault]  - serviceOnConnections(localhost:11200) size[1], CONNECTION_THRESHOLD[3].
 2024-12-17-20-20 [ConnectionMonitorThread-7-thread-1] [INFO] [CommonDefault]  - serviceOnConnections(localhost:11200) size[1], CONNECTION_THRESHOLD[3].
 2024-12-17-20-23 [ConnectionMonitorThread-7-thread-1] [INFO] [CommonDefault]  - serviceOnConnections(localhost:11200) size[1], CONNECTION_THRESHOLD[3].
 2024-12-17-20-26 [ConnectionMonitorThread-7-thread-1] [INFO] [CommonDefault]  - serviceOnConnections(localhost:11200) size[1], CONNECTION_THRESHOLD[3].
 2024-12-17-20-29 [ConnectionMonitorThread-7-thread-1] [INFO] [CommonDefault]  - serviceOnConnections(localhost:11200) size[1], CONNECTION_THRESHOLD[3].
 2024-12-17-20-32 [auto-certificate-service-daemon-1] [INFO] [com.wechat.pay.java.core.certificate.AutoCertificateService]  - Begin update Certificates. total updates: 94
 2024-12-17-20-32 [auto-certificate-service-daemon-1] [INFO] [com.wechat.pay.java.core.certificate.AutoCertificateService]  - update wechatpay certificate 1645631772-RSA done
 2024-12-17-20-32 [ConnectionMonitorThread-7-thread-1] [INFO] [CommonDefault]  - serviceOnConnections(localhost:11200) size[1], CONNECTION_THRESHOLD[3].
 2024-12-17-20-35 [ConnectionMonitorThread-7-thread-1] [INFO] [CommonDefault]  - serviceOnConnections(localhost:11200) size[1], CONNECTION_THRESHOLD[3].
 2024-12-17-20-38 [ConnectionMonitorThread-7-thread-1] [INFO] [CommonDefault]  - serviceOnConnections(localhost:11200) size[1], CONNECTION_THRESHOLD[3].
 2024-12-17-20-41 [ConnectionMonitorThread-7-thread-1] [INFO] [CommonDefault]  - serviceOnConnections(localhost:11200) size[1], CONNECTION_THRESHOLD[3].
 2024-12-17-20-44 [ConnectionMonitorThread-7-thread-1] [INFO] [CommonDefault]  - serviceOnConnections(localhost:11200) size[1], CONNECTION_THRESHOLD[3].
 2024-12-17-20-47 [ConnectionMonitorThread-7-thread-1] [INFO] [CommonDefault]  - serviceOnConnections(localhost:11200) size[1], CONNECTION_THRESHOLD[3].
 2024-12-17-20-50 [ConnectionMonitorThread-7-thread-1] [INFO] [CommonDefault]  - serviceOnConnections(localhost:11200) size[1], CONNECTION_THRESHOLD[3].
 2024-12-17-20-53 [ConnectionMonitorThread-7-thread-1] [INFO] [CommonDefault]  - serviceOnConnections(localhost:11200) size[1], CONNECTION_THRESHOLD[3].
 2024-12-17-20-56 [ConnectionMonitorThread-7-thread-1] [INFO] [CommonDefault]  - serviceOnConnections(localhost:11200) size[1], CONNECTION_THRESHOLD[3].
 2024-12-17-20-59 [ConnectionMonitorThread-7-thread-1] [INFO] [CommonDefault]  - serviceOnConnections(localhost:11200) size[1], CONNECTION_THRESHOLD[3].
 2024-12-17-21-02 [ConnectionMonitorThread-7-thread-1] [INFO] [CommonDefault]  - serviceOnConnections(localhost:11200) size[1], CONNECTION_THRESHOLD[3].
 2024-12-17-21-05 [ConnectionMonitorThread-7-thread-1] [INFO] [CommonDefault]  - serviceOnConnections(localhost:11200) size[1], CONNECTION_THRESHOLD[3].
 2024-12-17-21-08 [ConnectionMonitorThread-7-thread-1] [INFO] [CommonDefault]  - serviceOnConnections(localhost:11200) size[1], CONNECTION_THRESHOLD[3].
 2024-12-17-21-11 [ConnectionMonitorThread-7-thread-1] [INFO] [CommonDefault]  - serviceOnConnections(localhost:11200) size[1], CONNECTION_THRESHOLD[3].
 2024-12-17-21-14 [ConnectionMonitorThread-7-thread-1] [INFO] [CommonDefault]  - serviceOnConnections(localhost:11200) size[1], CONNECTION_THRESHOLD[3].
 2024-12-17-21-17 [ConnectionMonitorThread-7-thread-1] [INFO] [CommonDefault]  - serviceOnConnections(localhost:11200) size[1], CONNECTION_THRESHOLD[3].
 2024-12-17-21-20 [ConnectionMonitorThread-7-thread-1] [INFO] [CommonDefault]  - serviceOnConnections(localhost:11200) size[1], CONNECTION_THRESHOLD[3].
 2024-12-17-21-23 [ConnectionMonitorThread-7-thread-1] [INFO] [CommonDefault]  - serviceOnConnections(localhost:11200) size[1], CONNECTION_THRESHOLD[3].
 2024-12-17-21-26 [ConnectionMonitorThread-7-thread-1] [INFO] [CommonDefault]  - serviceOnConnections(localhost:11200) size[1], CONNECTION_THRESHOLD[3].
 2024-12-17-21-29 [ConnectionMonitorThread-7-thread-1] [INFO] [CommonDefault]  - serviceOnConnections(localhost:11200) size[1], CONNECTION_THRESHOLD[3].
 2024-12-17-21-32 [auto-certificate-service-daemon-1] [INFO] [com.wechat.pay.java.core.certificate.AutoCertificateService]  - Begin update Certificates. total updates: 95
 2024-12-17-21-32 [auto-certificate-service-daemon-1] [INFO] [com.wechat.pay.java.core.certificate.AutoCertificateService]  - update wechatpay certificate 1645631772-RSA done
 2024-12-17-21-32 [ConnectionMonitorThread-7-thread-1] [INFO] [CommonDefault]  - serviceOnConnections(localhost:11200) size[1], CONNECTION_THRESHOLD[3].
 2024-12-17-21-35 [ConnectionMonitorThread-7-thread-1] [INFO] [CommonDefault]  - serviceOnConnections(localhost:11200) size[1], CONNECTION_THRESHOLD[3].
 2024-12-17-21-38 [ConnectionMonitorThread-7-thread-1] [INFO] [CommonDefault]  - serviceOnConnections(localhost:11200) size[1], CONNECTION_THRESHOLD[3].
 2024-12-17-21-41 [ConnectionMonitorThread-7-thread-1] [INFO] [CommonDefault]  - serviceOnConnections(localhost:11200) size[1], CONNECTION_THRESHOLD[3].
 2024-12-17-21-44 [ConnectionMonitorThread-7-thread-1] [INFO] [CommonDefault]  - serviceOnConnections(localhost:11200) size[1], CONNECTION_THRESHOLD[3].
 2024-12-17-21-47 [ConnectionMonitorThread-7-thread-1] [INFO] [CommonDefault]  - serviceOnConnections(localhost:11200) size[1], CONNECTION_THRESHOLD[3].
 2024-12-17-21-50 [ConnectionMonitorThread-7-thread-1] [INFO] [CommonDefault]  - serviceOnConnections(localhost:11200) size[1], CONNECTION_THRESHOLD[3].
 2024-12-17-21-53 [ConnectionMonitorThread-7-thread-1] [INFO] [CommonDefault]  - serviceOnConnections(localhost:11200) size[1], CONNECTION_THRESHOLD[3].
 2024-12-17-21-56 [ConnectionMonitorThread-7-thread-1] [INFO] [CommonDefault]  - serviceOnConnections(localhost:11200) size[1], CONNECTION_THRESHOLD[3].
 2024-12-17-21-59 [ConnectionMonitorThread-7-thread-1] [INFO] [CommonDefault]  - serviceOnConnections(localhost:11200) size[1], CONNECTION_THRESHOLD[3].
 2024-12-17-22-02 [ConnectionMonitorThread-7-thread-1] [INFO] [CommonDefault]  - serviceOnConnections(localhost:11200) size[1], CONNECTION_THRESHOLD[3].
 2024-12-17-22-05 [ConnectionMonitorThread-7-thread-1] [INFO] [CommonDefault]  - serviceOnConnections(localhost:11200) size[1], CONNECTION_THRESHOLD[3].
 2024-12-17-22-08 [ConnectionMonitorThread-7-thread-1] [INFO] [CommonDefault]  - serviceOnConnections(localhost:11200) size[1], CONNECTION_THRESHOLD[3].
 2024-12-17-22-11 [ConnectionMonitorThread-7-thread-1] [INFO] [CommonDefault]  - serviceOnConnections(localhost:11200) size[1], CONNECTION_THRESHOLD[3].
 2024-12-17-22-14 [ConnectionMonitorThread-7-thread-1] [INFO] [CommonDefault]  - serviceOnConnections(localhost:11200) size[1], CONNECTION_THRESHOLD[3].
 2024-12-17-22-17 [ConnectionMonitorThread-7-thread-1] [INFO] [CommonDefault]  - serviceOnConnections(localhost:11200) size[1], CONNECTION_THRESHOLD[3].
 2024-12-17-22-20 [ConnectionMonitorThread-7-thread-1] [INFO] [CommonDefault]  - serviceOnConnections(localhost:11200) size[1], CONNECTION_THRESHOLD[3].
 2024-12-17-22-23 [ConnectionMonitorThread-7-thread-1] [INFO] [CommonDefault]  - serviceOnConnections(localhost:11200) size[1], CONNECTION_THRESHOLD[3].
 2024-12-17-22-26 [ConnectionMonitorThread-7-thread-1] [INFO] [CommonDefault]  - serviceOnConnections(localhost:11200) size[1], CONNECTION_THRESHOLD[3].
 2024-12-17-22-29 [ConnectionMonitorThread-7-thread-1] [INFO] [CommonDefault]  - serviceOnConnections(localhost:11200) size[1], CONNECTION_THRESHOLD[3].
 2024-12-17-22-32 [auto-certificate-service-daemon-1] [INFO] [com.wechat.pay.java.core.certificate.AutoCertificateService]  - Begin update Certificates. total updates: 96
 2024-12-17-22-32 [auto-certificate-service-daemon-1] [INFO] [com.wechat.pay.java.core.certificate.AutoCertificateService]  - update wechatpay certificate 1645631772-RSA done
 2024-12-17-22-32 [ConnectionMonitorThread-7-thread-1] [INFO] [CommonDefault]  - serviceOnConnections(localhost:11200) size[1], CONNECTION_THRESHOLD[3].
 2024-12-17-22-35 [ConnectionMonitorThread-7-thread-1] [INFO] [CommonDefault]  - serviceOnConnections(localhost:11200) size[1], CONNECTION_THRESHOLD[3].
 2024-12-17-22-38 [ConnectionMonitorThread-7-thread-1] [INFO] [CommonDefault]  - serviceOnConnections(localhost:11200) size[1], CONNECTION_THRESHOLD[3].
 2024-12-17-22-41 [ConnectionMonitorThread-7-thread-1] [INFO] [CommonDefault]  - serviceOnConnections(localhost:11200) size[1], CONNECTION_THRESHOLD[3].
 2024-12-17-22-44 [ConnectionMonitorThread-7-thread-1] [INFO] [CommonDefault]  - serviceOnConnections(localhost:11200) size[1], CONNECTION_THRESHOLD[3].
 2024-12-17-22-47 [ConnectionMonitorThread-7-thread-1] [INFO] [CommonDefault]  - serviceOnConnections(localhost:11200) size[1], CONNECTION_THRESHOLD[3].
 2024-12-17-22-50 [ConnectionMonitorThread-7-thread-1] [INFO] [CommonDefault]  - serviceOnConnections(localhost:11200) size[1], CONNECTION_THRESHOLD[3].
 2024-12-17-22-53 [ConnectionMonitorThread-7-thread-1] [INFO] [CommonDefault]  - serviceOnConnections(localhost:11200) size[1], CONNECTION_THRESHOLD[3].
 2024-12-17-22-56 [ConnectionMonitorThread-7-thread-1] [INFO] [CommonDefault]  - serviceOnConnections(localhost:11200) size[1], CONNECTION_THRESHOLD[3].
 2024-12-17-22-59 [ConnectionMonitorThread-7-thread-1] [INFO] [CommonDefault]  - serviceOnConnections(localhost:11200) size[1], CONNECTION_THRESHOLD[3].
 2024-12-17-23-02 [ConnectionMonitorThread-7-thread-1] [INFO] [CommonDefault]  - serviceOnConnections(localhost:11200) size[1], CONNECTION_THRESHOLD[3].
 2024-12-17-23-05 [ConnectionMonitorThread-7-thread-1] [INFO] [CommonDefault]  - serviceOnConnections(localhost:11200) size[1], CONNECTION_THRESHOLD[3].
 2024-12-17-23-08 [ConnectionMonitorThread-7-thread-1] [INFO] [CommonDefault]  - serviceOnConnections(localhost:11200) size[1], CONNECTION_THRESHOLD[3].
 2024-12-17-23-11 [ConnectionMonitorThread-7-thread-1] [INFO] [CommonDefault]  - serviceOnConnections(localhost:11200) size[1], CONNECTION_THRESHOLD[3].
 2024-12-17-23-14 [ConnectionMonitorThread-7-thread-1] [INFO] [CommonDefault]  - serviceOnConnections(localhost:11200) size[1], CONNECTION_THRESHOLD[3].
 2024-12-17-23-17 [ConnectionMonitorThread-7-thread-1] [INFO] [CommonDefault]  - serviceOnConnections(localhost:11200) size[1], CONNECTION_THRESHOLD[3].
 2024-12-17-23-20 [ConnectionMonitorThread-7-thread-1] [INFO] [CommonDefault]  - serviceOnConnections(localhost:11200) size[1], CONNECTION_THRESHOLD[3].
 2024-12-17-23-23 [ConnectionMonitorThread-7-thread-1] [INFO] [CommonDefault]  - serviceOnConnections(localhost:11200) size[1], CONNECTION_THRESHOLD[3].
 2024-12-17-23-26 [ConnectionMonitorThread-7-thread-1] [INFO] [CommonDefault]  - serviceOnConnections(localhost:11200) size[1], CONNECTION_THRESHOLD[3].
 2024-12-17-23-29 [ConnectionMonitorThread-7-thread-1] [INFO] [CommonDefault]  - serviceOnConnections(localhost:11200) size[1], CONNECTION_THRESHOLD[3].
 2024-12-17-23-32 [auto-certificate-service-daemon-1] [INFO] [com.wechat.pay.java.core.certificate.AutoCertificateService]  - Begin update Certificates. total updates: 97
 2024-12-17-23-32 [auto-certificate-service-daemon-1] [INFO] [com.wechat.pay.java.core.certificate.AutoCertificateService]  - update wechatpay certificate 1645631772-RSA done
 2024-12-17-23-32 [ConnectionMonitorThread-7-thread-1] [INFO] [CommonDefault]  - serviceOnConnections(localhost:11200) size[1], CONNECTION_THRESHOLD[3].
 2024-12-17-23-35 [ConnectionMonitorThread-7-thread-1] [INFO] [CommonDefault]  - serviceOnConnections(localhost:11200) size[1], CONNECTION_THRESHOLD[3].
 2024-12-17-23-38 [ConnectionMonitorThread-7-thread-1] [INFO] [CommonDefault]  - serviceOnConnections(localhost:11200) size[1], CONNECTION_THRESHOLD[3].
 2024-12-17-23-41 [ConnectionMonitorThread-7-thread-1] [INFO] [CommonDefault]  - serviceOnConnections(localhost:11200) size[1], CONNECTION_THRESHOLD[3].
 2024-12-17-23-44 [ConnectionMonitorThread-7-thread-1] [INFO] [CommonDefault]  - serviceOnConnections(localhost:11200) size[1], CONNECTION_THRESHOLD[3].
 2024-12-17-23-47 [ConnectionMonitorThread-7-thread-1] [INFO] [CommonDefault]  - serviceOnConnections(localhost:11200) size[1], CONNECTION_THRESHOLD[3].
 2024-12-17-23-50 [ConnectionMonitorThread-7-thread-1] [INFO] [CommonDefault]  - serviceOnConnections(localhost:11200) size[1], CONNECTION_THRESHOLD[3].
 2024-12-17-23-53 [ConnectionMonitorThread-7-thread-1] [INFO] [CommonDefault]  - serviceOnConnections(localhost:11200) size[1], CONNECTION_THRESHOLD[3].
 2024-12-17-23-56 [ConnectionMonitorThread-7-thread-1] [INFO] [CommonDefault]  - serviceOnConnections(localhost:11200) size[1], CONNECTION_THRESHOLD[3].
 2024-12-17-23-59 [ConnectionMonitorThread-7-thread-1] [INFO] [CommonDefault]  - serviceOnConnections(localhost:11200) size[1], CONNECTION_THRESHOLD[3].
 