2024-12-16-00-02 [ConnectionMonitorThread-7-thread-1] [INFO] [CommonDefault]  - serviceOnConnections(localhost:11200) size[1], CONNECTION_THRESHOLD[3].
 2024-12-16-00-05 [ConnectionMonitorThread-7-thread-1] [INFO] [CommonDefault]  - serviceOnConnections(localhost:11200) size[1], CONNECTION_THRESHOLD[3].
 2024-12-16-00-08 [ConnectionMonitorThread-7-thread-1] [INFO] [CommonDefault]  - serviceOnConnections(localhost:11200) size[1], CONNECTION_THRESHOLD[3].
 2024-12-16-00-11 [ConnectionMonitorThread-7-thread-1] [INFO] [CommonDefault]  - serviceOnConnections(localhost:11200) size[1], CONNECTION_THRESHOLD[3].
 2024-12-16-00-14 [ConnectionMonitorThread-7-thread-1] [INFO] [CommonDefault]  - serviceOnConnections(localhost:11200) size[1], CONNECTION_THRESHOLD[3].
 2024-12-16-00-17 [ConnectionMonitorThread-7-thread-1] [INFO] [CommonDefault]  - serviceOnConnections(localhost:11200) size[1], CONNECTION_THRESHOLD[3].
 2024-12-16-00-20 [ConnectionMonitorThread-7-thread-1] [INFO] [CommonDefault]  - serviceOnConnections(localhost:11200) size[1], CONNECTION_THRESHOLD[3].
 2024-12-16-00-23 [ConnectionMonitorThread-7-thread-1] [INFO] [CommonDefault]  - serviceOnConnections(localhost:11200) size[1], CONNECTION_THRESHOLD[3].
 2024-12-16-00-26 [ConnectionMonitorThread-7-thread-1] [INFO] [CommonDefault]  - serviceOnConnections(localhost:11200) size[1], CONNECTION_THRESHOLD[3].
 2024-12-16-00-29 [ConnectionMonitorThread-7-thread-1] [INFO] [CommonDefault]  - serviceOnConnections(localhost:11200) size[1], CONNECTION_THRESHOLD[3].
 2024-12-16-00-32 [auto-certificate-service-daemon-1] [INFO] [com.wechat.pay.java.core.certificate.AutoCertificateService]  - Begin update Certificates. total updates: 50
 2024-12-16-00-32 [auto-certificate-service-daemon-1] [INFO] [com.wechat.pay.java.core.certificate.AutoCertificateService]  - update wechatpay certificate 1645631772-RSA done
 2024-12-16-00-32 [ConnectionMonitorThread-7-thread-1] [INFO] [CommonDefault]  - serviceOnConnections(localhost:11200) size[1], CONNECTION_THRESHOLD[3].
 2024-12-16-00-35 [ConnectionMonitorThread-7-thread-1] [INFO] [CommonDefault]  - serviceOnConnections(localhost:11200) size[1], CONNECTION_THRESHOLD[3].
 2024-12-16-00-38 [ConnectionMonitorThread-7-thread-1] [INFO] [CommonDefault]  - serviceOnConnections(localhost:11200) size[1], CONNECTION_THRESHOLD[3].
 2024-12-16-00-41 [ConnectionMonitorThread-7-thread-1] [INFO] [CommonDefault]  - serviceOnConnections(localhost:11200) size[1], CONNECTION_THRESHOLD[3].
 2024-12-16-00-44 [ConnectionMonitorThread-7-thread-1] [INFO] [CommonDefault]  - serviceOnConnections(localhost:11200) size[1], CONNECTION_THRESHOLD[3].
 2024-12-16-00-47 [ConnectionMonitorThread-7-thread-1] [INFO] [CommonDefault]  - serviceOnConnections(localhost:11200) size[1], CONNECTION_THRESHOLD[3].
 2024-12-16-00-50 [ConnectionMonitorThread-7-thread-1] [INFO] [CommonDefault]  - serviceOnConnections(localhost:11200) size[1], CONNECTION_THRESHOLD[3].
 2024-12-16-00-53 [ConnectionMonitorThread-7-thread-1] [INFO] [CommonDefault]  - serviceOnConnections(localhost:11200) size[1], CONNECTION_THRESHOLD[3].
 2024-12-16-00-56 [ConnectionMonitorThread-7-thread-1] [INFO] [CommonDefault]  - serviceOnConnections(localhost:11200) size[1], CONNECTION_THRESHOLD[3].
 2024-12-16-00-59 [ConnectionMonitorThread-7-thread-1] [INFO] [CommonDefault]  - serviceOnConnections(localhost:11200) size[1], CONNECTION_THRESHOLD[3].
 2024-12-16-01-02 [ConnectionMonitorThread-7-thread-1] [INFO] [CommonDefault]  - serviceOnConnections(localhost:11200) size[1], CONNECTION_THRESHOLD[3].
 2024-12-16-01-05 [ConnectionMonitorThread-7-thread-1] [INFO] [CommonDefault]  - serviceOnConnections(localhost:11200) size[1], CONNECTION_THRESHOLD[3].
 2024-12-16-01-08 [ConnectionMonitorThread-7-thread-1] [INFO] [CommonDefault]  - serviceOnConnections(localhost:11200) size[1], CONNECTION_THRESHOLD[3].
 2024-12-16-01-11 [ConnectionMonitorThread-7-thread-1] [INFO] [CommonDefault]  - serviceOnConnections(localhost:11200) size[1], CONNECTION_THRESHOLD[3].
 2024-12-16-01-14 [ConnectionMonitorThread-7-thread-1] [INFO] [CommonDefault]  - serviceOnConnections(localhost:11200) size[1], CONNECTION_THRESHOLD[3].
 2024-12-16-01-17 [ConnectionMonitorThread-7-thread-1] [INFO] [CommonDefault]  - serviceOnConnections(localhost:11200) size[1], CONNECTION_THRESHOLD[3].
 2024-12-16-01-20 [ConnectionMonitorThread-7-thread-1] [INFO] [CommonDefault]  - serviceOnConnections(localhost:11200) size[1], CONNECTION_THRESHOLD[3].
 2024-12-16-01-23 [ConnectionMonitorThread-7-thread-1] [INFO] [CommonDefault]  - serviceOnConnections(localhost:11200) size[1], CONNECTION_THRESHOLD[3].
 2024-12-16-01-26 [ConnectionMonitorThread-7-thread-1] [INFO] [CommonDefault]  - serviceOnConnections(localhost:11200) size[1], CONNECTION_THRESHOLD[3].
 2024-12-16-01-29 [ConnectionMonitorThread-7-thread-1] [INFO] [CommonDefault]  - serviceOnConnections(localhost:11200) size[1], CONNECTION_THRESHOLD[3].
 2024-12-16-01-32 [auto-certificate-service-daemon-1] [INFO] [com.wechat.pay.java.core.certificate.AutoCertificateService]  - Begin update Certificates. total updates: 51
 2024-12-16-01-32 [auto-certificate-service-daemon-1] [INFO] [com.wechat.pay.java.core.certificate.AutoCertificateService]  - update wechatpay certificate 1645631772-RSA done
 2024-12-16-01-32 [ConnectionMonitorThread-7-thread-1] [INFO] [CommonDefault]  - serviceOnConnections(localhost:11200) size[1], CONNECTION_THRESHOLD[3].
 2024-12-16-01-35 [ConnectionMonitorThread-7-thread-1] [INFO] [CommonDefault]  - serviceOnConnections(localhost:11200) size[1], CONNECTION_THRESHOLD[3].
 2024-12-16-01-38 [ConnectionMonitorThread-7-thread-1] [INFO] [CommonDefault]  - serviceOnConnections(localhost:11200) size[1], CONNECTION_THRESHOLD[3].
 2024-12-16-01-41 [ConnectionMonitorThread-7-thread-1] [INFO] [CommonDefault]  - serviceOnConnections(localhost:11200) size[1], CONNECTION_THRESHOLD[3].
 2024-12-16-01-44 [ConnectionMonitorThread-7-thread-1] [INFO] [CommonDefault]  - serviceOnConnections(localhost:11200) size[1], CONNECTION_THRESHOLD[3].
 2024-12-16-01-47 [ConnectionMonitorThread-7-thread-1] [INFO] [CommonDefault]  - serviceOnConnections(localhost:11200) size[1], CONNECTION_THRESHOLD[3].
 2024-12-16-01-50 [ConnectionMonitorThread-7-thread-1] [INFO] [CommonDefault]  - serviceOnConnections(localhost:11200) size[1], CONNECTION_THRESHOLD[3].
 2024-12-16-01-53 [ConnectionMonitorThread-7-thread-1] [INFO] [CommonDefault]  - serviceOnConnections(localhost:11200) size[1], CONNECTION_THRESHOLD[3].
 2024-12-16-01-56 [ConnectionMonitorThread-7-thread-1] [INFO] [CommonDefault]  - serviceOnConnections(localhost:11200) size[1], CONNECTION_THRESHOLD[3].
 2024-12-16-01-59 [ConnectionMonitorThread-7-thread-1] [INFO] [CommonDefault]  - serviceOnConnections(localhost:11200) size[1], CONNECTION_THRESHOLD[3].
 2024-12-16-02-02 [ConnectionMonitorThread-7-thread-1] [INFO] [CommonDefault]  - serviceOnConnections(localhost:11200) size[1], CONNECTION_THRESHOLD[3].
 2024-12-16-02-05 [ConnectionMonitorThread-7-thread-1] [INFO] [CommonDefault]  - serviceOnConnections(localhost:11200) size[1], CONNECTION_THRESHOLD[3].
 2024-12-16-02-08 [ConnectionMonitorThread-7-thread-1] [INFO] [CommonDefault]  - serviceOnConnections(localhost:11200) size[1], CONNECTION_THRESHOLD[3].
 2024-12-16-02-11 [ConnectionMonitorThread-7-thread-1] [INFO] [CommonDefault]  - serviceOnConnections(localhost:11200) size[1], CONNECTION_THRESHOLD[3].
 2024-12-16-02-14 [ConnectionMonitorThread-7-thread-1] [INFO] [CommonDefault]  - serviceOnConnections(localhost:11200) size[1], CONNECTION_THRESHOLD[3].
 2024-12-16-02-17 [ConnectionMonitorThread-7-thread-1] [INFO] [CommonDefault]  - serviceOnConnections(localhost:11200) size[1], CONNECTION_THRESHOLD[3].
 2024-12-16-02-20 [ConnectionMonitorThread-7-thread-1] [INFO] [CommonDefault]  - serviceOnConnections(localhost:11200) size[1], CONNECTION_THRESHOLD[3].
 2024-12-16-02-23 [ConnectionMonitorThread-7-thread-1] [INFO] [CommonDefault]  - serviceOnConnections(localhost:11200) size[1], CONNECTION_THRESHOLD[3].
 2024-12-16-02-26 [ConnectionMonitorThread-7-thread-1] [INFO] [CommonDefault]  - serviceOnConnections(localhost:11200) size[1], CONNECTION_THRESHOLD[3].
 2024-12-16-02-29 [ConnectionMonitorThread-7-thread-1] [INFO] [CommonDefault]  - serviceOnConnections(localhost:11200) size[1], CONNECTION_THRESHOLD[3].
 2024-12-16-02-32 [auto-certificate-service-daemon-1] [INFO] [com.wechat.pay.java.core.certificate.AutoCertificateService]  - Begin update Certificates. total updates: 52
 2024-12-16-02-32 [auto-certificate-service-daemon-1] [INFO] [com.wechat.pay.java.core.certificate.AutoCertificateService]  - update wechatpay certificate 1645631772-RSA done
 2024-12-16-02-32 [ConnectionMonitorThread-7-thread-1] [INFO] [CommonDefault]  - serviceOnConnections(localhost:11200) size[1], CONNECTION_THRESHOLD[3].
 2024-12-16-02-35 [ConnectionMonitorThread-7-thread-1] [INFO] [CommonDefault]  - serviceOnConnections(localhost:11200) size[1], CONNECTION_THRESHOLD[3].
 2024-12-16-02-38 [ConnectionMonitorThread-7-thread-1] [INFO] [CommonDefault]  - serviceOnConnections(localhost:11200) size[1], CONNECTION_THRESHOLD[3].
 2024-12-16-02-41 [ConnectionMonitorThread-7-thread-1] [INFO] [CommonDefault]  - serviceOnConnections(localhost:11200) size[1], CONNECTION_THRESHOLD[3].
 2024-12-16-02-44 [ConnectionMonitorThread-7-thread-1] [INFO] [CommonDefault]  - serviceOnConnections(localhost:11200) size[1], CONNECTION_THRESHOLD[3].
 2024-12-16-02-47 [ConnectionMonitorThread-7-thread-1] [INFO] [CommonDefault]  - serviceOnConnections(localhost:11200) size[1], CONNECTION_THRESHOLD[3].
 2024-12-16-02-50 [ConnectionMonitorThread-7-thread-1] [INFO] [CommonDefault]  - serviceOnConnections(localhost:11200) size[1], CONNECTION_THRESHOLD[3].
 2024-12-16-02-53 [ConnectionMonitorThread-7-thread-1] [INFO] [CommonDefault]  - serviceOnConnections(localhost:11200) size[1], CONNECTION_THRESHOLD[3].
 2024-12-16-02-56 [ConnectionMonitorThread-7-thread-1] [INFO] [CommonDefault]  - serviceOnConnections(localhost:11200) size[1], CONNECTION_THRESHOLD[3].
 2024-12-16-02-59 [ConnectionMonitorThread-7-thread-1] [INFO] [CommonDefault]  - serviceOnConnections(localhost:11200) size[1], CONNECTION_THRESHOLD[3].
 2024-12-16-03-02 [ConnectionMonitorThread-7-thread-1] [INFO] [CommonDefault]  - serviceOnConnections(localhost:11200) size[1], CONNECTION_THRESHOLD[3].
 2024-12-16-03-05 [ConnectionMonitorThread-7-thread-1] [INFO] [CommonDefault]  - serviceOnConnections(localhost:11200) size[1], CONNECTION_THRESHOLD[3].
 2024-12-16-03-08 [ConnectionMonitorThread-7-thread-1] [INFO] [CommonDefault]  - serviceOnConnections(localhost:11200) size[1], CONNECTION_THRESHOLD[3].
 2024-12-16-03-11 [ConnectionMonitorThread-7-thread-1] [INFO] [CommonDefault]  - serviceOnConnections(localhost:11200) size[1], CONNECTION_THRESHOLD[3].
 2024-12-16-03-14 [ConnectionMonitorThread-7-thread-1] [INFO] [CommonDefault]  - serviceOnConnections(localhost:11200) size[1], CONNECTION_THRESHOLD[3].
 2024-12-16-03-17 [ConnectionMonitorThread-7-thread-1] [INFO] [CommonDefault]  - serviceOnConnections(localhost:11200) size[1], CONNECTION_THRESHOLD[3].
 2024-12-16-03-20 [ConnectionMonitorThread-7-thread-1] [INFO] [CommonDefault]  - serviceOnConnections(localhost:11200) size[1], CONNECTION_THRESHOLD[3].
 2024-12-16-03-23 [ConnectionMonitorThread-7-thread-1] [INFO] [CommonDefault]  - serviceOnConnections(localhost:11200) size[1], CONNECTION_THRESHOLD[3].
 2024-12-16-03-26 [ConnectionMonitorThread-7-thread-1] [INFO] [CommonDefault]  - serviceOnConnections(localhost:11200) size[1], CONNECTION_THRESHOLD[3].
 2024-12-16-03-29 [ConnectionMonitorThread-7-thread-1] [INFO] [CommonDefault]  - serviceOnConnections(localhost:11200) size[1], CONNECTION_THRESHOLD[3].
 2024-12-16-03-32 [auto-certificate-service-daemon-1] [INFO] [com.wechat.pay.java.core.certificate.AutoCertificateService]  - Begin update Certificates. total updates: 53
 2024-12-16-03-32 [auto-certificate-service-daemon-1] [INFO] [com.wechat.pay.java.core.certificate.AutoCertificateService]  - update wechatpay certificate 1645631772-RSA done
 2024-12-16-03-32 [ConnectionMonitorThread-7-thread-1] [INFO] [CommonDefault]  - serviceOnConnections(localhost:11200) size[1], CONNECTION_THRESHOLD[3].
 2024-12-16-03-35 [ConnectionMonitorThread-7-thread-1] [INFO] [CommonDefault]  - serviceOnConnections(localhost:11200) size[1], CONNECTION_THRESHOLD[3].
 2024-12-16-03-38 [ConnectionMonitorThread-7-thread-1] [INFO] [CommonDefault]  - serviceOnConnections(localhost:11200) size[1], CONNECTION_THRESHOLD[3].
 2024-12-16-03-41 [ConnectionMonitorThread-7-thread-1] [INFO] [CommonDefault]  - serviceOnConnections(localhost:11200) size[1], CONNECTION_THRESHOLD[3].
 2024-12-16-03-44 [ConnectionMonitorThread-7-thread-1] [INFO] [CommonDefault]  - serviceOnConnections(localhost:11200) size[1], CONNECTION_THRESHOLD[3].
 2024-12-16-03-47 [ConnectionMonitorThread-7-thread-1] [INFO] [CommonDefault]  - serviceOnConnections(localhost:11200) size[1], CONNECTION_THRESHOLD[3].
 2024-12-16-03-50 [ConnectionMonitorThread-7-thread-1] [INFO] [CommonDefault]  - serviceOnConnections(localhost:11200) size[1], CONNECTION_THRESHOLD[3].
 2024-12-16-03-53 [ConnectionMonitorThread-7-thread-1] [INFO] [CommonDefault]  - serviceOnConnections(localhost:11200) size[1], CONNECTION_THRESHOLD[3].
 2024-12-16-03-56 [ConnectionMonitorThread-7-thread-1] [INFO] [CommonDefault]  - serviceOnConnections(localhost:11200) size[1], CONNECTION_THRESHOLD[3].
 2024-12-16-03-59 [ConnectionMonitorThread-7-thread-1] [INFO] [CommonDefault]  - serviceOnConnections(localhost:11200) size[1], CONNECTION_THRESHOLD[3].
 2024-12-16-04-02 [ConnectionMonitorThread-7-thread-1] [INFO] [CommonDefault]  - serviceOnConnections(localhost:11200) size[1], CONNECTION_THRESHOLD[3].
 2024-12-16-04-05 [ConnectionMonitorThread-7-thread-1] [INFO] [CommonDefault]  - serviceOnConnections(localhost:11200) size[1], CONNECTION_THRESHOLD[3].
 2024-12-16-04-08 [ConnectionMonitorThread-7-thread-1] [INFO] [CommonDefault]  - serviceOnConnections(localhost:11200) size[1], CONNECTION_THRESHOLD[3].
 2024-12-16-04-11 [ConnectionMonitorThread-7-thread-1] [INFO] [CommonDefault]  - serviceOnConnections(localhost:11200) size[1], CONNECTION_THRESHOLD[3].
 2024-12-16-04-14 [ConnectionMonitorThread-7-thread-1] [INFO] [CommonDefault]  - serviceOnConnections(localhost:11200) size[1], CONNECTION_THRESHOLD[3].
 2024-12-16-04-17 [ConnectionMonitorThread-7-thread-1] [INFO] [CommonDefault]  - serviceOnConnections(localhost:11200) size[1], CONNECTION_THRESHOLD[3].
 2024-12-16-04-20 [ConnectionMonitorThread-7-thread-1] [INFO] [CommonDefault]  - serviceOnConnections(localhost:11200) size[1], CONNECTION_THRESHOLD[3].
 2024-12-16-04-23 [ConnectionMonitorThread-7-thread-1] [INFO] [CommonDefault]  - serviceOnConnections(localhost:11200) size[1], CONNECTION_THRESHOLD[3].
 2024-12-16-04-26 [ConnectionMonitorThread-7-thread-1] [INFO] [CommonDefault]  - serviceOnConnections(localhost:11200) size[1], CONNECTION_THRESHOLD[3].
 2024-12-16-04-29 [ConnectionMonitorThread-7-thread-1] [INFO] [CommonDefault]  - serviceOnConnections(localhost:11200) size[1], CONNECTION_THRESHOLD[3].
 2024-12-16-04-32 [auto-certificate-service-daemon-1] [INFO] [com.wechat.pay.java.core.certificate.AutoCertificateService]  - Begin update Certificates. total updates: 54
 2024-12-16-04-32 [auto-certificate-service-daemon-1] [INFO] [com.wechat.pay.java.core.certificate.AutoCertificateService]  - update wechatpay certificate 1645631772-RSA done
 2024-12-16-04-32 [ConnectionMonitorThread-7-thread-1] [INFO] [CommonDefault]  - serviceOnConnections(localhost:11200) size[1], CONNECTION_THRESHOLD[3].
 2024-12-16-04-35 [ConnectionMonitorThread-7-thread-1] [INFO] [CommonDefault]  - serviceOnConnections(localhost:11200) size[1], CONNECTION_THRESHOLD[3].
 2024-12-16-04-38 [ConnectionMonitorThread-7-thread-1] [INFO] [CommonDefault]  - serviceOnConnections(localhost:11200) size[1], CONNECTION_THRESHOLD[3].
 2024-12-16-04-41 [ConnectionMonitorThread-7-thread-1] [INFO] [CommonDefault]  - serviceOnConnections(localhost:11200) size[1], CONNECTION_THRESHOLD[3].
 2024-12-16-04-44 [ConnectionMonitorThread-7-thread-1] [INFO] [CommonDefault]  - serviceOnConnections(localhost:11200) size[1], CONNECTION_THRESHOLD[3].
 2024-12-16-04-47 [ConnectionMonitorThread-7-thread-1] [INFO] [CommonDefault]  - serviceOnConnections(localhost:11200) size[1], CONNECTION_THRESHOLD[3].
 2024-12-16-04-50 [ConnectionMonitorThread-7-thread-1] [INFO] [CommonDefault]  - serviceOnConnections(localhost:11200) size[1], CONNECTION_THRESHOLD[3].
 2024-12-16-04-53 [ConnectionMonitorThread-7-thread-1] [INFO] [CommonDefault]  - serviceOnConnections(localhost:11200) size[1], CONNECTION_THRESHOLD[3].
 2024-12-16-04-56 [ConnectionMonitorThread-7-thread-1] [INFO] [CommonDefault]  - serviceOnConnections(localhost:11200) size[1], CONNECTION_THRESHOLD[3].
 2024-12-16-04-59 [ConnectionMonitorThread-7-thread-1] [INFO] [CommonDefault]  - serviceOnConnections(localhost:11200) size[1], CONNECTION_THRESHOLD[3].
 2024-12-16-05-02 [ConnectionMonitorThread-7-thread-1] [INFO] [CommonDefault]  - serviceOnConnections(localhost:11200) size[1], CONNECTION_THRESHOLD[3].
 2024-12-16-05-05 [ConnectionMonitorThread-7-thread-1] [INFO] [CommonDefault]  - serviceOnConnections(localhost:11200) size[1], CONNECTION_THRESHOLD[3].
 2024-12-16-05-08 [ConnectionMonitorThread-7-thread-1] [INFO] [CommonDefault]  - serviceOnConnections(localhost:11200) size[1], CONNECTION_THRESHOLD[3].
 2024-12-16-05-11 [ConnectionMonitorThread-7-thread-1] [INFO] [CommonDefault]  - serviceOnConnections(localhost:11200) size[1], CONNECTION_THRESHOLD[3].
 2024-12-16-05-14 [ConnectionMonitorThread-7-thread-1] [INFO] [CommonDefault]  - serviceOnConnections(localhost:11200) size[1], CONNECTION_THRESHOLD[3].
 2024-12-16-05-17 [ConnectionMonitorThread-7-thread-1] [INFO] [CommonDefault]  - serviceOnConnections(localhost:11200) size[1], CONNECTION_THRESHOLD[3].
 2024-12-16-05-20 [ConnectionMonitorThread-7-thread-1] [INFO] [CommonDefault]  - serviceOnConnections(localhost:11200) size[1], CONNECTION_THRESHOLD[3].
 2024-12-16-05-23 [ConnectionMonitorThread-7-thread-1] [INFO] [CommonDefault]  - serviceOnConnections(localhost:11200) size[1], CONNECTION_THRESHOLD[3].
 2024-12-16-05-26 [ConnectionMonitorThread-7-thread-1] [INFO] [CommonDefault]  - serviceOnConnections(localhost:11200) size[1], CONNECTION_THRESHOLD[3].
 2024-12-16-05-29 [ConnectionMonitorThread-7-thread-1] [INFO] [CommonDefault]  - serviceOnConnections(localhost:11200) size[1], CONNECTION_THRESHOLD[3].
 2024-12-16-05-32 [auto-certificate-service-daemon-1] [INFO] [com.wechat.pay.java.core.certificate.AutoCertificateService]  - Begin update Certificates. total updates: 55
 2024-12-16-05-32 [auto-certificate-service-daemon-1] [INFO] [com.wechat.pay.java.core.certificate.AutoCertificateService]  - update wechatpay certificate 1645631772-RSA done
 2024-12-16-05-32 [ConnectionMonitorThread-7-thread-1] [INFO] [CommonDefault]  - serviceOnConnections(localhost:11200) size[1], CONNECTION_THRESHOLD[3].
 2024-12-16-05-35 [ConnectionMonitorThread-7-thread-1] [INFO] [CommonDefault]  - serviceOnConnections(localhost:11200) size[1], CONNECTION_THRESHOLD[3].
 2024-12-16-05-38 [ConnectionMonitorThread-7-thread-1] [INFO] [CommonDefault]  - serviceOnConnections(localhost:11200) size[1], CONNECTION_THRESHOLD[3].
 2024-12-16-05-41 [ConnectionMonitorThread-7-thread-1] [INFO] [CommonDefault]  - serviceOnConnections(localhost:11200) size[1], CONNECTION_THRESHOLD[3].
 2024-12-16-05-44 [ConnectionMonitorThread-7-thread-1] [INFO] [CommonDefault]  - serviceOnConnections(localhost:11200) size[1], CONNECTION_THRESHOLD[3].
 2024-12-16-05-47 [ConnectionMonitorThread-7-thread-1] [INFO] [CommonDefault]  - serviceOnConnections(localhost:11200) size[1], CONNECTION_THRESHOLD[3].
 2024-12-16-05-50 [ConnectionMonitorThread-7-thread-1] [INFO] [CommonDefault]  - serviceOnConnections(localhost:11200) size[1], CONNECTION_THRESHOLD[3].
 2024-12-16-05-53 [ConnectionMonitorThread-7-thread-1] [INFO] [CommonDefault]  - serviceOnConnections(localhost:11200) size[1], CONNECTION_THRESHOLD[3].
 2024-12-16-05-56 [ConnectionMonitorThread-7-thread-1] [INFO] [CommonDefault]  - serviceOnConnections(localhost:11200) size[1], CONNECTION_THRESHOLD[3].
 2024-12-16-05-59 [ConnectionMonitorThread-7-thread-1] [INFO] [CommonDefault]  - serviceOnConnections(localhost:11200) size[1], CONNECTION_THRESHOLD[3].
 2024-12-16-06-02 [ConnectionMonitorThread-7-thread-1] [INFO] [CommonDefault]  - serviceOnConnections(localhost:11200) size[1], CONNECTION_THRESHOLD[3].
 2024-12-16-06-05 [ConnectionMonitorThread-7-thread-1] [INFO] [CommonDefault]  - serviceOnConnections(localhost:11200) size[1], CONNECTION_THRESHOLD[3].
 2024-12-16-06-08 [ConnectionMonitorThread-7-thread-1] [INFO] [CommonDefault]  - serviceOnConnections(localhost:11200) size[1], CONNECTION_THRESHOLD[3].
 2024-12-16-06-11 [ConnectionMonitorThread-7-thread-1] [INFO] [CommonDefault]  - serviceOnConnections(localhost:11200) size[1], CONNECTION_THRESHOLD[3].
 2024-12-16-06-14 [ConnectionMonitorThread-7-thread-1] [INFO] [CommonDefault]  - serviceOnConnections(localhost:11200) size[1], CONNECTION_THRESHOLD[3].
 2024-12-16-06-17 [ConnectionMonitorThread-7-thread-1] [INFO] [CommonDefault]  - serviceOnConnections(localhost:11200) size[1], CONNECTION_THRESHOLD[3].
 2024-12-16-06-20 [ConnectionMonitorThread-7-thread-1] [INFO] [CommonDefault]  - serviceOnConnections(localhost:11200) size[1], CONNECTION_THRESHOLD[3].
 2024-12-16-06-23 [ConnectionMonitorThread-7-thread-1] [INFO] [CommonDefault]  - serviceOnConnections(localhost:11200) size[1], CONNECTION_THRESHOLD[3].
 2024-12-16-06-26 [ConnectionMonitorThread-7-thread-1] [INFO] [CommonDefault]  - serviceOnConnections(localhost:11200) size[1], CONNECTION_THRESHOLD[3].
 2024-12-16-06-29 [ConnectionMonitorThread-7-thread-1] [INFO] [CommonDefault]  - serviceOnConnections(localhost:11200) size[1], CONNECTION_THRESHOLD[3].
 2024-12-16-06-32 [auto-certificate-service-daemon-1] [INFO] [com.wechat.pay.java.core.certificate.AutoCertificateService]  - Begin update Certificates. total updates: 56
 2024-12-16-06-32 [auto-certificate-service-daemon-1] [INFO] [com.wechat.pay.java.core.certificate.AutoCertificateService]  - update wechatpay certificate 1645631772-RSA done
 2024-12-16-06-32 [ConnectionMonitorThread-7-thread-1] [INFO] [CommonDefault]  - serviceOnConnections(localhost:11200) size[1], CONNECTION_THRESHOLD[3].
 2024-12-16-06-35 [ConnectionMonitorThread-7-thread-1] [INFO] [CommonDefault]  - serviceOnConnections(localhost:11200) size[1], CONNECTION_THRESHOLD[3].
 2024-12-16-06-38 [ConnectionMonitorThread-7-thread-1] [INFO] [CommonDefault]  - serviceOnConnections(localhost:11200) size[1], CONNECTION_THRESHOLD[3].
 2024-12-16-06-41 [ConnectionMonitorThread-7-thread-1] [INFO] [CommonDefault]  - serviceOnConnections(localhost:11200) size[1], CONNECTION_THRESHOLD[3].
 2024-12-16-06-44 [ConnectionMonitorThread-7-thread-1] [INFO] [CommonDefault]  - serviceOnConnections(localhost:11200) size[1], CONNECTION_THRESHOLD[3].
 2024-12-16-06-47 [ConnectionMonitorThread-7-thread-1] [INFO] [CommonDefault]  - serviceOnConnections(localhost:11200) size[1], CONNECTION_THRESHOLD[3].
 2024-12-16-06-50 [ConnectionMonitorThread-7-thread-1] [INFO] [CommonDefault]  - serviceOnConnections(localhost:11200) size[1], CONNECTION_THRESHOLD[3].
 2024-12-16-06-53 [ConnectionMonitorThread-7-thread-1] [INFO] [CommonDefault]  - serviceOnConnections(localhost:11200) size[1], CONNECTION_THRESHOLD[3].
 2024-12-16-06-56 [ConnectionMonitorThread-7-thread-1] [INFO] [CommonDefault]  - serviceOnConnections(localhost:11200) size[1], CONNECTION_THRESHOLD[3].
 2024-12-16-06-59 [ConnectionMonitorThread-7-thread-1] [INFO] [CommonDefault]  - serviceOnConnections(localhost:11200) size[1], CONNECTION_THRESHOLD[3].
 2024-12-16-07-02 [ConnectionMonitorThread-7-thread-1] [INFO] [CommonDefault]  - serviceOnConnections(localhost:11200) size[1], CONNECTION_THRESHOLD[3].
 2024-12-16-07-05 [ConnectionMonitorThread-7-thread-1] [INFO] [CommonDefault]  - serviceOnConnections(localhost:11200) size[1], CONNECTION_THRESHOLD[3].
 2024-12-16-07-08 [ConnectionMonitorThread-7-thread-1] [INFO] [CommonDefault]  - serviceOnConnections(localhost:11200) size[1], CONNECTION_THRESHOLD[3].
 2024-12-16-07-11 [ConnectionMonitorThread-7-thread-1] [INFO] [CommonDefault]  - serviceOnConnections(localhost:11200) size[1], CONNECTION_THRESHOLD[3].
 2024-12-16-07-14 [ConnectionMonitorThread-7-thread-1] [INFO] [CommonDefault]  - serviceOnConnections(localhost:11200) size[1], CONNECTION_THRESHOLD[3].
 2024-12-16-07-17 [ConnectionMonitorThread-7-thread-1] [INFO] [CommonDefault]  - serviceOnConnections(localhost:11200) size[1], CONNECTION_THRESHOLD[3].
 2024-12-16-07-20 [ConnectionMonitorThread-7-thread-1] [INFO] [CommonDefault]  - serviceOnConnections(localhost:11200) size[1], CONNECTION_THRESHOLD[3].
 2024-12-16-07-23 [ConnectionMonitorThread-7-thread-1] [INFO] [CommonDefault]  - serviceOnConnections(localhost:11200) size[1], CONNECTION_THRESHOLD[3].
 2024-12-16-07-26 [ConnectionMonitorThread-7-thread-1] [INFO] [CommonDefault]  - serviceOnConnections(localhost:11200) size[1], CONNECTION_THRESHOLD[3].
 2024-12-16-07-29 [ConnectionMonitorThread-7-thread-1] [INFO] [CommonDefault]  - serviceOnConnections(localhost:11200) size[1], CONNECTION_THRESHOLD[3].
 2024-12-16-07-32 [auto-certificate-service-daemon-1] [INFO] [com.wechat.pay.java.core.certificate.AutoCertificateService]  - Begin update Certificates. total updates: 57
 2024-12-16-07-32 [auto-certificate-service-daemon-1] [INFO] [com.wechat.pay.java.core.certificate.AutoCertificateService]  - update wechatpay certificate 1645631772-RSA done
 2024-12-16-07-32 [ConnectionMonitorThread-7-thread-1] [INFO] [CommonDefault]  - serviceOnConnections(localhost:11200) size[1], CONNECTION_THRESHOLD[3].
 2024-12-16-07-35 [ConnectionMonitorThread-7-thread-1] [INFO] [CommonDefault]  - serviceOnConnections(localhost:11200) size[1], CONNECTION_THRESHOLD[3].
 2024-12-16-07-38 [ConnectionMonitorThread-7-thread-1] [INFO] [CommonDefault]  - serviceOnConnections(localhost:11200) size[1], CONNECTION_THRESHOLD[3].
 2024-12-16-07-41 [ConnectionMonitorThread-7-thread-1] [INFO] [CommonDefault]  - serviceOnConnections(localhost:11200) size[1], CONNECTION_THRESHOLD[3].
 2024-12-16-07-44 [ConnectionMonitorThread-7-thread-1] [INFO] [CommonDefault]  - serviceOnConnections(localhost:11200) size[1], CONNECTION_THRESHOLD[3].
 2024-12-16-07-47 [ConnectionMonitorThread-7-thread-1] [INFO] [CommonDefault]  - serviceOnConnections(localhost:11200) size[1], CONNECTION_THRESHOLD[3].
 2024-12-16-07-50 [ConnectionMonitorThread-7-thread-1] [INFO] [CommonDefault]  - serviceOnConnections(localhost:11200) size[1], CONNECTION_THRESHOLD[3].
 2024-12-16-07-53 [ConnectionMonitorThread-7-thread-1] [INFO] [CommonDefault]  - serviceOnConnections(localhost:11200) size[1], CONNECTION_THRESHOLD[3].
 2024-12-16-07-56 [ConnectionMonitorThread-7-thread-1] [INFO] [CommonDefault]  - serviceOnConnections(localhost:11200) size[1], CONNECTION_THRESHOLD[3].
 2024-12-16-07-59 [ConnectionMonitorThread-7-thread-1] [INFO] [CommonDefault]  - serviceOnConnections(localhost:11200) size[1], CONNECTION_THRESHOLD[3].
 2024-12-16-08-02 [ConnectionMonitorThread-7-thread-1] [INFO] [CommonDefault]  - serviceOnConnections(localhost:11200) size[1], CONNECTION_THRESHOLD[3].
 2024-12-16-08-05 [ConnectionMonitorThread-7-thread-1] [INFO] [CommonDefault]  - serviceOnConnections(localhost:11200) size[1], CONNECTION_THRESHOLD[3].
 2024-12-16-08-08 [ConnectionMonitorThread-7-thread-1] [INFO] [CommonDefault]  - serviceOnConnections(localhost:11200) size[1], CONNECTION_THRESHOLD[3].
 2024-12-16-08-11 [ConnectionMonitorThread-7-thread-1] [INFO] [CommonDefault]  - serviceOnConnections(localhost:11200) size[1], CONNECTION_THRESHOLD[3].
 2024-12-16-08-14 [ConnectionMonitorThread-7-thread-1] [INFO] [CommonDefault]  - serviceOnConnections(localhost:11200) size[1], CONNECTION_THRESHOLD[3].
 2024-12-16-08-17 [ConnectionMonitorThread-7-thread-1] [INFO] [CommonDefault]  - serviceOnConnections(localhost:11200) size[1], CONNECTION_THRESHOLD[3].
 2024-12-16-08-20 [ConnectionMonitorThread-7-thread-1] [INFO] [CommonDefault]  - serviceOnConnections(localhost:11200) size[1], CONNECTION_THRESHOLD[3].
 2024-12-16-08-23 [ConnectionMonitorThread-7-thread-1] [INFO] [CommonDefault]  - serviceOnConnections(localhost:11200) size[1], CONNECTION_THRESHOLD[3].
 2024-12-16-08-26 [ConnectionMonitorThread-7-thread-1] [INFO] [CommonDefault]  - serviceOnConnections(localhost:11200) size[1], CONNECTION_THRESHOLD[3].
 2024-12-16-08-29 [ConnectionMonitorThread-7-thread-1] [INFO] [CommonDefault]  - serviceOnConnections(localhost:11200) size[1], CONNECTION_THRESHOLD[3].
 2024-12-16-08-32 [auto-certificate-service-daemon-1] [INFO] [com.wechat.pay.java.core.certificate.AutoCertificateService]  - Begin update Certificates. total updates: 58
 2024-12-16-08-32 [auto-certificate-service-daemon-1] [INFO] [com.wechat.pay.java.core.certificate.AutoCertificateService]  - update wechatpay certificate 1645631772-RSA done
 2024-12-16-08-32 [ConnectionMonitorThread-7-thread-1] [INFO] [CommonDefault]  - serviceOnConnections(localhost:11200) size[1], CONNECTION_THRESHOLD[3].
 2024-12-16-08-35 [ConnectionMonitorThread-7-thread-1] [INFO] [CommonDefault]  - serviceOnConnections(localhost:11200) size[1], CONNECTION_THRESHOLD[3].
 2024-12-16-08-38 [ConnectionMonitorThread-7-thread-1] [INFO] [CommonDefault]  - serviceOnConnections(localhost:11200) size[1], CONNECTION_THRESHOLD[3].
 2024-12-16-08-41 [ConnectionMonitorThread-7-thread-1] [INFO] [CommonDefault]  - serviceOnConnections(localhost:11200) size[1], CONNECTION_THRESHOLD[3].
 2024-12-16-08-44 [ConnectionMonitorThread-7-thread-1] [INFO] [CommonDefault]  - serviceOnConnections(localhost:11200) size[1], CONNECTION_THRESHOLD[3].
 2024-12-16-08-47 [ConnectionMonitorThread-7-thread-1] [INFO] [CommonDefault]  - serviceOnConnections(localhost:11200) size[1], CONNECTION_THRESHOLD[3].
 2024-12-16-08-50 [ConnectionMonitorThread-7-thread-1] [INFO] [CommonDefault]  - serviceOnConnections(localhost:11200) size[1], CONNECTION_THRESHOLD[3].
 2024-12-16-08-53 [ConnectionMonitorThread-7-thread-1] [INFO] [CommonDefault]  - serviceOnConnections(localhost:11200) size[1], CONNECTION_THRESHOLD[3].
 2024-12-16-08-56 [ConnectionMonitorThread-7-thread-1] [INFO] [CommonDefault]  - serviceOnConnections(localhost:11200) size[1], CONNECTION_THRESHOLD[3].
 2024-12-16-08-59 [ConnectionMonitorThread-7-thread-1] [INFO] [CommonDefault]  - serviceOnConnections(localhost:11200) size[1], CONNECTION_THRESHOLD[3].
 2024-12-16-09-02 [ConnectionMonitorThread-7-thread-1] [INFO] [CommonDefault]  - serviceOnConnections(localhost:11200) size[1], CONNECTION_THRESHOLD[3].
 2024-12-16-09-05 [ConnectionMonitorThread-7-thread-1] [INFO] [CommonDefault]  - serviceOnConnections(localhost:11200) size[1], CONNECTION_THRESHOLD[3].
 2024-12-16-09-08 [ConnectionMonitorThread-7-thread-1] [INFO] [CommonDefault]  - serviceOnConnections(localhost:11200) size[1], CONNECTION_THRESHOLD[3].
 2024-12-16-09-11 [ConnectionMonitorThread-7-thread-1] [INFO] [CommonDefault]  - serviceOnConnections(localhost:11200) size[1], CONNECTION_THRESHOLD[3].
 2024-12-16-09-14 [ConnectionMonitorThread-7-thread-1] [INFO] [CommonDefault]  - serviceOnConnections(localhost:11200) size[1], CONNECTION_THRESHOLD[3].
 2024-12-16-09-17 [ConnectionMonitorThread-7-thread-1] [INFO] [CommonDefault]  - serviceOnConnections(localhost:11200) size[1], CONNECTION_THRESHOLD[3].
 2024-12-16-09-20 [ConnectionMonitorThread-7-thread-1] [INFO] [CommonDefault]  - serviceOnConnections(localhost:11200) size[1], CONNECTION_THRESHOLD[3].
 2024-12-16-09-23 [ConnectionMonitorThread-7-thread-1] [INFO] [CommonDefault]  - serviceOnConnections(localhost:11200) size[1], CONNECTION_THRESHOLD[3].
 2024-12-16-09-26 [ConnectionMonitorThread-7-thread-1] [INFO] [CommonDefault]  - serviceOnConnections(localhost:11200) size[1], CONNECTION_THRESHOLD[3].
 2024-12-16-09-29 [ConnectionMonitorThread-7-thread-1] [INFO] [CommonDefault]  - serviceOnConnections(localhost:11200) size[1], CONNECTION_THRESHOLD[3].
 2024-12-16-09-32 [auto-certificate-service-daemon-1] [INFO] [com.wechat.pay.java.core.certificate.AutoCertificateService]  - Begin update Certificates. total updates: 59
 2024-12-16-09-32 [auto-certificate-service-daemon-1] [INFO] [com.wechat.pay.java.core.certificate.AutoCertificateService]  - update wechatpay certificate 1645631772-RSA done
 2024-12-16-09-32 [ConnectionMonitorThread-7-thread-1] [INFO] [CommonDefault]  - serviceOnConnections(localhost:11200) size[1], CONNECTION_THRESHOLD[3].
 2024-12-16-09-35 [ConnectionMonitorThread-7-thread-1] [INFO] [CommonDefault]  - serviceOnConnections(localhost:11200) size[1], CONNECTION_THRESHOLD[3].
 2024-12-16-09-38 [ConnectionMonitorThread-7-thread-1] [INFO] [CommonDefault]  - serviceOnConnections(localhost:11200) size[1], CONNECTION_THRESHOLD[3].
 2024-12-16-09-41 [ConnectionMonitorThread-7-thread-1] [INFO] [CommonDefault]  - serviceOnConnections(localhost:11200) size[1], CONNECTION_THRESHOLD[3].
 2024-12-16-09-44 [ConnectionMonitorThread-7-thread-1] [INFO] [CommonDefault]  - serviceOnConnections(localhost:11200) size[1], CONNECTION_THRESHOLD[3].
 2024-12-16-09-47 [ConnectionMonitorThread-7-thread-1] [INFO] [CommonDefault]  - serviceOnConnections(localhost:11200) size[1], CONNECTION_THRESHOLD[3].
 2024-12-16-09-50 [ConnectionMonitorThread-7-thread-1] [INFO] [CommonDefault]  - serviceOnConnections(localhost:11200) size[1], CONNECTION_THRESHOLD[3].
 2024-12-16-09-53 [ConnectionMonitorThread-7-thread-1] [INFO] [CommonDefault]  - serviceOnConnections(localhost:11200) size[1], CONNECTION_THRESHOLD[3].
 2024-12-16-09-56 [ConnectionMonitorThread-7-thread-1] [INFO] [CommonDefault]  - serviceOnConnections(localhost:11200) size[1], CONNECTION_THRESHOLD[3].
 2024-12-16-09-59 [ConnectionMonitorThread-7-thread-1] [INFO] [CommonDefault]  - serviceOnConnections(localhost:11200) size[1], CONNECTION_THRESHOLD[3].
 2024-12-16-10-02 [ConnectionMonitorThread-7-thread-1] [INFO] [CommonDefault]  - serviceOnConnections(localhost:11200) size[1], CONNECTION_THRESHOLD[3].
 2024-12-16-10-05 [ConnectionMonitorThread-7-thread-1] [INFO] [CommonDefault]  - serviceOnConnections(localhost:11200) size[1], CONNECTION_THRESHOLD[3].
 2024-12-16-10-08 [ConnectionMonitorThread-7-thread-1] [INFO] [CommonDefault]  - serviceOnConnections(localhost:11200) size[1], CONNECTION_THRESHOLD[3].
 2024-12-16-10-11 [ConnectionMonitorThread-7-thread-1] [INFO] [CommonDefault]  - serviceOnConnections(localhost:11200) size[1], CONNECTION_THRESHOLD[3].
 2024-12-16-10-14 [ConnectionMonitorThread-7-thread-1] [INFO] [CommonDefault]  - serviceOnConnections(localhost:11200) size[1], CONNECTION_THRESHOLD[3].
 2024-12-16-10-17 [ConnectionMonitorThread-7-thread-1] [INFO] [CommonDefault]  - serviceOnConnections(localhost:11200) size[1], CONNECTION_THRESHOLD[3].
 2024-12-16-10-20 [ConnectionMonitorThread-7-thread-1] [INFO] [CommonDefault]  - serviceOnConnections(localhost:11200) size[1], CONNECTION_THRESHOLD[3].
 2024-12-16-10-23 [ConnectionMonitorThread-7-thread-1] [INFO] [CommonDefault]  - serviceOnConnections(localhost:11200) size[1], CONNECTION_THRESHOLD[3].
 2024-12-16-10-26 [ConnectionMonitorThread-7-thread-1] [INFO] [CommonDefault]  - serviceOnConnections(localhost:11200) size[1], CONNECTION_THRESHOLD[3].
 2024-12-16-10-29 [ConnectionMonitorThread-7-thread-1] [INFO] [CommonDefault]  - serviceOnConnections(localhost:11200) size[1], CONNECTION_THRESHOLD[3].
 2024-12-16-10-32 [auto-certificate-service-daemon-1] [INFO] [com.wechat.pay.java.core.certificate.AutoCertificateService]  - Begin update Certificates. total updates: 60
 2024-12-16-10-32 [auto-certificate-service-daemon-1] [INFO] [com.wechat.pay.java.core.certificate.AutoCertificateService]  - update wechatpay certificate 1645631772-RSA done
 2024-12-16-10-32 [ConnectionMonitorThread-7-thread-1] [INFO] [CommonDefault]  - serviceOnConnections(localhost:11200) size[1], CONNECTION_THRESHOLD[3].
 2024-12-16-10-35 [ConnectionMonitorThread-7-thread-1] [INFO] [CommonDefault]  - serviceOnConnections(localhost:11200) size[1], CONNECTION_THRESHOLD[3].
 2024-12-16-10-38 [ConnectionMonitorThread-7-thread-1] [INFO] [CommonDefault]  - serviceOnConnections(localhost:11200) size[1], CONNECTION_THRESHOLD[3].
 2024-12-16-10-41 [ConnectionMonitorThread-7-thread-1] [INFO] [CommonDefault]  - serviceOnConnections(localhost:11200) size[1], CONNECTION_THRESHOLD[3].
 2024-12-16-10-44 [ConnectionMonitorThread-7-thread-1] [INFO] [CommonDefault]  - serviceOnConnections(localhost:11200) size[1], CONNECTION_THRESHOLD[3].
 2024-12-16-10-47 [ConnectionMonitorThread-7-thread-1] [INFO] [CommonDefault]  - serviceOnConnections(localhost:11200) size[1], CONNECTION_THRESHOLD[3].
 2024-12-16-10-50 [ConnectionMonitorThread-7-thread-1] [INFO] [CommonDefault]  - serviceOnConnections(localhost:11200) size[1], CONNECTION_THRESHOLD[3].
 2024-12-16-10-53 [ConnectionMonitorThread-7-thread-1] [INFO] [CommonDefault]  - serviceOnConnections(localhost:11200) size[1], CONNECTION_THRESHOLD[3].
 2024-12-16-10-56 [ConnectionMonitorThread-7-thread-1] [INFO] [CommonDefault]  - serviceOnConnections(localhost:11200) size[1], CONNECTION_THRESHOLD[3].
 2024-12-16-10-59 [ConnectionMonitorThread-7-thread-1] [INFO] [CommonDefault]  - serviceOnConnections(localhost:11200) size[1], CONNECTION_THRESHOLD[3].
 2024-12-16-11-02 [ConnectionMonitorThread-7-thread-1] [INFO] [CommonDefault]  - serviceOnConnections(localhost:11200) size[1], CONNECTION_THRESHOLD[3].
 2024-12-16-11-05 [ConnectionMonitorThread-7-thread-1] [INFO] [CommonDefault]  - serviceOnConnections(localhost:11200) size[1], CONNECTION_THRESHOLD[3].
 2024-12-16-11-08 [ConnectionMonitorThread-7-thread-1] [INFO] [CommonDefault]  - serviceOnConnections(localhost:11200) size[1], CONNECTION_THRESHOLD[3].
 2024-12-16-11-11 [ConnectionMonitorThread-7-thread-1] [INFO] [CommonDefault]  - serviceOnConnections(localhost:11200) size[1], CONNECTION_THRESHOLD[3].
 2024-12-16-11-14 [ConnectionMonitorThread-7-thread-1] [INFO] [CommonDefault]  - serviceOnConnections(localhost:11200) size[1], CONNECTION_THRESHOLD[3].
 2024-12-16-11-17 [ConnectionMonitorThread-7-thread-1] [INFO] [CommonDefault]  - serviceOnConnections(localhost:11200) size[1], CONNECTION_THRESHOLD[3].
 2024-12-16-11-20 [ConnectionMonitorThread-7-thread-1] [INFO] [CommonDefault]  - serviceOnConnections(localhost:11200) size[1], CONNECTION_THRESHOLD[3].
 2024-12-16-11-23 [ConnectionMonitorThread-7-thread-1] [INFO] [CommonDefault]  - serviceOnConnections(localhost:11200) size[1], CONNECTION_THRESHOLD[3].
 2024-12-16-11-26 [ConnectionMonitorThread-7-thread-1] [INFO] [CommonDefault]  - serviceOnConnections(localhost:11200) size[1], CONNECTION_THRESHOLD[3].
 2024-12-16-11-29 [ConnectionMonitorThread-7-thread-1] [INFO] [CommonDefault]  - serviceOnConnections(localhost:11200) size[1], CONNECTION_THRESHOLD[3].
 2024-12-16-11-32 [auto-certificate-service-daemon-1] [INFO] [com.wechat.pay.java.core.certificate.AutoCertificateService]  - Begin update Certificates. total updates: 61
 2024-12-16-11-32 [auto-certificate-service-daemon-1] [INFO] [com.wechat.pay.java.core.certificate.AutoCertificateService]  - update wechatpay certificate 1645631772-RSA done
 2024-12-16-11-32 [ConnectionMonitorThread-7-thread-1] [INFO] [CommonDefault]  - serviceOnConnections(localhost:11200) size[1], CONNECTION_THRESHOLD[3].
 2024-12-16-11-35 [ConnectionMonitorThread-7-thread-1] [INFO] [CommonDefault]  - serviceOnConnections(localhost:11200) size[1], CONNECTION_THRESHOLD[3].
 2024-12-16-11-38 [ConnectionMonitorThread-7-thread-1] [INFO] [CommonDefault]  - serviceOnConnections(localhost:11200) size[1], CONNECTION_THRESHOLD[3].
 2024-12-16-11-41 [ConnectionMonitorThread-7-thread-1] [INFO] [CommonDefault]  - serviceOnConnections(localhost:11200) size[1], CONNECTION_THRESHOLD[3].
 2024-12-16-11-44 [ConnectionMonitorThread-7-thread-1] [INFO] [CommonDefault]  - serviceOnConnections(localhost:11200) size[1], CONNECTION_THRESHOLD[3].
 2024-12-16-11-47 [ConnectionMonitorThread-7-thread-1] [INFO] [CommonDefault]  - serviceOnConnections(localhost:11200) size[1], CONNECTION_THRESHOLD[3].
 2024-12-16-11-50 [ConnectionMonitorThread-7-thread-1] [INFO] [CommonDefault]  - serviceOnConnections(localhost:11200) size[1], CONNECTION_THRESHOLD[3].
 2024-12-16-11-53 [ConnectionMonitorThread-7-thread-1] [INFO] [CommonDefault]  - serviceOnConnections(localhost:11200) size[1], CONNECTION_THRESHOLD[3].
 2024-12-16-11-56 [ConnectionMonitorThread-7-thread-1] [INFO] [CommonDefault]  - serviceOnConnections(localhost:11200) size[1], CONNECTION_THRESHOLD[3].
 2024-12-16-11-59 [ConnectionMonitorThread-7-thread-1] [INFO] [CommonDefault]  - serviceOnConnections(localhost:11200) size[1], CONNECTION_THRESHOLD[3].
 2024-12-16-12-02 [ConnectionMonitorThread-7-thread-1] [INFO] [CommonDefault]  - serviceOnConnections(localhost:11200) size[1], CONNECTION_THRESHOLD[3].
 2024-12-16-12-05 [ConnectionMonitorThread-7-thread-1] [INFO] [CommonDefault]  - serviceOnConnections(localhost:11200) size[1], CONNECTION_THRESHOLD[3].
 2024-12-16-12-08 [ConnectionMonitorThread-7-thread-1] [INFO] [CommonDefault]  - serviceOnConnections(localhost:11200) size[1], CONNECTION_THRESHOLD[3].
 2024-12-16-12-11 [ConnectionMonitorThread-7-thread-1] [INFO] [CommonDefault]  - serviceOnConnections(localhost:11200) size[1], CONNECTION_THRESHOLD[3].
 2024-12-16-12-14 [ConnectionMonitorThread-7-thread-1] [INFO] [CommonDefault]  - serviceOnConnections(localhost:11200) size[1], CONNECTION_THRESHOLD[3].
 2024-12-16-12-17 [ConnectionMonitorThread-7-thread-1] [INFO] [CommonDefault]  - serviceOnConnections(localhost:11200) size[1], CONNECTION_THRESHOLD[3].
 2024-12-16-12-20 [ConnectionMonitorThread-7-thread-1] [INFO] [CommonDefault]  - serviceOnConnections(localhost:11200) size[1], CONNECTION_THRESHOLD[3].
 2024-12-16-12-23 [ConnectionMonitorThread-7-thread-1] [INFO] [CommonDefault]  - serviceOnConnections(localhost:11200) size[1], CONNECTION_THRESHOLD[3].
 2024-12-16-12-26 [ConnectionMonitorThread-7-thread-1] [INFO] [CommonDefault]  - serviceOnConnections(localhost:11200) size[1], CONNECTION_THRESHOLD[3].
 2024-12-16-12-29 [ConnectionMonitorThread-7-thread-1] [INFO] [CommonDefault]  - serviceOnConnections(localhost:11200) size[1], CONNECTION_THRESHOLD[3].
 2024-12-16-12-32 [auto-certificate-service-daemon-1] [INFO] [com.wechat.pay.java.core.certificate.AutoCertificateService]  - Begin update Certificates. total updates: 62
 2024-12-16-12-32 [auto-certificate-service-daemon-1] [INFO] [com.wechat.pay.java.core.certificate.AutoCertificateService]  - update wechatpay certificate 1645631772-RSA done
 2024-12-16-12-32 [ConnectionMonitorThread-7-thread-1] [INFO] [CommonDefault]  - serviceOnConnections(localhost:11200) size[1], CONNECTION_THRESHOLD[3].
 2024-12-16-12-35 [ConnectionMonitorThread-7-thread-1] [INFO] [CommonDefault]  - serviceOnConnections(localhost:11200) size[1], CONNECTION_THRESHOLD[3].
 2024-12-16-12-38 [ConnectionMonitorThread-7-thread-1] [INFO] [CommonDefault]  - serviceOnConnections(localhost:11200) size[1], CONNECTION_THRESHOLD[3].
 2024-12-16-12-41 [ConnectionMonitorThread-7-thread-1] [INFO] [CommonDefault]  - serviceOnConnections(localhost:11200) size[1], CONNECTION_THRESHOLD[3].
 2024-12-16-12-44 [ConnectionMonitorThread-7-thread-1] [INFO] [CommonDefault]  - serviceOnConnections(localhost:11200) size[1], CONNECTION_THRESHOLD[3].
 2024-12-16-12-47 [ConnectionMonitorThread-7-thread-1] [INFO] [CommonDefault]  - serviceOnConnections(localhost:11200) size[1], CONNECTION_THRESHOLD[3].
 2024-12-16-12-50 [ConnectionMonitorThread-7-thread-1] [INFO] [CommonDefault]  - serviceOnConnections(localhost:11200) size[1], CONNECTION_THRESHOLD[3].
 2024-12-16-12-53 [ConnectionMonitorThread-7-thread-1] [INFO] [CommonDefault]  - serviceOnConnections(localhost:11200) size[1], CONNECTION_THRESHOLD[3].
 2024-12-16-12-56 [ConnectionMonitorThread-7-thread-1] [INFO] [CommonDefault]  - serviceOnConnections(localhost:11200) size[1], CONNECTION_THRESHOLD[3].
 2024-12-16-12-59 [ConnectionMonitorThread-7-thread-1] [INFO] [CommonDefault]  - serviceOnConnections(localhost:11200) size[1], CONNECTION_THRESHOLD[3].
 2024-12-16-13-02 [ConnectionMonitorThread-7-thread-1] [INFO] [CommonDefault]  - serviceOnConnections(localhost:11200) size[1], CONNECTION_THRESHOLD[3].
 2024-12-16-13-05 [ConnectionMonitorThread-7-thread-1] [INFO] [CommonDefault]  - serviceOnConnections(localhost:11200) size[1], CONNECTION_THRESHOLD[3].
 2024-12-16-13-08 [ConnectionMonitorThread-7-thread-1] [INFO] [CommonDefault]  - serviceOnConnections(localhost:11200) size[1], CONNECTION_THRESHOLD[3].
 2024-12-16-13-11 [ConnectionMonitorThread-7-thread-1] [INFO] [CommonDefault]  - serviceOnConnections(localhost:11200) size[1], CONNECTION_THRESHOLD[3].
 2024-12-16-13-14 [ConnectionMonitorThread-7-thread-1] [INFO] [CommonDefault]  - serviceOnConnections(localhost:11200) size[1], CONNECTION_THRESHOLD[3].
 2024-12-16-13-17 [ConnectionMonitorThread-7-thread-1] [INFO] [CommonDefault]  - serviceOnConnections(localhost:11200) size[1], CONNECTION_THRESHOLD[3].
 2024-12-16-13-20 [ConnectionMonitorThread-7-thread-1] [INFO] [CommonDefault]  - serviceOnConnections(localhost:11200) size[1], CONNECTION_THRESHOLD[3].
 2024-12-16-13-23 [ConnectionMonitorThread-7-thread-1] [INFO] [CommonDefault]  - serviceOnConnections(localhost:11200) size[1], CONNECTION_THRESHOLD[3].
 2024-12-16-13-26 [ConnectionMonitorThread-7-thread-1] [INFO] [CommonDefault]  - serviceOnConnections(localhost:11200) size[1], CONNECTION_THRESHOLD[3].
 2024-12-16-13-29 [ConnectionMonitorThread-7-thread-1] [INFO] [CommonDefault]  - serviceOnConnections(localhost:11200) size[1], CONNECTION_THRESHOLD[3].
 2024-12-16-13-32 [auto-certificate-service-daemon-1] [INFO] [com.wechat.pay.java.core.certificate.AutoCertificateService]  - Begin update Certificates. total updates: 63
 2024-12-16-13-32 [auto-certificate-service-daemon-1] [INFO] [com.wechat.pay.java.core.certificate.AutoCertificateService]  - update wechatpay certificate 1645631772-RSA done
 2024-12-16-13-32 [ConnectionMonitorThread-7-thread-1] [INFO] [CommonDefault]  - serviceOnConnections(localhost:11200) size[1], CONNECTION_THRESHOLD[3].
 2024-12-16-13-35 [ConnectionMonitorThread-7-thread-1] [INFO] [CommonDefault]  - serviceOnConnections(localhost:11200) size[1], CONNECTION_THRESHOLD[3].
 2024-12-16-13-38 [ConnectionMonitorThread-7-thread-1] [INFO] [CommonDefault]  - serviceOnConnections(localhost:11200) size[1], CONNECTION_THRESHOLD[3].
 2024-12-16-13-41 [ConnectionMonitorThread-7-thread-1] [INFO] [CommonDefault]  - serviceOnConnections(localhost:11200) size[1], CONNECTION_THRESHOLD[3].
 2024-12-16-13-44 [ConnectionMonitorThread-7-thread-1] [INFO] [CommonDefault]  - serviceOnConnections(localhost:11200) size[1], CONNECTION_THRESHOLD[3].
 2024-12-16-13-47 [ConnectionMonitorThread-7-thread-1] [INFO] [CommonDefault]  - serviceOnConnections(localhost:11200) size[1], CONNECTION_THRESHOLD[3].
 2024-12-16-13-50 [ConnectionMonitorThread-7-thread-1] [INFO] [CommonDefault]  - serviceOnConnections(localhost:11200) size[1], CONNECTION_THRESHOLD[3].
 2024-12-16-13-53 [ConnectionMonitorThread-7-thread-1] [INFO] [CommonDefault]  - serviceOnConnections(localhost:11200) size[1], CONNECTION_THRESHOLD[3].
 2024-12-16-13-56 [ConnectionMonitorThread-7-thread-1] [INFO] [CommonDefault]  - serviceOnConnections(localhost:11200) size[1], CONNECTION_THRESHOLD[3].
 2024-12-16-13-59 [ConnectionMonitorThread-7-thread-1] [INFO] [CommonDefault]  - serviceOnConnections(localhost:11200) size[1], CONNECTION_THRESHOLD[3].
 2024-12-16-14-02 [ConnectionMonitorThread-7-thread-1] [INFO] [CommonDefault]  - serviceOnConnections(localhost:11200) size[1], CONNECTION_THRESHOLD[3].
 2024-12-16-14-05 [ConnectionMonitorThread-7-thread-1] [INFO] [CommonDefault]  - serviceOnConnections(localhost:11200) size[1], CONNECTION_THRESHOLD[3].
 2024-12-16-14-08 [ConnectionMonitorThread-7-thread-1] [INFO] [CommonDefault]  - serviceOnConnections(localhost:11200) size[1], CONNECTION_THRESHOLD[3].
 2024-12-16-14-11 [ConnectionMonitorThread-7-thread-1] [INFO] [CommonDefault]  - serviceOnConnections(localhost:11200) size[1], CONNECTION_THRESHOLD[3].
 2024-12-16-14-14 [ConnectionMonitorThread-7-thread-1] [INFO] [CommonDefault]  - serviceOnConnections(localhost:11200) size[1], CONNECTION_THRESHOLD[3].
 2024-12-16-14-17 [ConnectionMonitorThread-7-thread-1] [INFO] [CommonDefault]  - serviceOnConnections(localhost:11200) size[1], CONNECTION_THRESHOLD[3].
 2024-12-16-14-20 [ConnectionMonitorThread-7-thread-1] [INFO] [CommonDefault]  - serviceOnConnections(localhost:11200) size[1], CONNECTION_THRESHOLD[3].
 2024-12-16-14-23 [ConnectionMonitorThread-7-thread-1] [INFO] [CommonDefault]  - serviceOnConnections(localhost:11200) size[1], CONNECTION_THRESHOLD[3].
 2024-12-16-14-26 [ConnectionMonitorThread-7-thread-1] [INFO] [CommonDefault]  - serviceOnConnections(localhost:11200) size[1], CONNECTION_THRESHOLD[3].
 2024-12-16-14-29 [ConnectionMonitorThread-7-thread-1] [INFO] [CommonDefault]  - serviceOnConnections(localhost:11200) size[1], CONNECTION_THRESHOLD[3].
 2024-12-16-14-32 [auto-certificate-service-daemon-1] [INFO] [com.wechat.pay.java.core.certificate.AutoCertificateService]  - Begin update Certificates. total updates: 64
 2024-12-16-14-32 [auto-certificate-service-daemon-1] [INFO] [com.wechat.pay.java.core.certificate.AutoCertificateService]  - update wechatpay certificate 1645631772-RSA done
 2024-12-16-14-32 [ConnectionMonitorThread-7-thread-1] [INFO] [CommonDefault]  - serviceOnConnections(localhost:11200) size[1], CONNECTION_THRESHOLD[3].
 2024-12-16-14-35 [ConnectionMonitorThread-7-thread-1] [INFO] [CommonDefault]  - serviceOnConnections(localhost:11200) size[1], CONNECTION_THRESHOLD[3].
 2024-12-16-14-38 [ConnectionMonitorThread-7-thread-1] [INFO] [CommonDefault]  - serviceOnConnections(localhost:11200) size[1], CONNECTION_THRESHOLD[3].
 2024-12-16-14-41 [ConnectionMonitorThread-7-thread-1] [INFO] [CommonDefault]  - serviceOnConnections(localhost:11200) size[1], CONNECTION_THRESHOLD[3].
 2024-12-16-14-44 [ConnectionMonitorThread-7-thread-1] [INFO] [CommonDefault]  - serviceOnConnections(localhost:11200) size[1], CONNECTION_THRESHOLD[3].
 2024-12-16-14-47 [ConnectionMonitorThread-7-thread-1] [INFO] [CommonDefault]  - serviceOnConnections(localhost:11200) size[1], CONNECTION_THRESHOLD[3].
 2024-12-16-14-50 [ConnectionMonitorThread-7-thread-1] [INFO] [CommonDefault]  - serviceOnConnections(localhost:11200) size[1], CONNECTION_THRESHOLD[3].
 2024-12-16-14-53 [ConnectionMonitorThread-7-thread-1] [INFO] [CommonDefault]  - serviceOnConnections(localhost:11200) size[1], CONNECTION_THRESHOLD[3].
 2024-12-16-14-56 [ConnectionMonitorThread-7-thread-1] [INFO] [CommonDefault]  - serviceOnConnections(localhost:11200) size[1], CONNECTION_THRESHOLD[3].
 2024-12-16-14-59 [ConnectionMonitorThread-7-thread-1] [INFO] [CommonDefault]  - serviceOnConnections(localhost:11200) size[1], CONNECTION_THRESHOLD[3].
 2024-12-16-15-02 [ConnectionMonitorThread-7-thread-1] [INFO] [CommonDefault]  - serviceOnConnections(localhost:11200) size[1], CONNECTION_THRESHOLD[3].
 2024-12-16-15-05 [ConnectionMonitorThread-7-thread-1] [INFO] [CommonDefault]  - serviceOnConnections(localhost:11200) size[1], CONNECTION_THRESHOLD[3].
 2024-12-16-15-08 [ConnectionMonitorThread-7-thread-1] [INFO] [CommonDefault]  - serviceOnConnections(localhost:11200) size[1], CONNECTION_THRESHOLD[3].
 2024-12-16-15-11 [ConnectionMonitorThread-7-thread-1] [INFO] [CommonDefault]  - serviceOnConnections(localhost:11200) size[1], CONNECTION_THRESHOLD[3].
 2024-12-16-15-14 [ConnectionMonitorThread-7-thread-1] [INFO] [CommonDefault]  - serviceOnConnections(localhost:11200) size[1], CONNECTION_THRESHOLD[3].
 2024-12-16-15-17 [ConnectionMonitorThread-7-thread-1] [INFO] [CommonDefault]  - serviceOnConnections(localhost:11200) size[1], CONNECTION_THRESHOLD[3].
 2024-12-16-15-20 [ConnectionMonitorThread-7-thread-1] [INFO] [CommonDefault]  - serviceOnConnections(localhost:11200) size[1], CONNECTION_THRESHOLD[3].
 2024-12-16-15-23 [ConnectionMonitorThread-7-thread-1] [INFO] [CommonDefault]  - serviceOnConnections(localhost:11200) size[1], CONNECTION_THRESHOLD[3].
 2024-12-16-15-26 [ConnectionMonitorThread-7-thread-1] [INFO] [CommonDefault]  - serviceOnConnections(localhost:11200) size[1], CONNECTION_THRESHOLD[3].
 2024-12-16-15-29 [ConnectionMonitorThread-7-thread-1] [INFO] [CommonDefault]  - serviceOnConnections(localhost:11200) size[1], CONNECTION_THRESHOLD[3].
 2024-12-16-15-32 [auto-certificate-service-daemon-1] [INFO] [com.wechat.pay.java.core.certificate.AutoCertificateService]  - Begin update Certificates. total updates: 65
 2024-12-16-15-32 [auto-certificate-service-daemon-1] [INFO] [com.wechat.pay.java.core.certificate.AutoCertificateService]  - update wechatpay certificate 1645631772-RSA done
 2024-12-16-15-32 [ConnectionMonitorThread-7-thread-1] [INFO] [CommonDefault]  - serviceOnConnections(localhost:11200) size[1], CONNECTION_THRESHOLD[3].
 2024-12-16-15-35 [ConnectionMonitorThread-7-thread-1] [INFO] [CommonDefault]  - serviceOnConnections(localhost:11200) size[1], CONNECTION_THRESHOLD[3].
 2024-12-16-15-38 [ConnectionMonitorThread-7-thread-1] [INFO] [CommonDefault]  - serviceOnConnections(localhost:11200) size[1], CONNECTION_THRESHOLD[3].
 2024-12-16-15-41 [ConnectionMonitorThread-7-thread-1] [INFO] [CommonDefault]  - serviceOnConnections(localhost:11200) size[1], CONNECTION_THRESHOLD[3].
 2024-12-16-15-44 [ConnectionMonitorThread-7-thread-1] [INFO] [CommonDefault]  - serviceOnConnections(localhost:11200) size[1], CONNECTION_THRESHOLD[3].
 2024-12-16-15-47 [ConnectionMonitorThread-7-thread-1] [INFO] [CommonDefault]  - serviceOnConnections(localhost:11200) size[1], CONNECTION_THRESHOLD[3].
 2024-12-16-15-50 [ConnectionMonitorThread-7-thread-1] [INFO] [CommonDefault]  - serviceOnConnections(localhost:11200) size[1], CONNECTION_THRESHOLD[3].
 2024-12-16-15-53 [ConnectionMonitorThread-7-thread-1] [INFO] [CommonDefault]  - serviceOnConnections(localhost:11200) size[1], CONNECTION_THRESHOLD[3].
 2024-12-16-15-56 [ConnectionMonitorThread-7-thread-1] [INFO] [CommonDefault]  - serviceOnConnections(localhost:11200) size[1], CONNECTION_THRESHOLD[3].
 2024-12-16-15-59 [ConnectionMonitorThread-7-thread-1] [INFO] [CommonDefault]  - serviceOnConnections(localhost:11200) size[1], CONNECTION_THRESHOLD[3].
 2024-12-16-16-02 [ConnectionMonitorThread-7-thread-1] [INFO] [CommonDefault]  - serviceOnConnections(localhost:11200) size[1], CONNECTION_THRESHOLD[3].
 2024-12-16-16-05 [ConnectionMonitorThread-7-thread-1] [INFO] [CommonDefault]  - serviceOnConnections(localhost:11200) size[1], CONNECTION_THRESHOLD[3].
 2024-12-16-16-08 [ConnectionMonitorThread-7-thread-1] [INFO] [CommonDefault]  - serviceOnConnections(localhost:11200) size[1], CONNECTION_THRESHOLD[3].
 2024-12-16-16-11 [ConnectionMonitorThread-7-thread-1] [INFO] [CommonDefault]  - serviceOnConnections(localhost:11200) size[1], CONNECTION_THRESHOLD[3].
 2024-12-16-16-14 [ConnectionMonitorThread-7-thread-1] [INFO] [CommonDefault]  - serviceOnConnections(localhost:11200) size[1], CONNECTION_THRESHOLD[3].
 2024-12-16-16-17 [ConnectionMonitorThread-7-thread-1] [INFO] [CommonDefault]  - serviceOnConnections(localhost:11200) size[1], CONNECTION_THRESHOLD[3].
 2024-12-16-16-20 [ConnectionMonitorThread-7-thread-1] [INFO] [CommonDefault]  - serviceOnConnections(localhost:11200) size[1], CONNECTION_THRESHOLD[3].
 2024-12-16-16-23 [ConnectionMonitorThread-7-thread-1] [INFO] [CommonDefault]  - serviceOnConnections(localhost:11200) size[1], CONNECTION_THRESHOLD[3].
 2024-12-16-16-26 [ConnectionMonitorThread-7-thread-1] [INFO] [CommonDefault]  - serviceOnConnections(localhost:11200) size[1], CONNECTION_THRESHOLD[3].
 2024-12-16-16-29 [ConnectionMonitorThread-7-thread-1] [INFO] [CommonDefault]  - serviceOnConnections(localhost:11200) size[1], CONNECTION_THRESHOLD[3].
 2024-12-16-16-32 [auto-certificate-service-daemon-1] [INFO] [com.wechat.pay.java.core.certificate.AutoCertificateService]  - Begin update Certificates. total updates: 66
 2024-12-16-16-32 [auto-certificate-service-daemon-1] [INFO] [com.wechat.pay.java.core.certificate.AutoCertificateService]  - update wechatpay certificate 1645631772-RSA done
 2024-12-16-16-32 [ConnectionMonitorThread-7-thread-1] [INFO] [CommonDefault]  - serviceOnConnections(localhost:11200) size[1], CONNECTION_THRESHOLD[3].
 2024-12-16-16-35 [ConnectionMonitorThread-7-thread-1] [INFO] [CommonDefault]  - serviceOnConnections(localhost:11200) size[1], CONNECTION_THRESHOLD[3].
 2024-12-16-16-38 [ConnectionMonitorThread-7-thread-1] [INFO] [CommonDefault]  - serviceOnConnections(localhost:11200) size[1], CONNECTION_THRESHOLD[3].
 2024-12-16-16-41 [ConnectionMonitorThread-7-thread-1] [INFO] [CommonDefault]  - serviceOnConnections(localhost:11200) size[1], CONNECTION_THRESHOLD[3].
 2024-12-16-16-44 [ConnectionMonitorThread-7-thread-1] [INFO] [CommonDefault]  - serviceOnConnections(localhost:11200) size[1], CONNECTION_THRESHOLD[3].
 2024-12-16-16-47 [ConnectionMonitorThread-7-thread-1] [INFO] [CommonDefault]  - serviceOnConnections(localhost:11200) size[1], CONNECTION_THRESHOLD[3].
 2024-12-16-16-50 [ConnectionMonitorThread-7-thread-1] [INFO] [CommonDefault]  - serviceOnConnections(localhost:11200) size[1], CONNECTION_THRESHOLD[3].
 2024-12-16-16-53 [ConnectionMonitorThread-7-thread-1] [INFO] [CommonDefault]  - serviceOnConnections(localhost:11200) size[1], CONNECTION_THRESHOLD[3].
 2024-12-16-16-56 [ConnectionMonitorThread-7-thread-1] [INFO] [CommonDefault]  - serviceOnConnections(localhost:11200) size[1], CONNECTION_THRESHOLD[3].
 2024-12-16-16-59 [ConnectionMonitorThread-7-thread-1] [INFO] [CommonDefault]  - serviceOnConnections(localhost:11200) size[1], CONNECTION_THRESHOLD[3].
 2024-12-16-17-02 [ConnectionMonitorThread-7-thread-1] [INFO] [CommonDefault]  - serviceOnConnections(localhost:11200) size[1], CONNECTION_THRESHOLD[3].
 2024-12-16-17-05 [ConnectionMonitorThread-7-thread-1] [INFO] [CommonDefault]  - serviceOnConnections(localhost:11200) size[1], CONNECTION_THRESHOLD[3].
 2024-12-16-17-08 [ConnectionMonitorThread-7-thread-1] [INFO] [CommonDefault]  - serviceOnConnections(localhost:11200) size[1], CONNECTION_THRESHOLD[3].
 2024-12-16-17-11 [ConnectionMonitorThread-7-thread-1] [INFO] [CommonDefault]  - serviceOnConnections(localhost:11200) size[1], CONNECTION_THRESHOLD[3].
 2024-12-16-17-14 [ConnectionMonitorThread-7-thread-1] [INFO] [CommonDefault]  - serviceOnConnections(localhost:11200) size[1], CONNECTION_THRESHOLD[3].
 2024-12-16-17-17 [ConnectionMonitorThread-7-thread-1] [INFO] [CommonDefault]  - serviceOnConnections(localhost:11200) size[1], CONNECTION_THRESHOLD[3].
 2024-12-16-17-20 [ConnectionMonitorThread-7-thread-1] [INFO] [CommonDefault]  - serviceOnConnections(localhost:11200) size[1], CONNECTION_THRESHOLD[3].
 2024-12-16-17-23 [ConnectionMonitorThread-7-thread-1] [INFO] [CommonDefault]  - serviceOnConnections(localhost:11200) size[1], CONNECTION_THRESHOLD[3].
 2024-12-16-17-26 [ConnectionMonitorThread-7-thread-1] [INFO] [CommonDefault]  - serviceOnConnections(localhost:11200) size[1], CONNECTION_THRESHOLD[3].
 2024-12-16-17-29 [ConnectionMonitorThread-7-thread-1] [INFO] [CommonDefault]  - serviceOnConnections(localhost:11200) size[1], CONNECTION_THRESHOLD[3].
 2024-12-16-17-32 [auto-certificate-service-daemon-1] [INFO] [com.wechat.pay.java.core.certificate.AutoCertificateService]  - Begin update Certificates. total updates: 67
 2024-12-16-17-32 [auto-certificate-service-daemon-1] [INFO] [com.wechat.pay.java.core.certificate.AutoCertificateService]  - update wechatpay certificate 1645631772-RSA done
 2024-12-16-17-32 [ConnectionMonitorThread-7-thread-1] [INFO] [CommonDefault]  - serviceOnConnections(localhost:11200) size[1], CONNECTION_THRESHOLD[3].
 2024-12-16-17-35 [ConnectionMonitorThread-7-thread-1] [INFO] [CommonDefault]  - serviceOnConnections(localhost:11200) size[1], CONNECTION_THRESHOLD[3].
 2024-12-16-17-38 [ConnectionMonitorThread-7-thread-1] [INFO] [CommonDefault]  - serviceOnConnections(localhost:11200) size[1], CONNECTION_THRESHOLD[3].
 2024-12-16-17-41 [ConnectionMonitorThread-7-thread-1] [INFO] [CommonDefault]  - serviceOnConnections(localhost:11200) size[1], CONNECTION_THRESHOLD[3].
 2024-12-16-17-44 [ConnectionMonitorThread-7-thread-1] [INFO] [CommonDefault]  - serviceOnConnections(localhost:11200) size[1], CONNECTION_THRESHOLD[3].
 2024-12-16-17-47 [ConnectionMonitorThread-7-thread-1] [INFO] [CommonDefault]  - serviceOnConnections(localhost:11200) size[1], CONNECTION_THRESHOLD[3].
 2024-12-16-17-50 [ConnectionMonitorThread-7-thread-1] [INFO] [CommonDefault]  - serviceOnConnections(localhost:11200) size[1], CONNECTION_THRESHOLD[3].
 2024-12-16-17-53 [ConnectionMonitorThread-7-thread-1] [INFO] [CommonDefault]  - serviceOnConnections(localhost:11200) size[1], CONNECTION_THRESHOLD[3].
 2024-12-16-17-56 [ConnectionMonitorThread-7-thread-1] [INFO] [CommonDefault]  - serviceOnConnections(localhost:11200) size[1], CONNECTION_THRESHOLD[3].
 2024-12-16-17-59 [ConnectionMonitorThread-7-thread-1] [INFO] [CommonDefault]  - serviceOnConnections(localhost:11200) size[1], CONNECTION_THRESHOLD[3].
 2024-12-16-18-02 [ConnectionMonitorThread-7-thread-1] [INFO] [CommonDefault]  - serviceOnConnections(localhost:11200) size[1], CONNECTION_THRESHOLD[3].
 2024-12-16-18-05 [ConnectionMonitorThread-7-thread-1] [INFO] [CommonDefault]  - serviceOnConnections(localhost:11200) size[1], CONNECTION_THRESHOLD[3].
 2024-12-16-18-08 [ConnectionMonitorThread-7-thread-1] [INFO] [CommonDefault]  - serviceOnConnections(localhost:11200) size[1], CONNECTION_THRESHOLD[3].
 2024-12-16-18-11 [ConnectionMonitorThread-7-thread-1] [INFO] [CommonDefault]  - serviceOnConnections(localhost:11200) size[1], CONNECTION_THRESHOLD[3].
 2024-12-16-18-14 [ConnectionMonitorThread-7-thread-1] [INFO] [CommonDefault]  - serviceOnConnections(localhost:11200) size[1], CONNECTION_THRESHOLD[3].
 2024-12-16-18-17 [ConnectionMonitorThread-7-thread-1] [INFO] [CommonDefault]  - serviceOnConnections(localhost:11200) size[1], CONNECTION_THRESHOLD[3].
 2024-12-16-18-20 [ConnectionMonitorThread-7-thread-1] [INFO] [CommonDefault]  - serviceOnConnections(localhost:11200) size[1], CONNECTION_THRESHOLD[3].
 2024-12-16-18-23 [ConnectionMonitorThread-7-thread-1] [INFO] [CommonDefault]  - serviceOnConnections(localhost:11200) size[1], CONNECTION_THRESHOLD[3].
 2024-12-16-18-26 [ConnectionMonitorThread-7-thread-1] [INFO] [CommonDefault]  - serviceOnConnections(localhost:11200) size[1], CONNECTION_THRESHOLD[3].
 2024-12-16-18-29 [ConnectionMonitorThread-7-thread-1] [INFO] [CommonDefault]  - serviceOnConnections(localhost:11200) size[1], CONNECTION_THRESHOLD[3].
 2024-12-16-18-32 [auto-certificate-service-daemon-1] [INFO] [com.wechat.pay.java.core.certificate.AutoCertificateService]  - Begin update Certificates. total updates: 68
 2024-12-16-18-32 [auto-certificate-service-daemon-1] [INFO] [com.wechat.pay.java.core.certificate.AutoCertificateService]  - update wechatpay certificate 1645631772-RSA done
 2024-12-16-18-32 [ConnectionMonitorThread-7-thread-1] [INFO] [CommonDefault]  - serviceOnConnections(localhost:11200) size[1], CONNECTION_THRESHOLD[3].
 2024-12-16-18-35 [ConnectionMonitorThread-7-thread-1] [INFO] [CommonDefault]  - serviceOnConnections(localhost:11200) size[1], CONNECTION_THRESHOLD[3].
 2024-12-16-18-38 [ConnectionMonitorThread-7-thread-1] [INFO] [CommonDefault]  - serviceOnConnections(localhost:11200) size[1], CONNECTION_THRESHOLD[3].
 2024-12-16-18-41 [ConnectionMonitorThread-7-thread-1] [INFO] [CommonDefault]  - serviceOnConnections(localhost:11200) size[1], CONNECTION_THRESHOLD[3].
 2024-12-16-18-44 [ConnectionMonitorThread-7-thread-1] [INFO] [CommonDefault]  - serviceOnConnections(localhost:11200) size[1], CONNECTION_THRESHOLD[3].
 2024-12-16-18-47 [ConnectionMonitorThread-7-thread-1] [INFO] [CommonDefault]  - serviceOnConnections(localhost:11200) size[1], CONNECTION_THRESHOLD[3].
 2024-12-16-18-50 [ConnectionMonitorThread-7-thread-1] [INFO] [CommonDefault]  - serviceOnConnections(localhost:11200) size[1], CONNECTION_THRESHOLD[3].
 2024-12-16-18-53 [ConnectionMonitorThread-7-thread-1] [INFO] [CommonDefault]  - serviceOnConnections(localhost:11200) size[1], CONNECTION_THRESHOLD[3].
 2024-12-16-18-56 [ConnectionMonitorThread-7-thread-1] [INFO] [CommonDefault]  - serviceOnConnections(localhost:11200) size[1], CONNECTION_THRESHOLD[3].
 2024-12-16-18-59 [ConnectionMonitorThread-7-thread-1] [INFO] [CommonDefault]  - serviceOnConnections(localhost:11200) size[1], CONNECTION_THRESHOLD[3].
 2024-12-16-19-02 [ConnectionMonitorThread-7-thread-1] [INFO] [CommonDefault]  - serviceOnConnections(localhost:11200) size[1], CONNECTION_THRESHOLD[3].
 2024-12-16-19-05 [ConnectionMonitorThread-7-thread-1] [INFO] [CommonDefault]  - serviceOnConnections(localhost:11200) size[1], CONNECTION_THRESHOLD[3].
 2024-12-16-19-08 [ConnectionMonitorThread-7-thread-1] [INFO] [CommonDefault]  - serviceOnConnections(localhost:11200) size[1], CONNECTION_THRESHOLD[3].
 2024-12-16-19-11 [ConnectionMonitorThread-7-thread-1] [INFO] [CommonDefault]  - serviceOnConnections(localhost:11200) size[1], CONNECTION_THRESHOLD[3].
 2024-12-16-19-14 [ConnectionMonitorThread-7-thread-1] [INFO] [CommonDefault]  - serviceOnConnections(localhost:11200) size[1], CONNECTION_THRESHOLD[3].
 2024-12-16-19-17 [ConnectionMonitorThread-7-thread-1] [INFO] [CommonDefault]  - serviceOnConnections(localhost:11200) size[1], CONNECTION_THRESHOLD[3].
 2024-12-16-19-20 [ConnectionMonitorThread-7-thread-1] [INFO] [CommonDefault]  - serviceOnConnections(localhost:11200) size[1], CONNECTION_THRESHOLD[3].
 2024-12-16-19-23 [ConnectionMonitorThread-7-thread-1] [INFO] [CommonDefault]  - serviceOnConnections(localhost:11200) size[1], CONNECTION_THRESHOLD[3].
 2024-12-16-19-26 [ConnectionMonitorThread-7-thread-1] [INFO] [CommonDefault]  - serviceOnConnections(localhost:11200) size[1], CONNECTION_THRESHOLD[3].
 2024-12-16-19-29 [ConnectionMonitorThread-7-thread-1] [INFO] [CommonDefault]  - serviceOnConnections(localhost:11200) size[1], CONNECTION_THRESHOLD[3].
 2024-12-16-19-32 [auto-certificate-service-daemon-1] [INFO] [com.wechat.pay.java.core.certificate.AutoCertificateService]  - Begin update Certificates. total updates: 69
 2024-12-16-19-32 [auto-certificate-service-daemon-1] [INFO] [com.wechat.pay.java.core.certificate.AutoCertificateService]  - update wechatpay certificate 1645631772-RSA done
 2024-12-16-19-32 [ConnectionMonitorThread-7-thread-1] [INFO] [CommonDefault]  - serviceOnConnections(localhost:11200) size[1], CONNECTION_THRESHOLD[3].
 2024-12-16-19-35 [ConnectionMonitorThread-7-thread-1] [INFO] [CommonDefault]  - serviceOnConnections(localhost:11200) size[1], CONNECTION_THRESHOLD[3].
 2024-12-16-19-38 [ConnectionMonitorThread-7-thread-1] [INFO] [CommonDefault]  - serviceOnConnections(localhost:11200) size[1], CONNECTION_THRESHOLD[3].
 2024-12-16-19-41 [ConnectionMonitorThread-7-thread-1] [INFO] [CommonDefault]  - serviceOnConnections(localhost:11200) size[1], CONNECTION_THRESHOLD[3].
 2024-12-16-19-44 [ConnectionMonitorThread-7-thread-1] [INFO] [CommonDefault]  - serviceOnConnections(localhost:11200) size[1], CONNECTION_THRESHOLD[3].
 2024-12-16-19-47 [ConnectionMonitorThread-7-thread-1] [INFO] [CommonDefault]  - serviceOnConnections(localhost:11200) size[1], CONNECTION_THRESHOLD[3].
 2024-12-16-19-50 [ConnectionMonitorThread-7-thread-1] [INFO] [CommonDefault]  - serviceOnConnections(localhost:11200) size[1], CONNECTION_THRESHOLD[3].
 2024-12-16-19-53 [ConnectionMonitorThread-7-thread-1] [INFO] [CommonDefault]  - serviceOnConnections(localhost:11200) size[1], CONNECTION_THRESHOLD[3].
 2024-12-16-19-56 [ConnectionMonitorThread-7-thread-1] [INFO] [CommonDefault]  - serviceOnConnections(localhost:11200) size[1], CONNECTION_THRESHOLD[3].
 2024-12-16-19-59 [ConnectionMonitorThread-7-thread-1] [INFO] [CommonDefault]  - serviceOnConnections(localhost:11200) size[1], CONNECTION_THRESHOLD[3].
 2024-12-16-20-02 [ConnectionMonitorThread-7-thread-1] [INFO] [CommonDefault]  - serviceOnConnections(localhost:11200) size[1], CONNECTION_THRESHOLD[3].
 2024-12-16-20-05 [ConnectionMonitorThread-7-thread-1] [INFO] [CommonDefault]  - serviceOnConnections(localhost:11200) size[1], CONNECTION_THRESHOLD[3].
 2024-12-16-20-08 [ConnectionMonitorThread-7-thread-1] [INFO] [CommonDefault]  - serviceOnConnections(localhost:11200) size[1], CONNECTION_THRESHOLD[3].
 2024-12-16-20-11 [ConnectionMonitorThread-7-thread-1] [INFO] [CommonDefault]  - serviceOnConnections(localhost:11200) size[1], CONNECTION_THRESHOLD[3].
 2024-12-16-20-14 [ConnectionMonitorThread-7-thread-1] [INFO] [CommonDefault]  - serviceOnConnections(localhost:11200) size[1], CONNECTION_THRESHOLD[3].
 2024-12-16-20-17 [ConnectionMonitorThread-7-thread-1] [INFO] [CommonDefault]  - serviceOnConnections(localhost:11200) size[1], CONNECTION_THRESHOLD[3].
 2024-12-16-20-20 [ConnectionMonitorThread-7-thread-1] [INFO] [CommonDefault]  - serviceOnConnections(localhost:11200) size[1], CONNECTION_THRESHOLD[3].
 2024-12-16-20-23 [ConnectionMonitorThread-7-thread-1] [INFO] [CommonDefault]  - serviceOnConnections(localhost:11200) size[1], CONNECTION_THRESHOLD[3].
 2024-12-16-20-26 [ConnectionMonitorThread-7-thread-1] [INFO] [CommonDefault]  - serviceOnConnections(localhost:11200) size[1], CONNECTION_THRESHOLD[3].
 2024-12-16-20-29 [ConnectionMonitorThread-7-thread-1] [INFO] [CommonDefault]  - serviceOnConnections(localhost:11200) size[1], CONNECTION_THRESHOLD[3].
 2024-12-16-20-32 [auto-certificate-service-daemon-1] [INFO] [com.wechat.pay.java.core.certificate.AutoCertificateService]  - Begin update Certificates. total updates: 70
 2024-12-16-20-32 [auto-certificate-service-daemon-1] [INFO] [com.wechat.pay.java.core.certificate.AutoCertificateService]  - update wechatpay certificate 1645631772-RSA done
 2024-12-16-20-32 [ConnectionMonitorThread-7-thread-1] [INFO] [CommonDefault]  - serviceOnConnections(localhost:11200) size[1], CONNECTION_THRESHOLD[3].
 2024-12-16-20-35 [ConnectionMonitorThread-7-thread-1] [INFO] [CommonDefault]  - serviceOnConnections(localhost:11200) size[1], CONNECTION_THRESHOLD[3].
 2024-12-16-20-38 [ConnectionMonitorThread-7-thread-1] [INFO] [CommonDefault]  - serviceOnConnections(localhost:11200) size[1], CONNECTION_THRESHOLD[3].
 2024-12-16-20-41 [ConnectionMonitorThread-7-thread-1] [INFO] [CommonDefault]  - serviceOnConnections(localhost:11200) size[1], CONNECTION_THRESHOLD[3].
 2024-12-16-20-44 [ConnectionMonitorThread-7-thread-1] [INFO] [CommonDefault]  - serviceOnConnections(localhost:11200) size[1], CONNECTION_THRESHOLD[3].
 2024-12-16-20-47 [ConnectionMonitorThread-7-thread-1] [INFO] [CommonDefault]  - serviceOnConnections(localhost:11200) size[1], CONNECTION_THRESHOLD[3].
 2024-12-16-20-50 [ConnectionMonitorThread-7-thread-1] [INFO] [CommonDefault]  - serviceOnConnections(localhost:11200) size[1], CONNECTION_THRESHOLD[3].
 2024-12-16-20-53 [ConnectionMonitorThread-7-thread-1] [INFO] [CommonDefault]  - serviceOnConnections(localhost:11200) size[1], CONNECTION_THRESHOLD[3].
 2024-12-16-20-56 [ConnectionMonitorThread-7-thread-1] [INFO] [CommonDefault]  - serviceOnConnections(localhost:11200) size[1], CONNECTION_THRESHOLD[3].
 2024-12-16-20-59 [ConnectionMonitorThread-7-thread-1] [INFO] [CommonDefault]  - serviceOnConnections(localhost:11200) size[1], CONNECTION_THRESHOLD[3].
 2024-12-16-21-02 [ConnectionMonitorThread-7-thread-1] [INFO] [CommonDefault]  - serviceOnConnections(localhost:11200) size[1], CONNECTION_THRESHOLD[3].
 2024-12-16-21-05 [ConnectionMonitorThread-7-thread-1] [INFO] [CommonDefault]  - serviceOnConnections(localhost:11200) size[1], CONNECTION_THRESHOLD[3].
 2024-12-16-21-08 [ConnectionMonitorThread-7-thread-1] [INFO] [CommonDefault]  - serviceOnConnections(localhost:11200) size[1], CONNECTION_THRESHOLD[3].
 2024-12-16-21-11 [ConnectionMonitorThread-7-thread-1] [INFO] [CommonDefault]  - serviceOnConnections(localhost:11200) size[1], CONNECTION_THRESHOLD[3].
 2024-12-16-21-14 [ConnectionMonitorThread-7-thread-1] [INFO] [CommonDefault]  - serviceOnConnections(localhost:11200) size[1], CONNECTION_THRESHOLD[3].
 2024-12-16-21-17 [ConnectionMonitorThread-7-thread-1] [INFO] [CommonDefault]  - serviceOnConnections(localhost:11200) size[1], CONNECTION_THRESHOLD[3].
 2024-12-16-21-20 [ConnectionMonitorThread-7-thread-1] [INFO] [CommonDefault]  - serviceOnConnections(localhost:11200) size[1], CONNECTION_THRESHOLD[3].
 2024-12-16-21-23 [ConnectionMonitorThread-7-thread-1] [INFO] [CommonDefault]  - serviceOnConnections(localhost:11200) size[1], CONNECTION_THRESHOLD[3].
 2024-12-16-21-26 [ConnectionMonitorThread-7-thread-1] [INFO] [CommonDefault]  - serviceOnConnections(localhost:11200) size[1], CONNECTION_THRESHOLD[3].
 2024-12-16-21-29 [ConnectionMonitorThread-7-thread-1] [INFO] [CommonDefault]  - serviceOnConnections(localhost:11200) size[1], CONNECTION_THRESHOLD[3].
 2024-12-16-21-32 [auto-certificate-service-daemon-1] [INFO] [com.wechat.pay.java.core.certificate.AutoCertificateService]  - Begin update Certificates. total updates: 71
 2024-12-16-21-32 [auto-certificate-service-daemon-1] [INFO] [com.wechat.pay.java.core.certificate.AutoCertificateService]  - update wechatpay certificate 1645631772-RSA done
 2024-12-16-21-32 [ConnectionMonitorThread-7-thread-1] [INFO] [CommonDefault]  - serviceOnConnections(localhost:11200) size[1], CONNECTION_THRESHOLD[3].
 2024-12-16-21-35 [ConnectionMonitorThread-7-thread-1] [INFO] [CommonDefault]  - serviceOnConnections(localhost:11200) size[1], CONNECTION_THRESHOLD[3].
 2024-12-16-21-38 [ConnectionMonitorThread-7-thread-1] [INFO] [CommonDefault]  - serviceOnConnections(localhost:11200) size[1], CONNECTION_THRESHOLD[3].
 2024-12-16-21-41 [ConnectionMonitorThread-7-thread-1] [INFO] [CommonDefault]  - serviceOnConnections(localhost:11200) size[1], CONNECTION_THRESHOLD[3].
 2024-12-16-21-44 [ConnectionMonitorThread-7-thread-1] [INFO] [CommonDefault]  - serviceOnConnections(localhost:11200) size[1], CONNECTION_THRESHOLD[3].
 2024-12-16-21-47 [ConnectionMonitorThread-7-thread-1] [INFO] [CommonDefault]  - serviceOnConnections(localhost:11200) size[1], CONNECTION_THRESHOLD[3].
 2024-12-16-21-50 [ConnectionMonitorThread-7-thread-1] [INFO] [CommonDefault]  - serviceOnConnections(localhost:11200) size[1], CONNECTION_THRESHOLD[3].
 2024-12-16-21-53 [ConnectionMonitorThread-7-thread-1] [INFO] [CommonDefault]  - serviceOnConnections(localhost:11200) size[1], CONNECTION_THRESHOLD[3].
 2024-12-16-21-56 [ConnectionMonitorThread-7-thread-1] [INFO] [CommonDefault]  - serviceOnConnections(localhost:11200) size[1], CONNECTION_THRESHOLD[3].
 2024-12-16-21-59 [ConnectionMonitorThread-7-thread-1] [INFO] [CommonDefault]  - serviceOnConnections(localhost:11200) size[1], CONNECTION_THRESHOLD[3].
 2024-12-16-22-02 [ConnectionMonitorThread-7-thread-1] [INFO] [CommonDefault]  - serviceOnConnections(localhost:11200) size[1], CONNECTION_THRESHOLD[3].
 2024-12-16-22-05 [ConnectionMonitorThread-7-thread-1] [INFO] [CommonDefault]  - serviceOnConnections(localhost:11200) size[1], CONNECTION_THRESHOLD[3].
 2024-12-16-22-08 [ConnectionMonitorThread-7-thread-1] [INFO] [CommonDefault]  - serviceOnConnections(localhost:11200) size[1], CONNECTION_THRESHOLD[3].
 2024-12-16-22-11 [ConnectionMonitorThread-7-thread-1] [INFO] [CommonDefault]  - serviceOnConnections(localhost:11200) size[1], CONNECTION_THRESHOLD[3].
 2024-12-16-22-14 [ConnectionMonitorThread-7-thread-1] [INFO] [CommonDefault]  - serviceOnConnections(localhost:11200) size[1], CONNECTION_THRESHOLD[3].
 2024-12-16-22-17 [ConnectionMonitorThread-7-thread-1] [INFO] [CommonDefault]  - serviceOnConnections(localhost:11200) size[1], CONNECTION_THRESHOLD[3].
 2024-12-16-22-20 [ConnectionMonitorThread-7-thread-1] [INFO] [CommonDefault]  - serviceOnConnections(localhost:11200) size[1], CONNECTION_THRESHOLD[3].
 2024-12-16-22-23 [ConnectionMonitorThread-7-thread-1] [INFO] [CommonDefault]  - serviceOnConnections(localhost:11200) size[1], CONNECTION_THRESHOLD[3].
 2024-12-16-22-26 [ConnectionMonitorThread-7-thread-1] [INFO] [CommonDefault]  - serviceOnConnections(localhost:11200) size[1], CONNECTION_THRESHOLD[3].
 2024-12-16-22-29 [ConnectionMonitorThread-7-thread-1] [INFO] [CommonDefault]  - serviceOnConnections(localhost:11200) size[1], CONNECTION_THRESHOLD[3].
 2024-12-16-22-32 [auto-certificate-service-daemon-1] [INFO] [com.wechat.pay.java.core.certificate.AutoCertificateService]  - Begin update Certificates. total updates: 72
 2024-12-16-22-32 [auto-certificate-service-daemon-1] [INFO] [com.wechat.pay.java.core.certificate.AutoCertificateService]  - update wechatpay certificate 1645631772-RSA done
 2024-12-16-22-32 [ConnectionMonitorThread-7-thread-1] [INFO] [CommonDefault]  - serviceOnConnections(localhost:11200) size[1], CONNECTION_THRESHOLD[3].
 2024-12-16-22-35 [ConnectionMonitorThread-7-thread-1] [INFO] [CommonDefault]  - serviceOnConnections(localhost:11200) size[1], CONNECTION_THRESHOLD[3].
 2024-12-16-22-38 [ConnectionMonitorThread-7-thread-1] [INFO] [CommonDefault]  - serviceOnConnections(localhost:11200) size[1], CONNECTION_THRESHOLD[3].
 2024-12-16-22-41 [ConnectionMonitorThread-7-thread-1] [INFO] [CommonDefault]  - serviceOnConnections(localhost:11200) size[1], CONNECTION_THRESHOLD[3].
 2024-12-16-22-44 [ConnectionMonitorThread-7-thread-1] [INFO] [CommonDefault]  - serviceOnConnections(localhost:11200) size[1], CONNECTION_THRESHOLD[3].
 2024-12-16-22-47 [ConnectionMonitorThread-7-thread-1] [INFO] [CommonDefault]  - serviceOnConnections(localhost:11200) size[1], CONNECTION_THRESHOLD[3].
 2024-12-16-22-50 [ConnectionMonitorThread-7-thread-1] [INFO] [CommonDefault]  - serviceOnConnections(localhost:11200) size[1], CONNECTION_THRESHOLD[3].
 2024-12-16-22-53 [ConnectionMonitorThread-7-thread-1] [INFO] [CommonDefault]  - serviceOnConnections(localhost:11200) size[1], CONNECTION_THRESHOLD[3].
 2024-12-16-22-56 [ConnectionMonitorThread-7-thread-1] [INFO] [CommonDefault]  - serviceOnConnections(localhost:11200) size[1], CONNECTION_THRESHOLD[3].
 2024-12-16-22-59 [ConnectionMonitorThread-7-thread-1] [INFO] [CommonDefault]  - serviceOnConnections(localhost:11200) size[1], CONNECTION_THRESHOLD[3].
 2024-12-16-23-02 [ConnectionMonitorThread-7-thread-1] [INFO] [CommonDefault]  - serviceOnConnections(localhost:11200) size[1], CONNECTION_THRESHOLD[3].
 2024-12-16-23-05 [ConnectionMonitorThread-7-thread-1] [INFO] [CommonDefault]  - serviceOnConnections(localhost:11200) size[1], CONNECTION_THRESHOLD[3].
 2024-12-16-23-08 [ConnectionMonitorThread-7-thread-1] [INFO] [CommonDefault]  - serviceOnConnections(localhost:11200) size[1], CONNECTION_THRESHOLD[3].
 2024-12-16-23-11 [ConnectionMonitorThread-7-thread-1] [INFO] [CommonDefault]  - serviceOnConnections(localhost:11200) size[1], CONNECTION_THRESHOLD[3].
 2024-12-16-23-14 [ConnectionMonitorThread-7-thread-1] [INFO] [CommonDefault]  - serviceOnConnections(localhost:11200) size[1], CONNECTION_THRESHOLD[3].
 2024-12-16-23-17 [ConnectionMonitorThread-7-thread-1] [INFO] [CommonDefault]  - serviceOnConnections(localhost:11200) size[1], CONNECTION_THRESHOLD[3].
 2024-12-16-23-20 [ConnectionMonitorThread-7-thread-1] [INFO] [CommonDefault]  - serviceOnConnections(localhost:11200) size[1], CONNECTION_THRESHOLD[3].
 2024-12-16-23-23 [ConnectionMonitorThread-7-thread-1] [INFO] [CommonDefault]  - serviceOnConnections(localhost:11200) size[1], CONNECTION_THRESHOLD[3].
 2024-12-16-23-26 [ConnectionMonitorThread-7-thread-1] [INFO] [CommonDefault]  - serviceOnConnections(localhost:11200) size[1], CONNECTION_THRESHOLD[3].
 2024-12-16-23-29 [ConnectionMonitorThread-7-thread-1] [INFO] [CommonDefault]  - serviceOnConnections(localhost:11200) size[1], CONNECTION_THRESHOLD[3].
 2024-12-16-23-32 [auto-certificate-service-daemon-1] [INFO] [com.wechat.pay.java.core.certificate.AutoCertificateService]  - Begin update Certificates. total updates: 73
 2024-12-16-23-32 [auto-certificate-service-daemon-1] [INFO] [com.wechat.pay.java.core.certificate.AutoCertificateService]  - update wechatpay certificate 1645631772-RSA done
 2024-12-16-23-32 [ConnectionMonitorThread-7-thread-1] [INFO] [CommonDefault]  - serviceOnConnections(localhost:11200) size[1], CONNECTION_THRESHOLD[3].
 2024-12-16-23-35 [ConnectionMonitorThread-7-thread-1] [INFO] [CommonDefault]  - serviceOnConnections(localhost:11200) size[1], CONNECTION_THRESHOLD[3].
 2024-12-16-23-38 [ConnectionMonitorThread-7-thread-1] [INFO] [CommonDefault]  - serviceOnConnections(localhost:11200) size[1], CONNECTION_THRESHOLD[3].
 2024-12-16-23-41 [ConnectionMonitorThread-7-thread-1] [INFO] [CommonDefault]  - serviceOnConnections(localhost:11200) size[1], CONNECTION_THRESHOLD[3].
 2024-12-16-23-44 [ConnectionMonitorThread-7-thread-1] [INFO] [CommonDefault]  - serviceOnConnections(localhost:11200) size[1], CONNECTION_THRESHOLD[3].
 2024-12-16-23-47 [ConnectionMonitorThread-7-thread-1] [INFO] [CommonDefault]  - serviceOnConnections(localhost:11200) size[1], CONNECTION_THRESHOLD[3].
 2024-12-16-23-50 [ConnectionMonitorThread-7-thread-1] [INFO] [CommonDefault]  - serviceOnConnections(localhost:11200) size[1], CONNECTION_THRESHOLD[3].
 2024-12-16-23-53 [ConnectionMonitorThread-7-thread-1] [INFO] [CommonDefault]  - serviceOnConnections(localhost:11200) size[1], CONNECTION_THRESHOLD[3].
 2024-12-16-23-56 [ConnectionMonitorThread-7-thread-1] [INFO] [CommonDefault]  - serviceOnConnections(localhost:11200) size[1], CONNECTION_THRESHOLD[3].
 2024-12-16-23-59 [ConnectionMonitorThread-7-thread-1] [INFO] [CommonDefault]  - serviceOnConnections(localhost:11200) size[1], CONNECTION_THRESHOLD[3].
 