2025-01-08-13-59 [background-preinit] [INFO] [org.hibernate.validator.internal.util.Version]  - HV000001: Hibernate Validator 8.0.1.Final
 2025-01-08-13-59 [main] [INFO] [com.cuzz.webac.WebAcApplication]  - Starting WebAcApplication using Java 17.0.1 with PID 18832 (C:\Users\PC\Desktop\WebAC\build\classes\java\main started by PC in C:\Users\PC\Desktop\WebAC)
 2025-01-08-13-59 [main] [INFO] [com.cuzz.webac.WebAcApplication]  - No active profile set, falling back to 1 default profile: "default"
 2025-01-08-13-59 [main] [INFO] [org.springframework.data.repository.config.RepositoryConfigurationDelegate]  - Multiple Spring Data modules found, entering strict repository configuration mode
 2025-01-08-13-59 [main] [INFO] [org.springframework.data.repository.config.RepositoryConfigurationDelegate]  - Bootstrapping Spring Data Redis repositories in DEFAULT mode.
 2025-01-08-13-59 [main] [INFO] [org.springframework.data.repository.config.RepositoryConfigurationDelegate]  - Finished Spring Data repository scanning in 27 ms. Found 0 Redis repository interfaces.
 2025-01-08-13-59 [main] [DEBUG] [org.mybatis.spring.mapper.ClassPathMapperScanner]  - Identified candidate component class: file [C:\Users\PC\Desktop\WebAC\build\classes\java\main\com\cuzz\webac\mapper\AccountDOMapper.class]
 2025-01-08-13-59 [main] [DEBUG] [org.mybatis.spring.mapper.ClassPathMapperScanner]  - Identified candidate component class: file [C:\Users\PC\Desktop\WebAC\build\classes\java\main\com\cuzz\webac\mapper\LogItemDOMapper.class]
 2025-01-08-13-59 [main] [DEBUG] [org.mybatis.spring.mapper.ClassPathMapperScanner]  - Identified candidate component class: file [C:\Users\PC\Desktop\WebAC\build\classes\java\main\com\cuzz\webac\mapper\OrderDOMapper.class]
 2025-01-08-13-59 [main] [DEBUG] [org.mybatis.spring.mapper.ClassPathMapperScanner]  - Identified candidate component class: file [C:\Users\PC\Desktop\WebAC\build\classes\java\main\com\cuzz\webac\mapper\ProductDOMapper.class]
 2025-01-08-13-59 [main] [DEBUG] [org.mybatis.spring.mapper.ClassPathMapperScanner]  - Creating MapperFactoryBean with name 'accountDOMapper' and 'com.cuzz.webac.mapper.AccountDOMapper' mapperInterface
 2025-01-08-13-59 [main] [DEBUG] [org.mybatis.spring.mapper.ClassPathMapperScanner]  - Enabling autowire by type for MapperFactoryBean with name 'accountDOMapper'.
 2025-01-08-13-59 [main] [DEBUG] [org.mybatis.spring.mapper.ClassPathMapperScanner]  - Creating MapperFactoryBean with name 'logItemDOMapper' and 'com.cuzz.webac.mapper.LogItemDOMapper' mapperInterface
 2025-01-08-13-59 [main] [DEBUG] [org.mybatis.spring.mapper.ClassPathMapperScanner]  - Enabling autowire by type for MapperFactoryBean with name 'logItemDOMapper'.
 2025-01-08-13-59 [main] [DEBUG] [org.mybatis.spring.mapper.ClassPathMapperScanner]  - Creating MapperFactoryBean with name 'orderDOMapper' and 'com.cuzz.webac.mapper.OrderDOMapper' mapperInterface
 2025-01-08-13-59 [main] [DEBUG] [org.mybatis.spring.mapper.ClassPathMapperScanner]  - Enabling autowire by type for MapperFactoryBean with name 'orderDOMapper'.
 2025-01-08-13-59 [main] [DEBUG] [org.mybatis.spring.mapper.ClassPathMapperScanner]  - Creating MapperFactoryBean with name 'productDOMapper' and 'com.cuzz.webac.mapper.ProductDOMapper' mapperInterface
 2025-01-08-13-59 [main] [DEBUG] [org.mybatis.spring.mapper.ClassPathMapperScanner]  - Enabling autowire by type for MapperFactoryBean with name 'productDOMapper'.
 2025-01-08-13-59 [main] [WARN] [org.springframework.context.support.PostProcessorRegistrationDelegate$BeanPostProcessorChecker]  - Bean 'org.apache.rocketmq.spring.autoconfigure.ListenerContainerConfiguration' of type [org.apache.rocketmq.spring.autoconfigure.ListenerContainerConfiguration$$SpringCGLIB$$0] is not eligible for getting processed by all BeanPostProcessors (for example: not eligible for auto-proxying). Is this bean getting eagerly injected into a currently created BeanPostProcessor [org.apache.rocketmq.spring.annotation.RocketMQMessageListenerBeanPostProcessor]? Check the corresponding BeanPostProcessor declaration and its dependencies.
 2025-01-08-13-59 [main] [WARN] [org.springframework.context.support.PostProcessorRegistrationDelegate$BeanPostProcessorChecker]  - Bean 'org.apache.rocketmq.spring.autoconfigure.MessageConverterConfiguration' of type [org.apache.rocketmq.spring.autoconfigure.MessageConverterConfiguration$$SpringCGLIB$$0] is not eligible for getting processed by all BeanPostProcessors (for example: not eligible for auto-proxying). Is this bean getting eagerly injected into a currently created BeanPostProcessor [org.apache.rocketmq.spring.annotation.RocketMQMessageListenerBeanPostProcessor]? Check the corresponding BeanPostProcessor declaration and its dependencies.
 2025-01-08-13-59 [main] [WARN] [org.springframework.context.support.PostProcessorRegistrationDelegate$BeanPostProcessorChecker]  - Bean 'createRocketMQMessageConverter' of type [org.apache.rocketmq.spring.support.RocketMQMessageConverter] is not eligible for getting processed by all BeanPostProcessors (for example: not eligible for auto-proxying). Is this bean getting eagerly injected into a currently created BeanPostProcessor [org.apache.rocketmq.spring.annotation.RocketMQMessageListenerBeanPostProcessor]? Check the corresponding BeanPostProcessor declaration and its dependencies.
 2025-01-08-13-59 [main] [WARN] [org.springframework.context.support.PostProcessorRegistrationDelegate$BeanPostProcessorChecker]  - Bean 'rocketmq-org.apache.rocketmq.spring.autoconfigure.RocketMQProperties' of type [org.apache.rocketmq.spring.autoconfigure.RocketMQProperties] is not eligible for getting processed by all BeanPostProcessors (for example: not eligible for auto-proxying). Is this bean getting eagerly injected into a currently created BeanPostProcessor [org.apache.rocketmq.spring.annotation.RocketMQMessageListenerBeanPostProcessor]? Check the corresponding BeanPostProcessor declaration and its dependencies.
 2025-01-08-13-59 [main] [WARN] [org.springframework.context.support.PostProcessorRegistrationDelegate$BeanPostProcessorChecker]  - Bean 'rocketMQMessageListenerContainerRegistrar' of type [org.apache.rocketmq.spring.support.RocketMQMessageListenerContainerRegistrar] is not eligible for getting processed by all BeanPostProcessors (for example: not eligible for auto-proxying). Is this bean getting eagerly injected into a currently created BeanPostProcessor [org.apache.rocketmq.spring.annotation.RocketMQMessageListenerBeanPostProcessor]? Check the corresponding BeanPostProcessor declaration and its dependencies.
 2025-01-08-13-59 [main] [INFO] [org.springframework.boot.web.embedded.tomcat.TomcatWebServer]  - Tomcat initialized with port 18089 (http)
 2025-01-08-13-59 [main] [INFO] [org.springframework.boot.web.servlet.context.ServletWebServerApplicationContext]  - Root WebApplicationContext: initialization completed in 1542 ms
 2025-01-08-13-59 [main] [INFO] [org.apache.rocketmq.spring.autoconfigure.RocketMQAutoConfiguration]  - a producer (transactional_group) init on namesrv 43.248.186.18:9876
 2025-01-08-13-59 [main] [DEBUG] [org.mybatis.spring.SqlSessionFactoryBean]  - Parsed mapper file: 'file [C:\Users\PC\Desktop\WebAC\build\resources\main\mapper\AccountDOMapper.xml]'
 2025-01-08-13-59 [main] [DEBUG] [org.mybatis.spring.SqlSessionFactoryBean]  - Parsed mapper file: 'file [C:\Users\PC\Desktop\WebAC\build\resources\main\mapper\LogItemDOMapper.xml]'
 2025-01-08-13-59 [main] [DEBUG] [org.mybatis.spring.SqlSessionFactoryBean]  - Parsed mapper file: 'file [C:\Users\PC\Desktop\WebAC\build\resources\main\mapper\OrderDOMapper.xml]'
 2025-01-08-13-59 [main] [DEBUG] [org.mybatis.spring.SqlSessionFactoryBean]  - Parsed mapper file: 'file [C:\Users\PC\Desktop\WebAC\build\resources\main\mapper\ProductDOMapper.xml]'
 2025-01-08-13-59 [main] [INFO] [org.mongodb.driver.client]  - MongoClient with metadata {"driver": {"name": "mongo-java-driver|sync", "version": "4.8.1"}, "os": {"type": "Windows", "name": "Windows 10", "architecture": "amd64", "version": "10.0"}, "platform": "Java/Oracle Corporation/17.0.1+12-LTS-39"} created with settings MongoClientSettings{readPreference=primary, writeConcern=WriteConcern{w=null, wTimeout=null ms, journal=null}, retryWrites=true, retryReads=true, readConcern=ReadConcern{level=null}, credential=null, streamFactoryFactory=null, commandListeners=[], codecRegistry=ProvidersCodecRegistry{codecProviders=[ValueCodecProvider{}, BsonValueCodecProvider{}, DBRefCodecProvider{}, DBObjectCodecProvider{}, DocumentCodecProvider{}, CollectionCodecProvider{}, IterableCodecProvider{}, MapCodecProvider{}, GeoJsonCodecProvider{}, GridFSFileCodecProvider{}, Jsr310CodecProvider{}, JsonObjectCodecProvider{}, BsonCodecProvider{}, EnumCodecProvider{}, com.mongodb.Jep395RecordCodecProvider@c7443f]}, clusterSettings={hosts=[localhost:27017], srvServiceName=mongodb, mode=SINGLE, requiredClusterType=UNKNOWN, requiredReplicaSetName='null', serverSelector='null', clusterListeners='[]', serverSelectionTimeout='30000 ms', localThreshold='30000 ms'}, socketSettings=SocketSettings{connectTimeoutMS=10000, readTimeoutMS=0, receiveBufferSize=0, sendBufferSize=0}, heartbeatSocketSettings=SocketSettings{connectTimeoutMS=10000, readTimeoutMS=10000, receiveBufferSize=0, sendBufferSize=0}, connectionPoolSettings=ConnectionPoolSettings{maxSize=100, minSize=0, maxWaitTimeMS=120000, maxConnectionLifeTimeMS=0, maxConnectionIdleTimeMS=0, maintenanceInitialDelayMS=0, maintenanceFrequencyMS=60000, connectionPoolListeners=[], maxConnecting=2}, serverSettings=ServerSettings{heartbeatFrequencyMS=10000, minHeartbeatFrequencyMS=500, serverListeners='[]', serverMonitorListeners='[]'}, sslSettings=SslSettings{enabled=false, invalidHostNameAllowed=false, context=null}, applicationName='null', compressorList=[], uuidRepresentation=UNSPECIFIED, serverApi=null, autoEncryptionSettings=null, contextProvider=null}
 2025-01-08-13-59 [cluster-ClusterId{value='677e144295564f4544cb5165', description='null'}-localhost:27017] [INFO] [org.mongodb.driver.cluster]  - Monitor thread successfully connected to server with description ServerDescription{address=localhost:27017, type=STANDALONE, state=CONNECTED, ok=true, minWireVersion=0, maxWireVersion=25, maxDocumentSize=16777216, logicalSessionTimeoutMinutes=30, roundTripTimeNanos=33043400}
 2025-01-08-13-59 [main] [INFO] [com.cuzz.webac.dao.GameInfoDaImp]  - MongoDB connected and datastore initialized.
 2025-01-08-13-59 [main] [INFO] [org.mongodb.driver.client]  - MongoClient with metadata {"driver": {"name": "mongo-java-driver|sync|spring-boot", "version": "4.8.1"}, "os": {"type": "Windows", "name": "Windows 10", "architecture": "amd64", "version": "10.0"}, "platform": "Java/Oracle Corporation/17.0.1+12-LTS-39"} created with settings MongoClientSettings{readPreference=primary, writeConcern=WriteConcern{w=null, wTimeout=null ms, journal=null}, retryWrites=true, retryReads=true, readConcern=ReadConcern{level=null}, credential=null, streamFactoryFactory=null, commandListeners=[], codecRegistry=ProvidersCodecRegistry{codecProviders=[ValueCodecProvider{}, BsonValueCodecProvider{}, DBRefCodecProvider{}, DBObjectCodecProvider{}, DocumentCodecProvider{}, CollectionCodecProvider{}, IterableCodecProvider{}, MapCodecProvider{}, GeoJsonCodecProvider{}, GridFSFileCodecProvider{}, Jsr310CodecProvider{}, JsonObjectCodecProvider{}, BsonCodecProvider{}, EnumCodecProvider{}, com.mongodb.Jep395RecordCodecProvider@c7443f]}, clusterSettings={hosts=[localhost:27017], srvServiceName=mongodb, mode=SINGLE, requiredClusterType=UNKNOWN, requiredReplicaSetName='null', serverSelector='null', clusterListeners='[]', serverSelectionTimeout='30000 ms', localThreshold='30000 ms'}, socketSettings=SocketSettings{connectTimeoutMS=10000, readTimeoutMS=0, receiveBufferSize=0, sendBufferSize=0}, heartbeatSocketSettings=SocketSettings{connectTimeoutMS=10000, readTimeoutMS=10000, receiveBufferSize=0, sendBufferSize=0}, connectionPoolSettings=ConnectionPoolSettings{maxSize=100, minSize=0, maxWaitTimeMS=120000, maxConnectionLifeTimeMS=0, maxConnectionIdleTimeMS=0, maintenanceInitialDelayMS=0, maintenanceFrequencyMS=60000, connectionPoolListeners=[], maxConnecting=2}, serverSettings=ServerSettings{heartbeatFrequencyMS=10000, minHeartbeatFrequencyMS=500, serverListeners='[]', serverMonitorListeners='[]'}, sslSettings=SslSettings{enabled=false, invalidHostNameAllowed=false, context=null}, applicationName='null', compressorList=[], uuidRepresentation=JAVA_LEGACY, serverApi=null, autoEncryptionSettings=null, contextProvider=null}
 2025-01-08-13-59 [cluster-ClusterId{value='677e144395564f4544cb5166', description='null'}-localhost:27017] [INFO] [org.mongodb.driver.cluster]  - Monitor thread successfully connected to server with description ServerDescription{address=localhost:27017, type=STANDALONE, state=CONNECTED, ok=true, minWireVersion=0, maxWireVersion=25, maxDocumentSize=16777216, logicalSessionTimeoutMinutes=30, roundTripTimeNanos=1482700}
 2025-01-08-13-59 [main] [INFO] [org.springframework.boot.web.embedded.tomcat.TomcatWebServer]  - Tomcat started on port 18089 (http) with context path '/'
 2025-01-08-13-59 [main] [INFO] [com.cuzz.webac.WebAcApplication]  - Started WebAcApplication in 5.883 seconds (process running for 7.065)
 2025-01-08-14-59 [auto-certificate-service-daemon-1] [INFO] [com.wechat.pay.java.core.certificate.AutoCertificateService]  - Begin update Certificates. total updates: 0
 2025-01-08-14-59 [auto-certificate-service-daemon-1] [INFO] [com.wechat.pay.java.core.certificate.AutoCertificateService]  - update wechatpay certificate 1645631772-RSA done
 2025-01-08-15-21 [background-preinit] [INFO] [org.hibernate.validator.internal.util.Version]  - HV000001: Hibernate Validator 8.0.1.Final
 2025-01-08-15-21 [main] [INFO] [com.cuzz.webac.WebAcApplication]  - Starting WebAcApplication using Java 17.0.1 with PID 42844 (C:\Users\PC\Desktop\WebAC\build\classes\java\main started by PC in C:\Users\PC\Desktop\WebAC)
 2025-01-08-15-21 [main] [INFO] [com.cuzz.webac.WebAcApplication]  - No active profile set, falling back to 1 default profile: "default"
 2025-01-08-15-21 [main] [INFO] [org.springframework.data.repository.config.RepositoryConfigurationDelegate]  - Multiple Spring Data modules found, entering strict repository configuration mode
 2025-01-08-15-21 [main] [INFO] [org.springframework.data.repository.config.RepositoryConfigurationDelegate]  - Bootstrapping Spring Data Redis repositories in DEFAULT mode.
 2025-01-08-15-21 [main] [INFO] [org.springframework.data.repository.config.RepositoryConfigurationDelegate]  - Finished Spring Data repository scanning in 22 ms. Found 0 Redis repository interfaces.
 2025-01-08-15-21 [main] [DEBUG] [org.mybatis.spring.mapper.ClassPathMapperScanner]  - Identified candidate component class: file [C:\Users\PC\Desktop\WebAC\build\classes\java\main\com\cuzz\webac\mapper\AccountDOMapper.class]
 2025-01-08-15-21 [main] [DEBUG] [org.mybatis.spring.mapper.ClassPathMapperScanner]  - Identified candidate component class: file [C:\Users\PC\Desktop\WebAC\build\classes\java\main\com\cuzz\webac\mapper\LogItemDOMapper.class]
 2025-01-08-15-21 [main] [DEBUG] [org.mybatis.spring.mapper.ClassPathMapperScanner]  - Identified candidate component class: file [C:\Users\PC\Desktop\WebAC\build\classes\java\main\com\cuzz\webac\mapper\OrderDOMapper.class]
 2025-01-08-15-21 [main] [DEBUG] [org.mybatis.spring.mapper.ClassPathMapperScanner]  - Identified candidate component class: file [C:\Users\PC\Desktop\WebAC\build\classes\java\main\com\cuzz\webac\mapper\ProductDOMapper.class]
 2025-01-08-15-21 [main] [DEBUG] [org.mybatis.spring.mapper.ClassPathMapperScanner]  - Creating MapperFactoryBean with name 'accountDOMapper' and 'com.cuzz.webac.mapper.AccountDOMapper' mapperInterface
 2025-01-08-15-21 [main] [DEBUG] [org.mybatis.spring.mapper.ClassPathMapperScanner]  - Enabling autowire by type for MapperFactoryBean with name 'accountDOMapper'.
 2025-01-08-15-21 [main] [DEBUG] [org.mybatis.spring.mapper.ClassPathMapperScanner]  - Creating MapperFactoryBean with name 'logItemDOMapper' and 'com.cuzz.webac.mapper.LogItemDOMapper' mapperInterface
 2025-01-08-15-21 [main] [DEBUG] [org.mybatis.spring.mapper.ClassPathMapperScanner]  - Enabling autowire by type for MapperFactoryBean with name 'logItemDOMapper'.
 2025-01-08-15-21 [main] [DEBUG] [org.mybatis.spring.mapper.ClassPathMapperScanner]  - Creating MapperFactoryBean with name 'orderDOMapper' and 'com.cuzz.webac.mapper.OrderDOMapper' mapperInterface
 2025-01-08-15-21 [main] [DEBUG] [org.mybatis.spring.mapper.ClassPathMapperScanner]  - Enabling autowire by type for MapperFactoryBean with name 'orderDOMapper'.
 2025-01-08-15-21 [main] [DEBUG] [org.mybatis.spring.mapper.ClassPathMapperScanner]  - Creating MapperFactoryBean with name 'productDOMapper' and 'com.cuzz.webac.mapper.ProductDOMapper' mapperInterface
 2025-01-08-15-21 [main] [DEBUG] [org.mybatis.spring.mapper.ClassPathMapperScanner]  - Enabling autowire by type for MapperFactoryBean with name 'productDOMapper'.
 2025-01-08-15-21 [main] [WARN] [org.springframework.context.support.PostProcessorRegistrationDelegate$BeanPostProcessorChecker]  - Bean 'org.apache.rocketmq.spring.autoconfigure.ListenerContainerConfiguration' of type [org.apache.rocketmq.spring.autoconfigure.ListenerContainerConfiguration$$SpringCGLIB$$0] is not eligible for getting processed by all BeanPostProcessors (for example: not eligible for auto-proxying). Is this bean getting eagerly injected into a currently created BeanPostProcessor [org.apache.rocketmq.spring.annotation.RocketMQMessageListenerBeanPostProcessor]? Check the corresponding BeanPostProcessor declaration and its dependencies.
 2025-01-08-15-21 [main] [WARN] [org.springframework.context.support.PostProcessorRegistrationDelegate$BeanPostProcessorChecker]  - Bean 'org.apache.rocketmq.spring.autoconfigure.MessageConverterConfiguration' of type [org.apache.rocketmq.spring.autoconfigure.MessageConverterConfiguration$$SpringCGLIB$$0] is not eligible for getting processed by all BeanPostProcessors (for example: not eligible for auto-proxying). Is this bean getting eagerly injected into a currently created BeanPostProcessor [org.apache.rocketmq.spring.annotation.RocketMQMessageListenerBeanPostProcessor]? Check the corresponding BeanPostProcessor declaration and its dependencies.
 2025-01-08-15-21 [main] [WARN] [org.springframework.context.support.PostProcessorRegistrationDelegate$BeanPostProcessorChecker]  - Bean 'createRocketMQMessageConverter' of type [org.apache.rocketmq.spring.support.RocketMQMessageConverter] is not eligible for getting processed by all BeanPostProcessors (for example: not eligible for auto-proxying). Is this bean getting eagerly injected into a currently created BeanPostProcessor [org.apache.rocketmq.spring.annotation.RocketMQMessageListenerBeanPostProcessor]? Check the corresponding BeanPostProcessor declaration and its dependencies.
 2025-01-08-15-21 [main] [WARN] [org.springframework.context.support.PostProcessorRegistrationDelegate$BeanPostProcessorChecker]  - Bean 'rocketmq-org.apache.rocketmq.spring.autoconfigure.RocketMQProperties' of type [org.apache.rocketmq.spring.autoconfigure.RocketMQProperties] is not eligible for getting processed by all BeanPostProcessors (for example: not eligible for auto-proxying). Is this bean getting eagerly injected into a currently created BeanPostProcessor [org.apache.rocketmq.spring.annotation.RocketMQMessageListenerBeanPostProcessor]? Check the corresponding BeanPostProcessor declaration and its dependencies.
 2025-01-08-15-21 [main] [WARN] [org.springframework.context.support.PostProcessorRegistrationDelegate$BeanPostProcessorChecker]  - Bean 'rocketMQMessageListenerContainerRegistrar' of type [org.apache.rocketmq.spring.support.RocketMQMessageListenerContainerRegistrar] is not eligible for getting processed by all BeanPostProcessors (for example: not eligible for auto-proxying). Is this bean getting eagerly injected into a currently created BeanPostProcessor [org.apache.rocketmq.spring.annotation.RocketMQMessageListenerBeanPostProcessor]? Check the corresponding BeanPostProcessor declaration and its dependencies.
 2025-01-08-15-21 [main] [INFO] [org.springframework.boot.web.embedded.tomcat.TomcatWebServer]  - Tomcat initialized with port 18089 (http)
 2025-01-08-15-21 [main] [INFO] [org.springframework.boot.web.servlet.context.ServletWebServerApplicationContext]  - Root WebApplicationContext: initialization completed in 1279 ms
 2025-01-08-15-21 [main] [INFO] [org.apache.rocketmq.spring.autoconfigure.RocketMQAutoConfiguration]  - a producer (transactional_group) init on namesrv 43.248.186.18:9876
 2025-01-08-15-21 [main] [DEBUG] [org.mybatis.spring.SqlSessionFactoryBean]  - Parsed mapper file: 'file [C:\Users\PC\Desktop\WebAC\build\resources\main\mapper\AccountDOMapper.xml]'
 2025-01-08-15-21 [main] [DEBUG] [org.mybatis.spring.SqlSessionFactoryBean]  - Parsed mapper file: 'file [C:\Users\PC\Desktop\WebAC\build\resources\main\mapper\LogItemDOMapper.xml]'
 2025-01-08-15-21 [main] [DEBUG] [org.mybatis.spring.SqlSessionFactoryBean]  - Parsed mapper file: 'file [C:\Users\PC\Desktop\WebAC\build\resources\main\mapper\OrderDOMapper.xml]'
 2025-01-08-15-21 [main] [DEBUG] [org.mybatis.spring.SqlSessionFactoryBean]  - Parsed mapper file: 'file [C:\Users\PC\Desktop\WebAC\build\resources\main\mapper\ProductDOMapper.xml]'
 2025-01-08-15-21 [main] [WARN] [org.springframework.boot.web.servlet.context.AnnotationConfigServletWebServerApplicationContext]  - Exception encountered during context initialization - cancelling refresh attempt: org.springframework.beans.factory.BeanCreationException: Error creating bean with name 'gameServerInfoController': Injection of resource dependencies failed
 2025-01-08-15-21 [main] [INFO] [org.springframework.boot.autoconfigure.logging.ConditionEvaluationReportLogger]  - 

Error starting ApplicationContext. To display the condition evaluation report re-run your application with 'debug' enabled.
 2025-01-08-15-21 [main] [ERROR] [org.springframework.boot.diagnostics.LoggingFailureAnalysisReporter]  - 

***************************
APPLICATION FAILED TO START
***************************

Description:

A component required a bean of type 'com.cuzz.webac.dao.GameInfoDao' that could not be found.


Action:

Consider defining a bean of type 'com.cuzz.webac.dao.GameInfoDao' in your configuration.

 2025-01-08-15-29 [background-preinit] [INFO] [org.hibernate.validator.internal.util.Version]  - HV000001: Hibernate Validator 8.0.1.Final
 2025-01-08-15-29 [main] [INFO] [com.cuzz.webac.WebAcApplication]  - Starting WebAcApplication using Java 17.0.1 with PID 42788 (C:\Users\PC\Desktop\WebAC\build\classes\java\main started by PC in C:\Users\PC\Desktop\WebAC)
 2025-01-08-15-29 [main] [INFO] [com.cuzz.webac.WebAcApplication]  - No active profile set, falling back to 1 default profile: "default"
 2025-01-08-15-29 [main] [INFO] [org.springframework.data.repository.config.RepositoryConfigurationDelegate]  - Multiple Spring Data modules found, entering strict repository configuration mode
 2025-01-08-15-29 [main] [INFO] [org.springframework.data.repository.config.RepositoryConfigurationDelegate]  - Bootstrapping Spring Data Redis repositories in DEFAULT mode.
 2025-01-08-15-29 [main] [INFO] [org.springframework.data.repository.config.RepositoryConfigurationDelegate]  - Finished Spring Data repository scanning in 21 ms. Found 0 Redis repository interfaces.
 2025-01-08-15-29 [main] [DEBUG] [org.mybatis.spring.mapper.ClassPathMapperScanner]  - Identified candidate component class: file [C:\Users\PC\Desktop\WebAC\build\classes\java\main\com\cuzz\webac\mapper\AccountDOMapper.class]
 2025-01-08-15-29 [main] [DEBUG] [org.mybatis.spring.mapper.ClassPathMapperScanner]  - Identified candidate component class: file [C:\Users\PC\Desktop\WebAC\build\classes\java\main\com\cuzz\webac\mapper\LogItemDOMapper.class]
 2025-01-08-15-29 [main] [DEBUG] [org.mybatis.spring.mapper.ClassPathMapperScanner]  - Identified candidate component class: file [C:\Users\PC\Desktop\WebAC\build\classes\java\main\com\cuzz\webac\mapper\OrderDOMapper.class]
 2025-01-08-15-29 [main] [DEBUG] [org.mybatis.spring.mapper.ClassPathMapperScanner]  - Identified candidate component class: file [C:\Users\PC\Desktop\WebAC\build\classes\java\main\com\cuzz\webac\mapper\ProductDOMapper.class]
 2025-01-08-15-29 [main] [DEBUG] [org.mybatis.spring.mapper.ClassPathMapperScanner]  - Creating MapperFactoryBean with name 'accountDOMapper' and 'com.cuzz.webac.mapper.AccountDOMapper' mapperInterface
 2025-01-08-15-29 [main] [DEBUG] [org.mybatis.spring.mapper.ClassPathMapperScanner]  - Enabling autowire by type for MapperFactoryBean with name 'accountDOMapper'.
 2025-01-08-15-29 [main] [DEBUG] [org.mybatis.spring.mapper.ClassPathMapperScanner]  - Creating MapperFactoryBean with name 'logItemDOMapper' and 'com.cuzz.webac.mapper.LogItemDOMapper' mapperInterface
 2025-01-08-15-29 [main] [DEBUG] [org.mybatis.spring.mapper.ClassPathMapperScanner]  - Enabling autowire by type for MapperFactoryBean with name 'logItemDOMapper'.
 2025-01-08-15-29 [main] [DEBUG] [org.mybatis.spring.mapper.ClassPathMapperScanner]  - Creating MapperFactoryBean with name 'orderDOMapper' and 'com.cuzz.webac.mapper.OrderDOMapper' mapperInterface
 2025-01-08-15-29 [main] [DEBUG] [org.mybatis.spring.mapper.ClassPathMapperScanner]  - Enabling autowire by type for MapperFactoryBean with name 'orderDOMapper'.
 2025-01-08-15-29 [main] [DEBUG] [org.mybatis.spring.mapper.ClassPathMapperScanner]  - Creating MapperFactoryBean with name 'productDOMapper' and 'com.cuzz.webac.mapper.ProductDOMapper' mapperInterface
 2025-01-08-15-29 [main] [DEBUG] [org.mybatis.spring.mapper.ClassPathMapperScanner]  - Enabling autowire by type for MapperFactoryBean with name 'productDOMapper'.
 2025-01-08-15-29 [main] [WARN] [org.springframework.context.support.PostProcessorRegistrationDelegate$BeanPostProcessorChecker]  - Bean 'org.apache.rocketmq.spring.autoconfigure.ListenerContainerConfiguration' of type [org.apache.rocketmq.spring.autoconfigure.ListenerContainerConfiguration$$SpringCGLIB$$0] is not eligible for getting processed by all BeanPostProcessors (for example: not eligible for auto-proxying). Is this bean getting eagerly injected into a currently created BeanPostProcessor [org.apache.rocketmq.spring.annotation.RocketMQMessageListenerBeanPostProcessor]? Check the corresponding BeanPostProcessor declaration and its dependencies.
 2025-01-08-15-29 [main] [WARN] [org.springframework.context.support.PostProcessorRegistrationDelegate$BeanPostProcessorChecker]  - Bean 'org.apache.rocketmq.spring.autoconfigure.MessageConverterConfiguration' of type [org.apache.rocketmq.spring.autoconfigure.MessageConverterConfiguration$$SpringCGLIB$$0] is not eligible for getting processed by all BeanPostProcessors (for example: not eligible for auto-proxying). Is this bean getting eagerly injected into a currently created BeanPostProcessor [org.apache.rocketmq.spring.annotation.RocketMQMessageListenerBeanPostProcessor]? Check the corresponding BeanPostProcessor declaration and its dependencies.
 2025-01-08-15-29 [main] [WARN] [org.springframework.context.support.PostProcessorRegistrationDelegate$BeanPostProcessorChecker]  - Bean 'createRocketMQMessageConverter' of type [org.apache.rocketmq.spring.support.RocketMQMessageConverter] is not eligible for getting processed by all BeanPostProcessors (for example: not eligible for auto-proxying). Is this bean getting eagerly injected into a currently created BeanPostProcessor [org.apache.rocketmq.spring.annotation.RocketMQMessageListenerBeanPostProcessor]? Check the corresponding BeanPostProcessor declaration and its dependencies.
 2025-01-08-15-29 [main] [WARN] [org.springframework.context.support.PostProcessorRegistrationDelegate$BeanPostProcessorChecker]  - Bean 'rocketmq-org.apache.rocketmq.spring.autoconfigure.RocketMQProperties' of type [org.apache.rocketmq.spring.autoconfigure.RocketMQProperties] is not eligible for getting processed by all BeanPostProcessors (for example: not eligible for auto-proxying). Is this bean getting eagerly injected into a currently created BeanPostProcessor [org.apache.rocketmq.spring.annotation.RocketMQMessageListenerBeanPostProcessor]? Check the corresponding BeanPostProcessor declaration and its dependencies.
 2025-01-08-15-29 [main] [WARN] [org.springframework.context.support.PostProcessorRegistrationDelegate$BeanPostProcessorChecker]  - Bean 'rocketMQMessageListenerContainerRegistrar' of type [org.apache.rocketmq.spring.support.RocketMQMessageListenerContainerRegistrar] is not eligible for getting processed by all BeanPostProcessors (for example: not eligible for auto-proxying). Is this bean getting eagerly injected into a currently created BeanPostProcessor [org.apache.rocketmq.spring.annotation.RocketMQMessageListenerBeanPostProcessor]? Check the corresponding BeanPostProcessor declaration and its dependencies.
 2025-01-08-15-29 [main] [INFO] [org.springframework.boot.web.embedded.tomcat.TomcatWebServer]  - Tomcat initialized with port 18089 (http)
 2025-01-08-15-29 [main] [INFO] [org.springframework.boot.web.servlet.context.ServletWebServerApplicationContext]  - Root WebApplicationContext: initialization completed in 1246 ms
 2025-01-08-15-29 [main] [INFO] [org.apache.rocketmq.spring.autoconfigure.RocketMQAutoConfiguration]  - a producer (transactional_group) init on namesrv 43.248.186.18:9876
 2025-01-08-15-29 [main] [DEBUG] [org.mybatis.spring.SqlSessionFactoryBean]  - Parsed mapper file: 'file [C:\Users\PC\Desktop\WebAC\build\resources\main\mapper\AccountDOMapper.xml]'
 2025-01-08-15-29 [main] [DEBUG] [org.mybatis.spring.SqlSessionFactoryBean]  - Parsed mapper file: 'file [C:\Users\PC\Desktop\WebAC\build\resources\main\mapper\LogItemDOMapper.xml]'
 2025-01-08-15-29 [main] [DEBUG] [org.mybatis.spring.SqlSessionFactoryBean]  - Parsed mapper file: 'file [C:\Users\PC\Desktop\WebAC\build\resources\main\mapper\OrderDOMapper.xml]'
 2025-01-08-15-29 [main] [DEBUG] [org.mybatis.spring.SqlSessionFactoryBean]  - Parsed mapper file: 'file [C:\Users\PC\Desktop\WebAC\build\resources\main\mapper\ProductDOMapper.xml]'
 2025-01-08-15-29 [main] [INFO] [org.mongodb.driver.client]  - MongoClient with metadata {"driver": {"name": "mongo-java-driver|sync", "version": "4.8.1"}, "os": {"type": "Windows", "name": "Windows 10", "architecture": "amd64", "version": "10.0"}, "platform": "Java/Oracle Corporation/17.0.1+12-LTS-39"} created with settings MongoClientSettings{readPreference=primary, writeConcern=WriteConcern{w=null, wTimeout=null ms, journal=null}, retryWrites=true, retryReads=true, readConcern=ReadConcern{level=null}, credential=null, streamFactoryFactory=null, commandListeners=[], codecRegistry=ProvidersCodecRegistry{codecProviders=[ValueCodecProvider{}, BsonValueCodecProvider{}, DBRefCodecProvider{}, DBObjectCodecProvider{}, DocumentCodecProvider{}, CollectionCodecProvider{}, IterableCodecProvider{}, MapCodecProvider{}, GeoJsonCodecProvider{}, GridFSFileCodecProvider{}, Jsr310CodecProvider{}, JsonObjectCodecProvider{}, BsonCodecProvider{}, EnumCodecProvider{}, com.mongodb.Jep395RecordCodecProvider@1ce8084a]}, clusterSettings={hosts=[localhost:27017], srvServiceName=mongodb, mode=SINGLE, requiredClusterType=UNKNOWN, requiredReplicaSetName='null', serverSelector='null', clusterListeners='[]', serverSelectionTimeout='30000 ms', localThreshold='30000 ms'}, socketSettings=SocketSettings{connectTimeoutMS=10000, readTimeoutMS=0, receiveBufferSize=0, sendBufferSize=0}, heartbeatSocketSettings=SocketSettings{connectTimeoutMS=10000, readTimeoutMS=10000, receiveBufferSize=0, sendBufferSize=0}, connectionPoolSettings=ConnectionPoolSettings{maxSize=100, minSize=0, maxWaitTimeMS=120000, maxConnectionLifeTimeMS=0, maxConnectionIdleTimeMS=0, maintenanceInitialDelayMS=0, maintenanceFrequencyMS=60000, connectionPoolListeners=[], maxConnecting=2}, serverSettings=ServerSettings{heartbeatFrequencyMS=10000, minHeartbeatFrequencyMS=500, serverListeners='[]', serverMonitorListeners='[]'}, sslSettings=SslSettings{enabled=false, invalidHostNameAllowed=false, context=null}, applicationName='null', compressorList=[], uuidRepresentation=UNSPECIFIED, serverApi=null, autoEncryptionSettings=null, contextProvider=null}
 2025-01-08-15-29 [cluster-ClusterId{value='677e29712dc723121be0a89e', description='null'}-localhost:27017] [INFO] [org.mongodb.driver.cluster]  - Monitor thread successfully connected to server with description ServerDescription{address=localhost:27017, type=STANDALONE, state=CONNECTED, ok=true, minWireVersion=0, maxWireVersion=25, maxDocumentSize=16777216, logicalSessionTimeoutMinutes=30, roundTripTimeNanos=20058200}
 2025-01-08-15-29 [main] [INFO] [com.cuzz.webac.dao.GameInfoDaImp]  - MongoDB connected and datastore initialized.
 2025-01-08-15-29 [main] [INFO] [org.mongodb.driver.client]  - MongoClient with metadata {"driver": {"name": "mongo-java-driver|sync|spring-boot", "version": "4.8.1"}, "os": {"type": "Windows", "name": "Windows 10", "architecture": "amd64", "version": "10.0"}, "platform": "Java/Oracle Corporation/17.0.1+12-LTS-39"} created with settings MongoClientSettings{readPreference=primary, writeConcern=WriteConcern{w=null, wTimeout=null ms, journal=null}, retryWrites=true, retryReads=true, readConcern=ReadConcern{level=null}, credential=null, streamFactoryFactory=null, commandListeners=[], codecRegistry=ProvidersCodecRegistry{codecProviders=[ValueCodecProvider{}, BsonValueCodecProvider{}, DBRefCodecProvider{}, DBObjectCodecProvider{}, DocumentCodecProvider{}, CollectionCodecProvider{}, IterableCodecProvider{}, MapCodecProvider{}, GeoJsonCodecProvider{}, GridFSFileCodecProvider{}, Jsr310CodecProvider{}, JsonObjectCodecProvider{}, BsonCodecProvider{}, EnumCodecProvider{}, com.mongodb.Jep395RecordCodecProvider@1ce8084a]}, clusterSettings={hosts=[localhost:27017], srvServiceName=mongodb, mode=SINGLE, requiredClusterType=UNKNOWN, requiredReplicaSetName='null', serverSelector='null', clusterListeners='[]', serverSelectionTimeout='30000 ms', localThreshold='30000 ms'}, socketSettings=SocketSettings{connectTimeoutMS=10000, readTimeoutMS=0, receiveBufferSize=0, sendBufferSize=0}, heartbeatSocketSettings=SocketSettings{connectTimeoutMS=10000, readTimeoutMS=10000, receiveBufferSize=0, sendBufferSize=0}, connectionPoolSettings=ConnectionPoolSettings{maxSize=100, minSize=0, maxWaitTimeMS=120000, maxConnectionLifeTimeMS=0, maxConnectionIdleTimeMS=0, maintenanceInitialDelayMS=0, maintenanceFrequencyMS=60000, connectionPoolListeners=[], maxConnecting=2}, serverSettings=ServerSettings{heartbeatFrequencyMS=10000, minHeartbeatFrequencyMS=500, serverListeners='[]', serverMonitorListeners='[]'}, sslSettings=SslSettings{enabled=false, invalidHostNameAllowed=false, context=null}, applicationName='null', compressorList=[], uuidRepresentation=JAVA_LEGACY, serverApi=null, autoEncryptionSettings=null, contextProvider=null}
 2025-01-08-15-29 [cluster-ClusterId{value='677e29712dc723121be0a89f', description='null'}-localhost:27017] [INFO] [org.mongodb.driver.cluster]  - Monitor thread successfully connected to server with description ServerDescription{address=localhost:27017, type=STANDALONE, state=CONNECTED, ok=true, minWireVersion=0, maxWireVersion=25, maxDocumentSize=16777216, logicalSessionTimeoutMinutes=30, roundTripTimeNanos=1308300}
 2025-01-08-15-29 [main] [INFO] [org.springframework.boot.web.embedded.tomcat.TomcatWebServer]  - Tomcat started on port 18089 (http) with context path '/'
 2025-01-08-15-29 [main] [INFO] [com.cuzz.webac.WebAcApplication]  - Started WebAcApplication in 4.96 seconds (process running for 5.738)
 2025-01-08-15-30 [http-nio-18089-exec-1] [INFO] [org.springframework.web.servlet.DispatcherServlet]  - Initializing Servlet 'dispatcherServlet'
 2025-01-08-15-30 [http-nio-18089-exec-1] [INFO] [org.springframework.web.servlet.DispatcherServlet]  - Completed initialization in 0 ms
 2025-01-08-15-33 [http-nio-18089-exec-2] [DEBUG] [org.mybatis.spring.SqlSessionUtils]  - Creating a new SqlSession
 2025-01-08-15-33 [http-nio-18089-exec-2] [DEBUG] [org.mybatis.spring.SqlSessionUtils]  - SqlSession [org.apache.ibatis.session.defaults.DefaultSqlSession@5ce22b31] was not registered for synchronization because synchronization is not active
 2025-01-08-15-33 [http-nio-18089-exec-2] [INFO] [com.zaxxer.hikari.HikariDataSource]  - HikariPool-1 - Starting...
 2025-01-08-15-33 [http-nio-18089-exec-2] [INFO] [com.zaxxer.hikari.pool.HikariPool]  - HikariPool-1 - Added connection com.mysql.cj.jdbc.ConnectionImpl@159daa93
 2025-01-08-15-33 [http-nio-18089-exec-2] [INFO] [com.zaxxer.hikari.HikariDataSource]  - HikariPool-1 - Start completed.
 2025-01-08-15-33 [http-nio-18089-exec-2] [DEBUG] [org.mybatis.spring.transaction.SpringManagedTransaction]  - JDBC Connection [HikariProxyConnection@1495542871 wrapping com.mysql.cj.jdbc.ConnectionImpl@159daa93] will not be managed by Spring
 2025-01-08-15-33 [http-nio-18089-exec-2] [DEBUG] [org.mybatis.spring.SqlSessionUtils]  - Closing non transactional SqlSession [org.apache.ibatis.session.defaults.DefaultSqlSession@5ce22b31]
 2025-01-08-15-39 [SpringApplicationShutdownHook] [INFO] [com.zaxxer.hikari.HikariDataSource]  - HikariPool-1 - Shutdown initiated...
 2025-01-08-15-44 [background-preinit] [INFO] [org.hibernate.validator.internal.util.Version]  - HV000001: Hibernate Validator 8.0.1.Final
 2025-01-08-15-44 [main] [INFO] [com.cuzz.webac.WebAcApplication]  - Starting WebAcApplication using Java 17.0.1 with PID 41668 (C:\Users\PC\Desktop\WebAC\build\classes\java\main started by PC in C:\Users\PC\Desktop\WebAC)
 2025-01-08-15-44 [main] [INFO] [com.cuzz.webac.WebAcApplication]  - No active profile set, falling back to 1 default profile: "default"
 2025-01-08-15-44 [main] [INFO] [org.springframework.data.repository.config.RepositoryConfigurationDelegate]  - Multiple Spring Data modules found, entering strict repository configuration mode
 2025-01-08-15-44 [main] [INFO] [org.springframework.data.repository.config.RepositoryConfigurationDelegate]  - Bootstrapping Spring Data Redis repositories in DEFAULT mode.
 2025-01-08-15-44 [main] [INFO] [org.springframework.data.repository.config.RepositoryConfigurationDelegate]  - Finished Spring Data repository scanning in 25 ms. Found 0 Redis repository interfaces.
 2025-01-08-15-44 [main] [DEBUG] [org.mybatis.spring.mapper.ClassPathMapperScanner]  - Identified candidate component class: file [C:\Users\PC\Desktop\WebAC\build\classes\java\main\com\cuzz\webac\mapper\AccountDOMapper.class]
 2025-01-08-15-44 [main] [DEBUG] [org.mybatis.spring.mapper.ClassPathMapperScanner]  - Identified candidate component class: file [C:\Users\PC\Desktop\WebAC\build\classes\java\main\com\cuzz\webac\mapper\LogItemDOMapper.class]
 2025-01-08-15-44 [main] [DEBUG] [org.mybatis.spring.mapper.ClassPathMapperScanner]  - Identified candidate component class: file [C:\Users\PC\Desktop\WebAC\build\classes\java\main\com\cuzz\webac\mapper\OrderDOMapper.class]
 2025-01-08-15-44 [main] [DEBUG] [org.mybatis.spring.mapper.ClassPathMapperScanner]  - Identified candidate component class: file [C:\Users\PC\Desktop\WebAC\build\classes\java\main\com\cuzz\webac\mapper\ProductDOMapper.class]
 2025-01-08-15-44 [main] [DEBUG] [org.mybatis.spring.mapper.ClassPathMapperScanner]  - Creating MapperFactoryBean with name 'accountDOMapper' and 'com.cuzz.webac.mapper.AccountDOMapper' mapperInterface
 2025-01-08-15-44 [main] [DEBUG] [org.mybatis.spring.mapper.ClassPathMapperScanner]  - Enabling autowire by type for MapperFactoryBean with name 'accountDOMapper'.
 2025-01-08-15-44 [main] [DEBUG] [org.mybatis.spring.mapper.ClassPathMapperScanner]  - Creating MapperFactoryBean with name 'logItemDOMapper' and 'com.cuzz.webac.mapper.LogItemDOMapper' mapperInterface
 2025-01-08-15-44 [main] [DEBUG] [org.mybatis.spring.mapper.ClassPathMapperScanner]  - Enabling autowire by type for MapperFactoryBean with name 'logItemDOMapper'.
 2025-01-08-15-44 [main] [DEBUG] [org.mybatis.spring.mapper.ClassPathMapperScanner]  - Creating MapperFactoryBean with name 'orderDOMapper' and 'com.cuzz.webac.mapper.OrderDOMapper' mapperInterface
 2025-01-08-15-44 [main] [DEBUG] [org.mybatis.spring.mapper.ClassPathMapperScanner]  - Enabling autowire by type for MapperFactoryBean with name 'orderDOMapper'.
 2025-01-08-15-44 [main] [DEBUG] [org.mybatis.spring.mapper.ClassPathMapperScanner]  - Creating MapperFactoryBean with name 'productDOMapper' and 'com.cuzz.webac.mapper.ProductDOMapper' mapperInterface
 2025-01-08-15-44 [main] [DEBUG] [org.mybatis.spring.mapper.ClassPathMapperScanner]  - Enabling autowire by type for MapperFactoryBean with name 'productDOMapper'.
 2025-01-08-15-44 [main] [WARN] [org.springframework.context.support.PostProcessorRegistrationDelegate$BeanPostProcessorChecker]  - Bean 'org.apache.rocketmq.spring.autoconfigure.ListenerContainerConfiguration' of type [org.apache.rocketmq.spring.autoconfigure.ListenerContainerConfiguration$$SpringCGLIB$$0] is not eligible for getting processed by all BeanPostProcessors (for example: not eligible for auto-proxying). Is this bean getting eagerly injected into a currently created BeanPostProcessor [org.apache.rocketmq.spring.annotation.RocketMQMessageListenerBeanPostProcessor]? Check the corresponding BeanPostProcessor declaration and its dependencies.
 2025-01-08-15-44 [main] [WARN] [org.springframework.context.support.PostProcessorRegistrationDelegate$BeanPostProcessorChecker]  - Bean 'org.apache.rocketmq.spring.autoconfigure.MessageConverterConfiguration' of type [org.apache.rocketmq.spring.autoconfigure.MessageConverterConfiguration$$SpringCGLIB$$0] is not eligible for getting processed by all BeanPostProcessors (for example: not eligible for auto-proxying). Is this bean getting eagerly injected into a currently created BeanPostProcessor [org.apache.rocketmq.spring.annotation.RocketMQMessageListenerBeanPostProcessor]? Check the corresponding BeanPostProcessor declaration and its dependencies.
 2025-01-08-15-44 [main] [WARN] [org.springframework.context.support.PostProcessorRegistrationDelegate$BeanPostProcessorChecker]  - Bean 'createRocketMQMessageConverter' of type [org.apache.rocketmq.spring.support.RocketMQMessageConverter] is not eligible for getting processed by all BeanPostProcessors (for example: not eligible for auto-proxying). Is this bean getting eagerly injected into a currently created BeanPostProcessor [org.apache.rocketmq.spring.annotation.RocketMQMessageListenerBeanPostProcessor]? Check the corresponding BeanPostProcessor declaration and its dependencies.
 2025-01-08-15-44 [main] [WARN] [org.springframework.context.support.PostProcessorRegistrationDelegate$BeanPostProcessorChecker]  - Bean 'rocketmq-org.apache.rocketmq.spring.autoconfigure.RocketMQProperties' of type [org.apache.rocketmq.spring.autoconfigure.RocketMQProperties] is not eligible for getting processed by all BeanPostProcessors (for example: not eligible for auto-proxying). Is this bean getting eagerly injected into a currently created BeanPostProcessor [org.apache.rocketmq.spring.annotation.RocketMQMessageListenerBeanPostProcessor]? Check the corresponding BeanPostProcessor declaration and its dependencies.
 2025-01-08-15-44 [main] [WARN] [org.springframework.context.support.PostProcessorRegistrationDelegate$BeanPostProcessorChecker]  - Bean 'rocketMQMessageListenerContainerRegistrar' of type [org.apache.rocketmq.spring.support.RocketMQMessageListenerContainerRegistrar] is not eligible for getting processed by all BeanPostProcessors (for example: not eligible for auto-proxying). Is this bean getting eagerly injected into a currently created BeanPostProcessor [org.apache.rocketmq.spring.annotation.RocketMQMessageListenerBeanPostProcessor]? Check the corresponding BeanPostProcessor declaration and its dependencies.
 2025-01-08-15-44 [main] [INFO] [org.springframework.boot.web.embedded.tomcat.TomcatWebServer]  - Tomcat initialized with port 18089 (http)
 2025-01-08-15-44 [main] [INFO] [org.springframework.boot.web.servlet.context.ServletWebServerApplicationContext]  - Root WebApplicationContext: initialization completed in 1346 ms
 2025-01-08-15-44 [main] [INFO] [org.apache.rocketmq.spring.autoconfigure.RocketMQAutoConfiguration]  - a producer (transactional_group) init on namesrv 43.248.186.18:9876
 2025-01-08-15-44 [main] [DEBUG] [org.mybatis.spring.SqlSessionFactoryBean]  - Parsed mapper file: 'file [C:\Users\PC\Desktop\WebAC\build\resources\main\mapper\AccountDOMapper.xml]'
 2025-01-08-15-44 [main] [DEBUG] [org.mybatis.spring.SqlSessionFactoryBean]  - Parsed mapper file: 'file [C:\Users\PC\Desktop\WebAC\build\resources\main\mapper\LogItemDOMapper.xml]'
 2025-01-08-15-44 [main] [DEBUG] [org.mybatis.spring.SqlSessionFactoryBean]  - Parsed mapper file: 'file [C:\Users\PC\Desktop\WebAC\build\resources\main\mapper\OrderDOMapper.xml]'
 2025-01-08-15-44 [main] [DEBUG] [org.mybatis.spring.SqlSessionFactoryBean]  - Parsed mapper file: 'file [C:\Users\PC\Desktop\WebAC\build\resources\main\mapper\ProductDOMapper.xml]'
 2025-01-08-15-44 [main] [INFO] [org.mongodb.driver.client]  - MongoClient with metadata {"driver": {"name": "mongo-java-driver|sync", "version": "4.8.1"}, "os": {"type": "Windows", "name": "Windows 10", "architecture": "amd64", "version": "10.0"}, "platform": "Java/Oracle Corporation/17.0.1+12-LTS-39"} created with settings MongoClientSettings{readPreference=primary, writeConcern=WriteConcern{w=null, wTimeout=null ms, journal=null}, retryWrites=true, retryReads=true, readConcern=ReadConcern{level=null}, credential=null, streamFactoryFactory=null, commandListeners=[], codecRegistry=ProvidersCodecRegistry{codecProviders=[ValueCodecProvider{}, BsonValueCodecProvider{}, DBRefCodecProvider{}, DBObjectCodecProvider{}, DocumentCodecProvider{}, CollectionCodecProvider{}, IterableCodecProvider{}, MapCodecProvider{}, GeoJsonCodecProvider{}, GridFSFileCodecProvider{}, Jsr310CodecProvider{}, JsonObjectCodecProvider{}, BsonCodecProvider{}, EnumCodecProvider{}, com.mongodb.Jep395RecordCodecProvider@61d24347]}, clusterSettings={hosts=[localhost:27017], srvServiceName=mongodb, mode=SINGLE, requiredClusterType=UNKNOWN, requiredReplicaSetName='null', serverSelector='null', clusterListeners='[]', serverSelectionTimeout='30000 ms', localThreshold='30000 ms'}, socketSettings=SocketSettings{connectTimeoutMS=10000, readTimeoutMS=0, receiveBufferSize=0, sendBufferSize=0}, heartbeatSocketSettings=SocketSettings{connectTimeoutMS=10000, readTimeoutMS=10000, receiveBufferSize=0, sendBufferSize=0}, connectionPoolSettings=ConnectionPoolSettings{maxSize=100, minSize=0, maxWaitTimeMS=120000, maxConnectionLifeTimeMS=0, maxConnectionIdleTimeMS=0, maintenanceInitialDelayMS=0, maintenanceFrequencyMS=60000, connectionPoolListeners=[], maxConnecting=2}, serverSettings=ServerSettings{heartbeatFrequencyMS=10000, minHeartbeatFrequencyMS=500, serverListeners='[]', serverMonitorListeners='[]'}, sslSettings=SslSettings{enabled=false, invalidHostNameAllowed=false, context=null}, applicationName='null', compressorList=[], uuidRepresentation=UNSPECIFIED, serverApi=null, autoEncryptionSettings=null, contextProvider=null}
 2025-01-08-15-44 [cluster-ClusterId{value='677e2cee08b0f56616eb1e79', description='null'}-localhost:27017] [INFO] [org.mongodb.driver.cluster]  - Monitor thread successfully connected to server with description ServerDescription{address=localhost:27017, type=STANDALONE, state=CONNECTED, ok=true, minWireVersion=0, maxWireVersion=25, maxDocumentSize=16777216, logicalSessionTimeoutMinutes=30, roundTripTimeNanos=21898900}
 2025-01-08-15-44 [main] [INFO] [com.cuzz.webac.dao.GameInfoDaImp]  - MongoDB connected and datastore initialized.
 2025-01-08-15-44 [main] [INFO] [org.mongodb.driver.client]  - MongoClient with metadata {"driver": {"name": "mongo-java-driver|sync|spring-boot", "version": "4.8.1"}, "os": {"type": "Windows", "name": "Windows 10", "architecture": "amd64", "version": "10.0"}, "platform": "Java/Oracle Corporation/17.0.1+12-LTS-39"} created with settings MongoClientSettings{readPreference=primary, writeConcern=WriteConcern{w=null, wTimeout=null ms, journal=null}, retryWrites=true, retryReads=true, readConcern=ReadConcern{level=null}, credential=null, streamFactoryFactory=null, commandListeners=[], codecRegistry=ProvidersCodecRegistry{codecProviders=[ValueCodecProvider{}, BsonValueCodecProvider{}, DBRefCodecProvider{}, DBObjectCodecProvider{}, DocumentCodecProvider{}, CollectionCodecProvider{}, IterableCodecProvider{}, MapCodecProvider{}, GeoJsonCodecProvider{}, GridFSFileCodecProvider{}, Jsr310CodecProvider{}, JsonObjectCodecProvider{}, BsonCodecProvider{}, EnumCodecProvider{}, com.mongodb.Jep395RecordCodecProvider@61d24347]}, clusterSettings={hosts=[localhost:27017], srvServiceName=mongodb, mode=SINGLE, requiredClusterType=UNKNOWN, requiredReplicaSetName='null', serverSelector='null', clusterListeners='[]', serverSelectionTimeout='30000 ms', localThreshold='30000 ms'}, socketSettings=SocketSettings{connectTimeoutMS=10000, readTimeoutMS=0, receiveBufferSize=0, sendBufferSize=0}, heartbeatSocketSettings=SocketSettings{connectTimeoutMS=10000, readTimeoutMS=10000, receiveBufferSize=0, sendBufferSize=0}, connectionPoolSettings=ConnectionPoolSettings{maxSize=100, minSize=0, maxWaitTimeMS=120000, maxConnectionLifeTimeMS=0, maxConnectionIdleTimeMS=0, maintenanceInitialDelayMS=0, maintenanceFrequencyMS=60000, connectionPoolListeners=[], maxConnecting=2}, serverSettings=ServerSettings{heartbeatFrequencyMS=10000, minHeartbeatFrequencyMS=500, serverListeners='[]', serverMonitorListeners='[]'}, sslSettings=SslSettings{enabled=false, invalidHostNameAllowed=false, context=null}, applicationName='null', compressorList=[], uuidRepresentation=JAVA_LEGACY, serverApi=null, autoEncryptionSettings=null, contextProvider=null}
 2025-01-08-15-44 [cluster-ClusterId{value='677e2cee08b0f56616eb1e7a', description='null'}-localhost:27017] [INFO] [org.mongodb.driver.cluster]  - Monitor thread successfully connected to server with description ServerDescription{address=localhost:27017, type=STANDALONE, state=CONNECTED, ok=true, minWireVersion=0, maxWireVersion=25, maxDocumentSize=16777216, logicalSessionTimeoutMinutes=30, roundTripTimeNanos=1214600}
 2025-01-08-15-44 [main] [INFO] [org.springframework.boot.web.embedded.tomcat.TomcatWebServer]  - Tomcat started on port 18089 (http) with context path '/'
 2025-01-08-15-44 [main] [INFO] [com.cuzz.webac.WebAcApplication]  - Started WebAcApplication in 5.169 seconds (process running for 6.009)
 2025-01-08-15-44 [http-nio-18089-exec-1] [INFO] [org.springframework.web.servlet.DispatcherServlet]  - Initializing Servlet 'dispatcherServlet'
 2025-01-08-15-44 [http-nio-18089-exec-1] [INFO] [org.springframework.web.servlet.DispatcherServlet]  - Completed initialization in 1 ms
 2025-01-08-15-44 [http-nio-18089-exec-2] [DEBUG] [org.mybatis.spring.SqlSessionUtils]  - Creating a new SqlSession
 2025-01-08-15-44 [http-nio-18089-exec-2] [DEBUG] [org.mybatis.spring.SqlSessionUtils]  - SqlSession [org.apache.ibatis.session.defaults.DefaultSqlSession@43e4fb01] was not registered for synchronization because synchronization is not active
 2025-01-08-15-44 [http-nio-18089-exec-2] [INFO] [com.zaxxer.hikari.HikariDataSource]  - HikariPool-1 - Starting...
 2025-01-08-15-44 [http-nio-18089-exec-2] [INFO] [com.zaxxer.hikari.pool.HikariPool]  - HikariPool-1 - Added connection com.mysql.cj.jdbc.ConnectionImpl@504f09d2
 2025-01-08-15-44 [http-nio-18089-exec-2] [INFO] [com.zaxxer.hikari.HikariDataSource]  - HikariPool-1 - Start completed.
 2025-01-08-15-44 [http-nio-18089-exec-2] [DEBUG] [org.mybatis.spring.transaction.SpringManagedTransaction]  - JDBC Connection [HikariProxyConnection@1256020212 wrapping com.mysql.cj.jdbc.ConnectionImpl@504f09d2] will not be managed by Spring
 2025-01-08-15-44 [http-nio-18089-exec-2] [DEBUG] [org.mybatis.spring.SqlSessionUtils]  - Closing non transactional SqlSession [org.apache.ibatis.session.defaults.DefaultSqlSession@43e4fb01]
 2025-01-08-15-45 [SpringApplicationShutdownHook] [INFO] [com.zaxxer.hikari.HikariDataSource]  - HikariPool-1 - Shutdown initiated...
 2025-01-08-15-45 [SpringApplicationShutdownHook] [INFO] [com.zaxxer.hikari.HikariDataSource]  - HikariPool-1 - Shutdown completed.
 2025-01-08-15-59 [background-preinit] [INFO] [org.hibernate.validator.internal.util.Version]  - HV000001: Hibernate Validator 8.0.1.Final
 2025-01-08-15-59 [main] [INFO] [com.cuzz.webac.WebAcApplication]  - Starting WebAcApplication using Java 17.0.1 with PID 40456 (C:\Users\PC\Desktop\WebAC\build\classes\java\main started by PC in C:\Users\PC\Desktop\WebAC)
 2025-01-08-15-59 [main] [INFO] [com.cuzz.webac.WebAcApplication]  - No active profile set, falling back to 1 default profile: "default"
 2025-01-08-15-59 [main] [INFO] [org.springframework.data.repository.config.RepositoryConfigurationDelegate]  - Multiple Spring Data modules found, entering strict repository configuration mode
 2025-01-08-15-59 [main] [INFO] [org.springframework.data.repository.config.RepositoryConfigurationDelegate]  - Bootstrapping Spring Data Redis repositories in DEFAULT mode.
 2025-01-08-15-59 [main] [INFO] [org.springframework.data.repository.config.RepositoryConfigurationDelegate]  - Finished Spring Data repository scanning in 28 ms. Found 0 Redis repository interfaces.
 2025-01-08-15-59 [main] [DEBUG] [org.mybatis.spring.mapper.ClassPathMapperScanner]  - Identified candidate component class: file [C:\Users\PC\Desktop\WebAC\build\classes\java\main\com\cuzz\webac\mapper\AccountDOMapper.class]
 2025-01-08-15-59 [main] [DEBUG] [org.mybatis.spring.mapper.ClassPathMapperScanner]  - Identified candidate component class: file [C:\Users\PC\Desktop\WebAC\build\classes\java\main\com\cuzz\webac\mapper\LogItemDOMapper.class]
 2025-01-08-15-59 [main] [DEBUG] [org.mybatis.spring.mapper.ClassPathMapperScanner]  - Identified candidate component class: file [C:\Users\PC\Desktop\WebAC\build\classes\java\main\com\cuzz\webac\mapper\OrderDOMapper.class]
 2025-01-08-15-59 [main] [DEBUG] [org.mybatis.spring.mapper.ClassPathMapperScanner]  - Identified candidate component class: file [C:\Users\PC\Desktop\WebAC\build\classes\java\main\com\cuzz\webac\mapper\ProductDOMapper.class]
 2025-01-08-15-59 [main] [DEBUG] [org.mybatis.spring.mapper.ClassPathMapperScanner]  - Creating MapperFactoryBean with name 'accountDOMapper' and 'com.cuzz.webac.mapper.AccountDOMapper' mapperInterface
 2025-01-08-15-59 [main] [DEBUG] [org.mybatis.spring.mapper.ClassPathMapperScanner]  - Enabling autowire by type for MapperFactoryBean with name 'accountDOMapper'.
 2025-01-08-15-59 [main] [DEBUG] [org.mybatis.spring.mapper.ClassPathMapperScanner]  - Creating MapperFactoryBean with name 'logItemDOMapper' and 'com.cuzz.webac.mapper.LogItemDOMapper' mapperInterface
 2025-01-08-15-59 [main] [DEBUG] [org.mybatis.spring.mapper.ClassPathMapperScanner]  - Enabling autowire by type for MapperFactoryBean with name 'logItemDOMapper'.
 2025-01-08-15-59 [main] [DEBUG] [org.mybatis.spring.mapper.ClassPathMapperScanner]  - Creating MapperFactoryBean with name 'orderDOMapper' and 'com.cuzz.webac.mapper.OrderDOMapper' mapperInterface
 2025-01-08-15-59 [main] [DEBUG] [org.mybatis.spring.mapper.ClassPathMapperScanner]  - Enabling autowire by type for MapperFactoryBean with name 'orderDOMapper'.
 2025-01-08-15-59 [main] [DEBUG] [org.mybatis.spring.mapper.ClassPathMapperScanner]  - Creating MapperFactoryBean with name 'productDOMapper' and 'com.cuzz.webac.mapper.ProductDOMapper' mapperInterface
 2025-01-08-15-59 [main] [DEBUG] [org.mybatis.spring.mapper.ClassPathMapperScanner]  - Enabling autowire by type for MapperFactoryBean with name 'productDOMapper'.
 2025-01-08-15-59 [main] [WARN] [org.springframework.context.support.PostProcessorRegistrationDelegate$BeanPostProcessorChecker]  - Bean 'org.apache.rocketmq.spring.autoconfigure.ListenerContainerConfiguration' of type [org.apache.rocketmq.spring.autoconfigure.ListenerContainerConfiguration$$SpringCGLIB$$0] is not eligible for getting processed by all BeanPostProcessors (for example: not eligible for auto-proxying). Is this bean getting eagerly injected into a currently created BeanPostProcessor [org.apache.rocketmq.spring.annotation.RocketMQMessageListenerBeanPostProcessor]? Check the corresponding BeanPostProcessor declaration and its dependencies.
 2025-01-08-15-59 [main] [WARN] [org.springframework.context.support.PostProcessorRegistrationDelegate$BeanPostProcessorChecker]  - Bean 'org.apache.rocketmq.spring.autoconfigure.MessageConverterConfiguration' of type [org.apache.rocketmq.spring.autoconfigure.MessageConverterConfiguration$$SpringCGLIB$$0] is not eligible for getting processed by all BeanPostProcessors (for example: not eligible for auto-proxying). Is this bean getting eagerly injected into a currently created BeanPostProcessor [org.apache.rocketmq.spring.annotation.RocketMQMessageListenerBeanPostProcessor]? Check the corresponding BeanPostProcessor declaration and its dependencies.
 2025-01-08-15-59 [main] [WARN] [org.springframework.context.support.PostProcessorRegistrationDelegate$BeanPostProcessorChecker]  - Bean 'createRocketMQMessageConverter' of type [org.apache.rocketmq.spring.support.RocketMQMessageConverter] is not eligible for getting processed by all BeanPostProcessors (for example: not eligible for auto-proxying). Is this bean getting eagerly injected into a currently created BeanPostProcessor [org.apache.rocketmq.spring.annotation.RocketMQMessageListenerBeanPostProcessor]? Check the corresponding BeanPostProcessor declaration and its dependencies.
 2025-01-08-15-59 [main] [WARN] [org.springframework.context.support.PostProcessorRegistrationDelegate$BeanPostProcessorChecker]  - Bean 'rocketmq-org.apache.rocketmq.spring.autoconfigure.RocketMQProperties' of type [org.apache.rocketmq.spring.autoconfigure.RocketMQProperties] is not eligible for getting processed by all BeanPostProcessors (for example: not eligible for auto-proxying). Is this bean getting eagerly injected into a currently created BeanPostProcessor [org.apache.rocketmq.spring.annotation.RocketMQMessageListenerBeanPostProcessor]? Check the corresponding BeanPostProcessor declaration and its dependencies.
 2025-01-08-15-59 [main] [WARN] [org.springframework.context.support.PostProcessorRegistrationDelegate$BeanPostProcessorChecker]  - Bean 'rocketMQMessageListenerContainerRegistrar' of type [org.apache.rocketmq.spring.support.RocketMQMessageListenerContainerRegistrar] is not eligible for getting processed by all BeanPostProcessors (for example: not eligible for auto-proxying). Is this bean getting eagerly injected into a currently created BeanPostProcessor [org.apache.rocketmq.spring.annotation.RocketMQMessageListenerBeanPostProcessor]? Check the corresponding BeanPostProcessor declaration and its dependencies.
 2025-01-08-15-59 [main] [INFO] [org.springframework.boot.web.embedded.tomcat.TomcatWebServer]  - Tomcat initialized with port 18089 (http)
 2025-01-08-15-59 [main] [INFO] [org.springframework.boot.web.servlet.context.ServletWebServerApplicationContext]  - Root WebApplicationContext: initialization completed in 1769 ms
 2025-01-08-15-59 [main] [INFO] [org.apache.rocketmq.spring.autoconfigure.RocketMQAutoConfiguration]  - a producer (transactional_group) init on namesrv 43.248.186.18:9876
 2025-01-08-15-59 [main] [DEBUG] [org.mybatis.spring.SqlSessionFactoryBean]  - Parsed mapper file: 'file [C:\Users\PC\Desktop\WebAC\build\resources\main\mapper\AccountDOMapper.xml]'
 2025-01-08-15-59 [main] [DEBUG] [org.mybatis.spring.SqlSessionFactoryBean]  - Parsed mapper file: 'file [C:\Users\PC\Desktop\WebAC\build\resources\main\mapper\LogItemDOMapper.xml]'
 2025-01-08-15-59 [main] [DEBUG] [org.mybatis.spring.SqlSessionFactoryBean]  - Parsed mapper file: 'file [C:\Users\PC\Desktop\WebAC\build\resources\main\mapper\OrderDOMapper.xml]'
 2025-01-08-15-59 [main] [DEBUG] [org.mybatis.spring.SqlSessionFactoryBean]  - Parsed mapper file: 'file [C:\Users\PC\Desktop\WebAC\build\resources\main\mapper\ProductDOMapper.xml]'
 2025-01-08-15-59 [main] [INFO] [org.mongodb.driver.client]  - MongoClient with metadata {"driver": {"name": "mongo-java-driver|sync", "version": "4.8.1"}, "os": {"type": "Windows", "name": "Windows 10", "architecture": "amd64", "version": "10.0"}, "platform": "Java/Oracle Corporation/17.0.1+12-LTS-39"} created with settings MongoClientSettings{readPreference=primary, writeConcern=WriteConcern{w=null, wTimeout=null ms, journal=null}, retryWrites=true, retryReads=true, readConcern=ReadConcern{level=null}, credential=null, streamFactoryFactory=null, commandListeners=[], codecRegistry=ProvidersCodecRegistry{codecProviders=[ValueCodecProvider{}, BsonValueCodecProvider{}, DBRefCodecProvider{}, DBObjectCodecProvider{}, DocumentCodecProvider{}, CollectionCodecProvider{}, IterableCodecProvider{}, MapCodecProvider{}, GeoJsonCodecProvider{}, GridFSFileCodecProvider{}, Jsr310CodecProvider{}, JsonObjectCodecProvider{}, BsonCodecProvider{}, EnumCodecProvider{}, com.mongodb.Jep395RecordCodecProvider@4e826fd4]}, clusterSettings={hosts=[localhost:27017], srvServiceName=mongodb, mode=SINGLE, requiredClusterType=UNKNOWN, requiredReplicaSetName='null', serverSelector='null', clusterListeners='[]', serverSelectionTimeout='30000 ms', localThreshold='30000 ms'}, socketSettings=SocketSettings{connectTimeoutMS=10000, readTimeoutMS=0, receiveBufferSize=0, sendBufferSize=0}, heartbeatSocketSettings=SocketSettings{connectTimeoutMS=10000, readTimeoutMS=10000, receiveBufferSize=0, sendBufferSize=0}, connectionPoolSettings=ConnectionPoolSettings{maxSize=100, minSize=0, maxWaitTimeMS=120000, maxConnectionLifeTimeMS=0, maxConnectionIdleTimeMS=0, maintenanceInitialDelayMS=0, maintenanceFrequencyMS=60000, connectionPoolListeners=[], maxConnecting=2}, serverSettings=ServerSettings{heartbeatFrequencyMS=10000, minHeartbeatFrequencyMS=500, serverListeners='[]', serverMonitorListeners='[]'}, sslSettings=SslSettings{enabled=false, invalidHostNameAllowed=false, context=null}, applicationName='null', compressorList=[], uuidRepresentation=UNSPECIFIED, serverApi=null, autoEncryptionSettings=null, contextProvider=null}
 2025-01-08-15-59 [cluster-ClusterId{value='677e306f20ac851b2af0d506', description='null'}-localhost:27017] [INFO] [org.mongodb.driver.cluster]  - Monitor thread successfully connected to server with description ServerDescription{address=localhost:27017, type=STANDALONE, state=CONNECTED, ok=true, minWireVersion=0, maxWireVersion=25, maxDocumentSize=16777216, logicalSessionTimeoutMinutes=30, roundTripTimeNanos=23750400}
 2025-01-08-15-59 [main] [INFO] [com.cuzz.webac.dao.GameInfoDaImp]  - MongoDB connected and datastore initialized.
 2025-01-08-15-59 [main] [INFO] [org.mongodb.driver.client]  - MongoClient with metadata {"driver": {"name": "mongo-java-driver|sync|spring-boot", "version": "4.8.1"}, "os": {"type": "Windows", "name": "Windows 10", "architecture": "amd64", "version": "10.0"}, "platform": "Java/Oracle Corporation/17.0.1+12-LTS-39"} created with settings MongoClientSettings{readPreference=primary, writeConcern=WriteConcern{w=null, wTimeout=null ms, journal=null}, retryWrites=true, retryReads=true, readConcern=ReadConcern{level=null}, credential=null, streamFactoryFactory=null, commandListeners=[], codecRegistry=ProvidersCodecRegistry{codecProviders=[ValueCodecProvider{}, BsonValueCodecProvider{}, DBRefCodecProvider{}, DBObjectCodecProvider{}, DocumentCodecProvider{}, CollectionCodecProvider{}, IterableCodecProvider{}, MapCodecProvider{}, GeoJsonCodecProvider{}, GridFSFileCodecProvider{}, Jsr310CodecProvider{}, JsonObjectCodecProvider{}, BsonCodecProvider{}, EnumCodecProvider{}, com.mongodb.Jep395RecordCodecProvider@4e826fd4]}, clusterSettings={hosts=[localhost:27017], srvServiceName=mongodb, mode=SINGLE, requiredClusterType=UNKNOWN, requiredReplicaSetName='null', serverSelector='null', clusterListeners='[]', serverSelectionTimeout='30000 ms', localThreshold='30000 ms'}, socketSettings=SocketSettings{connectTimeoutMS=10000, readTimeoutMS=0, receiveBufferSize=0, sendBufferSize=0}, heartbeatSocketSettings=SocketSettings{connectTimeoutMS=10000, readTimeoutMS=10000, receiveBufferSize=0, sendBufferSize=0}, connectionPoolSettings=ConnectionPoolSettings{maxSize=100, minSize=0, maxWaitTimeMS=120000, maxConnectionLifeTimeMS=0, maxConnectionIdleTimeMS=0, maintenanceInitialDelayMS=0, maintenanceFrequencyMS=60000, connectionPoolListeners=[], maxConnecting=2}, serverSettings=ServerSettings{heartbeatFrequencyMS=10000, minHeartbeatFrequencyMS=500, serverListeners='[]', serverMonitorListeners='[]'}, sslSettings=SslSettings{enabled=false, invalidHostNameAllowed=false, context=null}, applicationName='null', compressorList=[], uuidRepresentation=JAVA_LEGACY, serverApi=null, autoEncryptionSettings=null, contextProvider=null}
 2025-01-08-15-59 [cluster-ClusterId{value='677e306f20ac851b2af0d507', description='null'}-localhost:27017] [INFO] [org.mongodb.driver.cluster]  - Monitor thread successfully connected to server with description ServerDescription{address=localhost:27017, type=STANDALONE, state=CONNECTED, ok=true, minWireVersion=0, maxWireVersion=25, maxDocumentSize=16777216, logicalSessionTimeoutMinutes=30, roundTripTimeNanos=1524300}
 2025-01-08-15-59 [main] [INFO] [org.springframework.boot.web.embedded.tomcat.TomcatWebServer]  - Tomcat started on port 18089 (http) with context path '/'
 2025-01-08-15-59 [main] [INFO] [com.cuzz.webac.WebAcApplication]  - Started WebAcApplication in 6.503 seconds (process running for 7.446)
 2025-01-08-16-03 [http-nio-18089-exec-1] [INFO] [org.springframework.web.servlet.DispatcherServlet]  - Initializing Servlet 'dispatcherServlet'
 2025-01-08-16-03 [http-nio-18089-exec-1] [INFO] [org.springframework.web.servlet.DispatcherServlet]  - Completed initialization in 1 ms
 2025-01-08-16-03 [http-nio-18089-exec-1] [DEBUG] [org.mybatis.spring.SqlSessionUtils]  - Creating a new SqlSession
 2025-01-08-16-03 [http-nio-18089-exec-1] [DEBUG] [org.mybatis.spring.SqlSessionUtils]  - SqlSession [org.apache.ibatis.session.defaults.DefaultSqlSession@4f59f77d] was not registered for synchronization because synchronization is not active
 2025-01-08-16-03 [http-nio-18089-exec-1] [INFO] [com.zaxxer.hikari.HikariDataSource]  - HikariPool-1 - Starting...
 2025-01-08-16-03 [http-nio-18089-exec-1] [INFO] [com.zaxxer.hikari.pool.HikariPool]  - HikariPool-1 - Added connection com.mysql.cj.jdbc.ConnectionImpl@19cf0ed6
 2025-01-08-16-03 [http-nio-18089-exec-1] [INFO] [com.zaxxer.hikari.HikariDataSource]  - HikariPool-1 - Start completed.
 2025-01-08-16-03 [http-nio-18089-exec-1] [DEBUG] [org.mybatis.spring.transaction.SpringManagedTransaction]  - JDBC Connection [HikariProxyConnection@1934360362 wrapping com.mysql.cj.jdbc.ConnectionImpl@19cf0ed6] will not be managed by Spring
 2025-01-08-16-03 [http-nio-18089-exec-1] [DEBUG] [org.mybatis.spring.SqlSessionUtils]  - Closing non transactional SqlSession [org.apache.ibatis.session.defaults.DefaultSqlSession@4f59f77d]
 2025-01-08-16-05 [http-nio-18089-exec-3] [DEBUG] [org.mybatis.spring.SqlSessionUtils]  - Creating a new SqlSession
 2025-01-08-16-05 [http-nio-18089-exec-3] [DEBUG] [org.mybatis.spring.SqlSessionUtils]  - SqlSession [org.apache.ibatis.session.defaults.DefaultSqlSession@7dad5238] was not registered for synchronization because synchronization is not active
 2025-01-08-16-05 [http-nio-18089-exec-3] [DEBUG] [org.mybatis.spring.transaction.SpringManagedTransaction]  - JDBC Connection [HikariProxyConnection@1936372733 wrapping com.mysql.cj.jdbc.ConnectionImpl@19cf0ed6] will not be managed by Spring
 2025-01-08-16-05 [http-nio-18089-exec-3] [DEBUG] [org.mybatis.spring.SqlSessionUtils]  - Closing non transactional SqlSession [org.apache.ibatis.session.defaults.DefaultSqlSession@7dad5238]
 2025-01-08-16-10 [http-nio-18089-exec-5] [DEBUG] [org.mybatis.spring.SqlSessionUtils]  - Creating a new SqlSession
 2025-01-08-16-10 [http-nio-18089-exec-5] [DEBUG] [org.mybatis.spring.SqlSessionUtils]  - SqlSession [org.apache.ibatis.session.defaults.DefaultSqlSession@dfaf7e8] was not registered for synchronization because synchronization is not active
 2025-01-08-16-11 [http-nio-18089-exec-5] [WARN] [com.zaxxer.hikari.pool.PoolBase]  - HikariPool-1 - Failed to validate connection com.mysql.cj.jdbc.ConnectionImpl@19cf0ed6 (No operations allowed after connection closed.). Possibly consider using a shorter maxLifetime value.
 2025-01-08-16-11 [http-nio-18089-exec-6] [DEBUG] [org.mybatis.spring.SqlSessionUtils]  - Creating a new SqlSession
 2025-01-08-16-11 [http-nio-18089-exec-6] [DEBUG] [org.mybatis.spring.SqlSessionUtils]  - SqlSession [org.apache.ibatis.session.defaults.DefaultSqlSession@30aee5ac] was not registered for synchronization because synchronization is not active
 2025-01-08-16-11 [http-nio-18089-exec-5] [WARN] [com.zaxxer.hikari.pool.PoolBase]  - HikariPool-1 - Failed to validate connection com.mysql.cj.jdbc.ConnectionImpl@7be331b8 (No operations allowed after connection closed.). Possibly consider using a shorter maxLifetime value.
 2025-01-08-16-11 [http-nio-18089-exec-6] [WARN] [com.zaxxer.hikari.pool.PoolBase]  - HikariPool-1 - Failed to validate connection com.mysql.cj.jdbc.ConnectionImpl@3e690dc9 (No operations allowed after connection closed.). Possibly consider using a shorter maxLifetime value.
 2025-01-08-16-11 [http-nio-18089-exec-5] [WARN] [com.zaxxer.hikari.pool.PoolBase]  - HikariPool-1 - Failed to validate connection com.mysql.cj.jdbc.ConnectionImpl@618626d (No operations allowed after connection closed.). Possibly consider using a shorter maxLifetime value.
 2025-01-08-16-11 [http-nio-18089-exec-5] [DEBUG] [org.mybatis.spring.SqlSessionUtils]  - Closing non transactional SqlSession [org.apache.ibatis.session.defaults.DefaultSqlSession@dfaf7e8]
 2025-01-08-16-11 [http-nio-18089-exec-6] [WARN] [com.zaxxer.hikari.pool.PoolBase]  - HikariPool-1 - Failed to validate connection com.mysql.cj.jdbc.ConnectionImpl@7f5407f2 (No operations allowed after connection closed.). Possibly consider using a shorter maxLifetime value.
 2025-01-08-16-11 [http-nio-18089-exec-6] [DEBUG] [org.mybatis.spring.transaction.SpringManagedTransaction]  - JDBC Connection [HikariProxyConnection@1315003327 wrapping com.mysql.cj.jdbc.ConnectionImpl@40cf0cc1] will not be managed by Spring
 2025-01-08-16-11 [http-nio-18089-exec-6] [DEBUG] [org.mybatis.spring.SqlSessionUtils]  - Closing non transactional SqlSession [org.apache.ibatis.session.defaults.DefaultSqlSession@30aee5ac]
 2025-01-08-16-11 [SpringApplicationShutdownHook] [INFO] [com.zaxxer.hikari.HikariDataSource]  - HikariPool-1 - Shutdown initiated...
 2025-01-08-16-11 [SpringApplicationShutdownHook] [INFO] [com.zaxxer.hikari.HikariDataSource]  - HikariPool-1 - Shutdown completed.
 2025-01-08-16-16 [background-preinit] [INFO] [org.hibernate.validator.internal.util.Version]  - HV000001: Hibernate Validator 8.0.1.Final
 2025-01-08-16-16 [main] [INFO] [com.cuzz.webac.WebAcApplication]  - Starting WebAcApplication using Java 17.0.1 with PID 42772 (C:\Users\PC\Desktop\WebAC\build\classes\java\main started by PC in C:\Users\PC\Desktop\WebAC)
 2025-01-08-16-16 [main] [INFO] [com.cuzz.webac.WebAcApplication]  - No active profile set, falling back to 1 default profile: "default"
 2025-01-08-16-16 [main] [INFO] [org.springframework.data.repository.config.RepositoryConfigurationDelegate]  - Multiple Spring Data modules found, entering strict repository configuration mode
 2025-01-08-16-16 [main] [INFO] [org.springframework.data.repository.config.RepositoryConfigurationDelegate]  - Bootstrapping Spring Data Redis repositories in DEFAULT mode.
 2025-01-08-16-16 [main] [INFO] [org.springframework.data.repository.config.RepositoryConfigurationDelegate]  - Finished Spring Data repository scanning in 24 ms. Found 0 Redis repository interfaces.
 2025-01-08-16-16 [main] [DEBUG] [org.mybatis.spring.mapper.ClassPathMapperScanner]  - Identified candidate component class: file [C:\Users\PC\Desktop\WebAC\build\classes\java\main\com\cuzz\webac\mapper\AccountDOMapper.class]
 2025-01-08-16-16 [main] [DEBUG] [org.mybatis.spring.mapper.ClassPathMapperScanner]  - Identified candidate component class: file [C:\Users\PC\Desktop\WebAC\build\classes\java\main\com\cuzz\webac\mapper\LogItemDOMapper.class]
 2025-01-08-16-16 [main] [DEBUG] [org.mybatis.spring.mapper.ClassPathMapperScanner]  - Identified candidate component class: file [C:\Users\PC\Desktop\WebAC\build\classes\java\main\com\cuzz\webac\mapper\OrderDOMapper.class]
 2025-01-08-16-16 [main] [DEBUG] [org.mybatis.spring.mapper.ClassPathMapperScanner]  - Identified candidate component class: file [C:\Users\PC\Desktop\WebAC\build\classes\java\main\com\cuzz\webac\mapper\ProductDOMapper.class]
 2025-01-08-16-16 [main] [DEBUG] [org.mybatis.spring.mapper.ClassPathMapperScanner]  - Creating MapperFactoryBean with name 'accountDOMapper' and 'com.cuzz.webac.mapper.AccountDOMapper' mapperInterface
 2025-01-08-16-16 [main] [DEBUG] [org.mybatis.spring.mapper.ClassPathMapperScanner]  - Enabling autowire by type for MapperFactoryBean with name 'accountDOMapper'.
 2025-01-08-16-16 [main] [DEBUG] [org.mybatis.spring.mapper.ClassPathMapperScanner]  - Creating MapperFactoryBean with name 'logItemDOMapper' and 'com.cuzz.webac.mapper.LogItemDOMapper' mapperInterface
 2025-01-08-16-16 [main] [DEBUG] [org.mybatis.spring.mapper.ClassPathMapperScanner]  - Enabling autowire by type for MapperFactoryBean with name 'logItemDOMapper'.
 2025-01-08-16-16 [main] [DEBUG] [org.mybatis.spring.mapper.ClassPathMapperScanner]  - Creating MapperFactoryBean with name 'orderDOMapper' and 'com.cuzz.webac.mapper.OrderDOMapper' mapperInterface
 2025-01-08-16-16 [main] [DEBUG] [org.mybatis.spring.mapper.ClassPathMapperScanner]  - Enabling autowire by type for MapperFactoryBean with name 'orderDOMapper'.
 2025-01-08-16-16 [main] [DEBUG] [org.mybatis.spring.mapper.ClassPathMapperScanner]  - Creating MapperFactoryBean with name 'productDOMapper' and 'com.cuzz.webac.mapper.ProductDOMapper' mapperInterface
 2025-01-08-16-16 [main] [DEBUG] [org.mybatis.spring.mapper.ClassPathMapperScanner]  - Enabling autowire by type for MapperFactoryBean with name 'productDOMapper'.
 2025-01-08-16-16 [main] [WARN] [org.springframework.context.support.PostProcessorRegistrationDelegate$BeanPostProcessorChecker]  - Bean 'org.apache.rocketmq.spring.autoconfigure.ListenerContainerConfiguration' of type [org.apache.rocketmq.spring.autoconfigure.ListenerContainerConfiguration$$SpringCGLIB$$0] is not eligible for getting processed by all BeanPostProcessors (for example: not eligible for auto-proxying). Is this bean getting eagerly injected into a currently created BeanPostProcessor [org.apache.rocketmq.spring.annotation.RocketMQMessageListenerBeanPostProcessor]? Check the corresponding BeanPostProcessor declaration and its dependencies.
 2025-01-08-16-16 [main] [WARN] [org.springframework.context.support.PostProcessorRegistrationDelegate$BeanPostProcessorChecker]  - Bean 'org.apache.rocketmq.spring.autoconfigure.MessageConverterConfiguration' of type [org.apache.rocketmq.spring.autoconfigure.MessageConverterConfiguration$$SpringCGLIB$$0] is not eligible for getting processed by all BeanPostProcessors (for example: not eligible for auto-proxying). Is this bean getting eagerly injected into a currently created BeanPostProcessor [org.apache.rocketmq.spring.annotation.RocketMQMessageListenerBeanPostProcessor]? Check the corresponding BeanPostProcessor declaration and its dependencies.
 2025-01-08-16-16 [main] [WARN] [org.springframework.context.support.PostProcessorRegistrationDelegate$BeanPostProcessorChecker]  - Bean 'createRocketMQMessageConverter' of type [org.apache.rocketmq.spring.support.RocketMQMessageConverter] is not eligible for getting processed by all BeanPostProcessors (for example: not eligible for auto-proxying). Is this bean getting eagerly injected into a currently created BeanPostProcessor [org.apache.rocketmq.spring.annotation.RocketMQMessageListenerBeanPostProcessor]? Check the corresponding BeanPostProcessor declaration and its dependencies.
 2025-01-08-16-16 [main] [WARN] [org.springframework.context.support.PostProcessorRegistrationDelegate$BeanPostProcessorChecker]  - Bean 'rocketmq-org.apache.rocketmq.spring.autoconfigure.RocketMQProperties' of type [org.apache.rocketmq.spring.autoconfigure.RocketMQProperties] is not eligible for getting processed by all BeanPostProcessors (for example: not eligible for auto-proxying). Is this bean getting eagerly injected into a currently created BeanPostProcessor [org.apache.rocketmq.spring.annotation.RocketMQMessageListenerBeanPostProcessor]? Check the corresponding BeanPostProcessor declaration and its dependencies.
 2025-01-08-16-16 [main] [WARN] [org.springframework.context.support.PostProcessorRegistrationDelegate$BeanPostProcessorChecker]  - Bean 'rocketMQMessageListenerContainerRegistrar' of type [org.apache.rocketmq.spring.support.RocketMQMessageListenerContainerRegistrar] is not eligible for getting processed by all BeanPostProcessors (for example: not eligible for auto-proxying). Is this bean getting eagerly injected into a currently created BeanPostProcessor [org.apache.rocketmq.spring.annotation.RocketMQMessageListenerBeanPostProcessor]? Check the corresponding BeanPostProcessor declaration and its dependencies.
 2025-01-08-16-16 [main] [INFO] [org.springframework.boot.web.embedded.tomcat.TomcatWebServer]  - Tomcat initialized with port 18089 (http)
 2025-01-08-16-16 [main] [INFO] [org.springframework.boot.web.servlet.context.ServletWebServerApplicationContext]  - Root WebApplicationContext: initialization completed in 1448 ms
 2025-01-08-16-16 [main] [INFO] [org.apache.rocketmq.spring.autoconfigure.RocketMQAutoConfiguration]  - a producer (transactional_group) init on namesrv 43.248.186.18:9876
 2025-01-08-16-16 [main] [DEBUG] [org.mybatis.spring.SqlSessionFactoryBean]  - Parsed mapper file: 'file [C:\Users\PC\Desktop\WebAC\build\resources\main\mapper\AccountDOMapper.xml]'
 2025-01-08-16-16 [main] [DEBUG] [org.mybatis.spring.SqlSessionFactoryBean]  - Parsed mapper file: 'file [C:\Users\PC\Desktop\WebAC\build\resources\main\mapper\LogItemDOMapper.xml]'
 2025-01-08-16-16 [main] [DEBUG] [org.mybatis.spring.SqlSessionFactoryBean]  - Parsed mapper file: 'file [C:\Users\PC\Desktop\WebAC\build\resources\main\mapper\OrderDOMapper.xml]'
 2025-01-08-16-16 [main] [DEBUG] [org.mybatis.spring.SqlSessionFactoryBean]  - Parsed mapper file: 'file [C:\Users\PC\Desktop\WebAC\build\resources\main\mapper\ProductDOMapper.xml]'
 2025-01-08-16-16 [main] [INFO] [org.mongodb.driver.client]  - MongoClient with metadata {"driver": {"name": "mongo-java-driver|sync", "version": "4.8.1"}, "os": {"type": "Windows", "name": "Windows 10", "architecture": "amd64", "version": "10.0"}, "platform": "Java/Oracle Corporation/17.0.1+12-LTS-39"} created with settings MongoClientSettings{readPreference=primary, writeConcern=WriteConcern{w=null, wTimeout=null ms, journal=null}, retryWrites=true, retryReads=true, readConcern=ReadConcern{level=null}, credential=null, streamFactoryFactory=null, commandListeners=[], codecRegistry=ProvidersCodecRegistry{codecProviders=[ValueCodecProvider{}, BsonValueCodecProvider{}, DBRefCodecProvider{}, DBObjectCodecProvider{}, DocumentCodecProvider{}, CollectionCodecProvider{}, IterableCodecProvider{}, MapCodecProvider{}, GeoJsonCodecProvider{}, GridFSFileCodecProvider{}, Jsr310CodecProvider{}, JsonObjectCodecProvider{}, BsonCodecProvider{}, EnumCodecProvider{}, com.mongodb.Jep395RecordCodecProvider@347f8029]}, clusterSettings={hosts=[localhost:27017], srvServiceName=mongodb, mode=SINGLE, requiredClusterType=UNKNOWN, requiredReplicaSetName='null', serverSelector='null', clusterListeners='[]', serverSelectionTimeout='30000 ms', localThreshold='30000 ms'}, socketSettings=SocketSettings{connectTimeoutMS=10000, readTimeoutMS=0, receiveBufferSize=0, sendBufferSize=0}, heartbeatSocketSettings=SocketSettings{connectTimeoutMS=10000, readTimeoutMS=10000, receiveBufferSize=0, sendBufferSize=0}, connectionPoolSettings=ConnectionPoolSettings{maxSize=100, minSize=0, maxWaitTimeMS=120000, maxConnectionLifeTimeMS=0, maxConnectionIdleTimeMS=0, maintenanceInitialDelayMS=0, maintenanceFrequencyMS=60000, connectionPoolListeners=[], maxConnecting=2}, serverSettings=ServerSettings{heartbeatFrequencyMS=10000, minHeartbeatFrequencyMS=500, serverListeners='[]', serverMonitorListeners='[]'}, sslSettings=SslSettings{enabled=false, invalidHostNameAllowed=false, context=null}, applicationName='null', compressorList=[], uuidRepresentation=UNSPECIFIED, serverApi=null, autoEncryptionSettings=null, contextProvider=null}
 2025-01-08-16-16 [cluster-ClusterId{value='677e345f84d6d51948a97bb1', description='null'}-localhost:27017] [INFO] [org.mongodb.driver.cluster]  - Monitor thread successfully connected to server with description ServerDescription{address=localhost:27017, type=STANDALONE, state=CONNECTED, ok=true, minWireVersion=0, maxWireVersion=25, maxDocumentSize=16777216, logicalSessionTimeoutMinutes=30, roundTripTimeNanos=19088300}
 2025-01-08-16-16 [main] [INFO] [com.cuzz.webac.dao.GameInfoDaImp]  - MongoDB connected and datastore initialized.
 2025-01-08-16-16 [main] [INFO] [org.mongodb.driver.client]  - MongoClient with metadata {"driver": {"name": "mongo-java-driver|sync|spring-boot", "version": "4.8.1"}, "os": {"type": "Windows", "name": "Windows 10", "architecture": "amd64", "version": "10.0"}, "platform": "Java/Oracle Corporation/17.0.1+12-LTS-39"} created with settings MongoClientSettings{readPreference=primary, writeConcern=WriteConcern{w=null, wTimeout=null ms, journal=null}, retryWrites=true, retryReads=true, readConcern=ReadConcern{level=null}, credential=null, streamFactoryFactory=null, commandListeners=[], codecRegistry=ProvidersCodecRegistry{codecProviders=[ValueCodecProvider{}, BsonValueCodecProvider{}, DBRefCodecProvider{}, DBObjectCodecProvider{}, DocumentCodecProvider{}, CollectionCodecProvider{}, IterableCodecProvider{}, MapCodecProvider{}, GeoJsonCodecProvider{}, GridFSFileCodecProvider{}, Jsr310CodecProvider{}, JsonObjectCodecProvider{}, BsonCodecProvider{}, EnumCodecProvider{}, com.mongodb.Jep395RecordCodecProvider@347f8029]}, clusterSettings={hosts=[localhost:27017], srvServiceName=mongodb, mode=SINGLE, requiredClusterType=UNKNOWN, requiredReplicaSetName='null', serverSelector='null', clusterListeners='[]', serverSelectionTimeout='30000 ms', localThreshold='30000 ms'}, socketSettings=SocketSettings{connectTimeoutMS=10000, readTimeoutMS=0, receiveBufferSize=0, sendBufferSize=0}, heartbeatSocketSettings=SocketSettings{connectTimeoutMS=10000, readTimeoutMS=10000, receiveBufferSize=0, sendBufferSize=0}, connectionPoolSettings=ConnectionPoolSettings{maxSize=100, minSize=0, maxWaitTimeMS=120000, maxConnectionLifeTimeMS=0, maxConnectionIdleTimeMS=0, maintenanceInitialDelayMS=0, maintenanceFrequencyMS=60000, connectionPoolListeners=[], maxConnecting=2}, serverSettings=ServerSettings{heartbeatFrequencyMS=10000, minHeartbeatFrequencyMS=500, serverListeners='[]', serverMonitorListeners='[]'}, sslSettings=SslSettings{enabled=false, invalidHostNameAllowed=false, context=null}, applicationName='null', compressorList=[], uuidRepresentation=JAVA_LEGACY, serverApi=null, autoEncryptionSettings=null, contextProvider=null}
 2025-01-08-16-16 [cluster-ClusterId{value='677e346084d6d51948a97bb2', description='null'}-localhost:27017] [INFO] [org.mongodb.driver.cluster]  - Monitor thread successfully connected to server with description ServerDescription{address=localhost:27017, type=STANDALONE, state=CONNECTED, ok=true, minWireVersion=0, maxWireVersion=25, maxDocumentSize=16777216, logicalSessionTimeoutMinutes=30, roundTripTimeNanos=1980200}
 2025-01-08-16-16 [main] [INFO] [org.springframework.boot.web.embedded.tomcat.TomcatWebServer]  - Tomcat started on port 18089 (http) with context path '/'
 2025-01-08-16-16 [main] [INFO] [com.cuzz.webac.WebAcApplication]  - Started WebAcApplication in 5.785 seconds (process running for 6.693)
 2025-01-08-16-36 [http-nio-18089-exec-1] [INFO] [org.springframework.web.servlet.DispatcherServlet]  - Initializing Servlet 'dispatcherServlet'
 2025-01-08-16-36 [http-nio-18089-exec-1] [INFO] [org.springframework.web.servlet.DispatcherServlet]  - Completed initialization in 1 ms
 2025-01-08-16-36 [http-nio-18089-exec-1] [DEBUG] [org.mybatis.spring.SqlSessionUtils]  - Creating a new SqlSession
 2025-01-08-16-36 [http-nio-18089-exec-1] [DEBUG] [org.mybatis.spring.SqlSessionUtils]  - SqlSession [org.apache.ibatis.session.defaults.DefaultSqlSession@4f59f77d] was not registered for synchronization because synchronization is not active
 2025-01-08-16-36 [http-nio-18089-exec-1] [INFO] [com.zaxxer.hikari.HikariDataSource]  - HikariPool-1 - Starting...
 2025-01-08-16-36 [http-nio-18089-exec-1] [INFO] [com.zaxxer.hikari.pool.HikariPool]  - HikariPool-1 - Added connection com.mysql.cj.jdbc.ConnectionImpl@73fc9b1b
 2025-01-08-16-36 [http-nio-18089-exec-1] [INFO] [com.zaxxer.hikari.HikariDataSource]  - HikariPool-1 - Start completed.
 2025-01-08-16-36 [http-nio-18089-exec-1] [DEBUG] [org.mybatis.spring.transaction.SpringManagedTransaction]  - JDBC Connection [HikariProxyConnection@2102173755 wrapping com.mysql.cj.jdbc.ConnectionImpl@73fc9b1b] will not be managed by Spring
 2025-01-08-16-36 [http-nio-18089-exec-1] [DEBUG] [org.mybatis.spring.SqlSessionUtils]  - Closing non transactional SqlSession [org.apache.ibatis.session.defaults.DefaultSqlSession@4f59f77d]
 2025-01-08-16-36 [http-nio-18089-exec-2] [DEBUG] [org.mybatis.spring.SqlSessionUtils]  - Creating a new SqlSession
 2025-01-08-16-36 [http-nio-18089-exec-2] [DEBUG] [org.mybatis.spring.SqlSessionUtils]  - SqlSession [org.apache.ibatis.session.defaults.DefaultSqlSession@e619489] was not registered for synchronization because synchronization is not active
 2025-01-08-16-36 [http-nio-18089-exec-2] [DEBUG] [org.mybatis.spring.transaction.SpringManagedTransaction]  - JDBC Connection [HikariProxyConnection@10906421 wrapping com.mysql.cj.jdbc.ConnectionImpl@73fc9b1b] will not be managed by Spring
 2025-01-08-16-36 [http-nio-18089-exec-2] [DEBUG] [org.mybatis.spring.SqlSessionUtils]  - Closing non transactional SqlSession [org.apache.ibatis.session.defaults.DefaultSqlSession@e619489]
 2025-01-08-16-36 [http-nio-18089-exec-7] [DEBUG] [org.mybatis.spring.SqlSessionUtils]  - Creating a new SqlSession
 2025-01-08-16-36 [http-nio-18089-exec-7] [DEBUG] [org.mybatis.spring.SqlSessionUtils]  - SqlSession [org.apache.ibatis.session.defaults.DefaultSqlSession@61924d9a] was not registered for synchronization because synchronization is not active
 2025-01-08-16-36 [http-nio-18089-exec-7] [DEBUG] [org.mybatis.spring.transaction.SpringManagedTransaction]  - JDBC Connection [HikariProxyConnection@1867886552 wrapping com.mysql.cj.jdbc.ConnectionImpl@73fc9b1b] will not be managed by Spring
 2025-01-08-16-36 [http-nio-18089-exec-7] [DEBUG] [org.mybatis.spring.SqlSessionUtils]  - Closing non transactional SqlSession [org.apache.ibatis.session.defaults.DefaultSqlSession@61924d9a]
 2025-01-08-16-36 [http-nio-18089-exec-6] [DEBUG] [org.mybatis.spring.SqlSessionUtils]  - Creating a new SqlSession
 2025-01-08-16-36 [http-nio-18089-exec-6] [DEBUG] [org.mybatis.spring.SqlSessionUtils]  - SqlSession [org.apache.ibatis.session.defaults.DefaultSqlSession@30aee5ac] was not registered for synchronization because synchronization is not active
 2025-01-08-16-36 [http-nio-18089-exec-6] [DEBUG] [org.mybatis.spring.transaction.SpringManagedTransaction]  - JDBC Connection [HikariProxyConnection@1047072201 wrapping com.mysql.cj.jdbc.ConnectionImpl@73fc9b1b] will not be managed by Spring
 2025-01-08-16-36 [http-nio-18089-exec-6] [DEBUG] [org.mybatis.spring.SqlSessionUtils]  - Closing non transactional SqlSession [org.apache.ibatis.session.defaults.DefaultSqlSession@30aee5ac]
 2025-01-08-17-16 [auto-certificate-service-daemon-1] [INFO] [com.wechat.pay.java.core.certificate.AutoCertificateService]  - Begin update Certificates. total updates: 0
 2025-01-08-17-16 [auto-certificate-service-daemon-1] [INFO] [com.wechat.pay.java.core.certificate.AutoCertificateService]  - update wechatpay certificate 1645631772-RSA done
 2025-01-08-18-16 [auto-certificate-service-daemon-1] [INFO] [com.wechat.pay.java.core.certificate.AutoCertificateService]  - Begin update Certificates. total updates: 1
 2025-01-08-18-16 [auto-certificate-service-daemon-1] [INFO] [com.wechat.pay.java.core.certificate.AutoCertificateService]  - update wechatpay certificate 1645631772-RSA done
 2025-01-08-19-16 [auto-certificate-service-daemon-1] [INFO] [com.wechat.pay.java.core.certificate.AutoCertificateService]  - Begin update Certificates. total updates: 2
 2025-01-08-19-16 [auto-certificate-service-daemon-1] [INFO] [com.wechat.pay.java.core.certificate.AutoCertificateService]  - update wechatpay certificate 1645631772-RSA done
 2025-01-08-20-16 [auto-certificate-service-daemon-1] [INFO] [com.wechat.pay.java.core.certificate.AutoCertificateService]  - Begin update Certificates. total updates: 3
 2025-01-08-20-16 [auto-certificate-service-daemon-1] [INFO] [com.wechat.pay.java.core.certificate.AutoCertificateService]  - update wechatpay certificate 1645631772-RSA done
 2025-01-08-21-16 [auto-certificate-service-daemon-1] [INFO] [com.wechat.pay.java.core.certificate.AutoCertificateService]  - Begin update Certificates. total updates: 4
 2025-01-08-21-16 [auto-certificate-service-daemon-1] [INFO] [com.wechat.pay.java.core.certificate.AutoCertificateService]  - update wechatpay certificate 1645631772-RSA done
 2025-01-08-22-16 [auto-certificate-service-daemon-1] [INFO] [com.wechat.pay.java.core.certificate.AutoCertificateService]  - Begin update Certificates. total updates: 5
 2025-01-08-22-16 [auto-certificate-service-daemon-1] [INFO] [com.wechat.pay.java.core.certificate.AutoCertificateService]  - update wechatpay certificate 1645631772-RSA done
 2025-01-08-23-16 [auto-certificate-service-daemon-1] [INFO] [com.wechat.pay.java.core.certificate.AutoCertificateService]  - Begin update Certificates. total updates: 6
 2025-01-08-23-16 [auto-certificate-service-daemon-1] [INFO] [com.wechat.pay.java.core.certificate.AutoCertificateService]  - update wechatpay certificate 1645631772-RSA done
 